<?xml version="1.0" encoding="UTF-8"?>
<testsuites name="Item Creation Bespoke" time="25" tests="2" failures="1" errors="0">
   <testsuite name="Item Creation Bespoke" tests="2" failures="1" errors="0" time="25" timestamp="2019-05-22 15:26:00" hostname="Arcadier - Arcadier-PC" id="Test Suites/Suites/Item Creation Bespoke">
      <properties>
         <property name="deviceName" value=""/>
         <property name="devicePlatform" value=""/>
         <property name="logFolder" value="C:\\Users\\Arcadier\\git\\Arctick\\Reports\\Suites\\Item Creation Bespoke\\20190522_152558"/>
         <property name="logFiles" value="C:\\Users\\Arcadier\\git\\Arctick\\Reports\\Suites\\Item Creation Bespoke\\20190522_152558\\execution0.log"/>
         <property name="attachments" value="C:\\Users\\Arcadier\\git\\Arctick\\Reports\\Suites\\Item Creation Bespoke\\20190522_152558\\1558509968672.png"/>
         <property name="hostName" value="Arcadier - Arcadier-PC"/>
         <property name="os" value="Windows 7 64bit"/>
         <property name="katalonVersion" value="5.4.2.1"/>
         <property name="browser" value="Chrome 74.0.3729.157"/>
         <property name="hostAddress" value="10.10.31.95"/>
         <property name="sessionId" value="f6a4469510cb20b69b8f54badfc14d5c"/>
         <property name="seleniumVersion" value="3.7.1"/>
         <property name="proxyInformation" value="ProxyInformation{proxyOption=NO_PROXY, proxyServerType=HTTP, password=, proxyServerAddress=, proxyServerPort=0}"/>
         <property name="platform" value="Windows 7"/>
      </properties>
      <testcase name="Test Cases/Utilities/MERCHANT/Merchant Login" classname="Test Cases/Utilities/MERCHANT/Merchant Login" status="FAILED">
         <failure type="FAILED" message="com.kms.katalon.core.webui.exception.WebElementNotFoundException: Web element with id: 'Object Repository/Utilities/Login Seller/Accept Cookies/a_Accept Cookies' located by 'By.xpath: id(&quot;fixntf_popup_cookies_btm_fixmsg&quot;)/div[@class=&quot;fixntf-rsec&quot;]/a[@class=&quot;fixntf-btn&quot;][count(. | //*[(text() = 'Accept Cookies' or . = 'Accept Cookies')]) = count(//*[(text() = 'Accept Cookies' or . = 'Accept Cookies')])]' not found"/>
         <system-out><![CDATA[2019-05-22 15:26:00 - [TEST_CASE][FAILED] - Test Cases/Utilities/MERCHANT/Merchant Login: Test Cases/Utilities/MERCHANT/Merchant Login FAILED because (of) com.kms.katalon.core.webui.exception.WebElementNotFoundException: Web element with id: 'Object Repository/Utilities/Login Seller/Accept Cookies/a_Accept Cookies' located by 'By.xpath: id("fixntf_popup_cookies_btm_fixmsg")/div[@class="fixntf-rsec"]/a[@class="fixntf-btn"][count(. | //*[(text() = 'Accept Cookies' or . = 'Accept Cookies')]) = count(//*[(text() = 'Accept Cookies' or . = 'Accept Cookies')])]' not found

2019-05-22 15:26:01 - [TEST_STEP][PASSED] - openBrowser: Browser is opened with url: ''

2019-05-22 15:26:02 - [MESSAGE][PASSED] - Browser is opened with url: ''

2019-05-22 15:26:02 - [TEST_STEP][PASSED] - maximizeWindow: Current window maximized

2019-05-22 15:26:02 - [MESSAGE][PASSED] - Current window maximized

2019-05-22 15:26:02 - [TEST_STEP][PASSED] - navigateToUrl: Navigate to 'http://0522bespoke1.test.arcadier.io/' successfully

2019-05-22 15:26:05 - [MESSAGE][PASSED] - Navigate to 'http://0522bespoke1.test.arcadier.io/' successfully

2019-05-22 15:26:05 - [TEST_STEP][PASSED] - waitForElementVisible: Object 'Object Repository/CONSUMER/Homepage/a_BE A SELLER' is visible

2019-05-22 15:26:05 - [MESSAGE][WARNING] - Timeout '0' is invalid. Using default page load timeout: '30'

2019-05-22 15:26:05 - [MESSAGE][PASSED] - Object 'Object Repository/CONSUMER/Homepage/a_BE A SELLER' is visible

2019-05-22 15:26:05 - [TEST_STEP][FAILED] - Statement - If (com.kms.katalon.core.webui.keyword.WebUiBuiltInKeywords.verifyElementPresent(com.kms.katalon.core.testobject.ObjectRepository.findTestObject(Utilities/Login Seller/Accept Cookies/a_Accept Cookies), 3) == true): com.kms.katalon.core.webui.exception.WebElementNotFoundException: Web element with id: 'Object Repository/Utilities/Login Seller/Accept Cookies/a_Accept Cookies' located by 'By.xpath: id("fixntf_popup_cookies_btm_fixmsg")/div[@class="fixntf-rsec"]/a[@class="fixntf-btn"][count(. | //*[(text() = 'Accept Cookies' or . = 'Accept Cookies')]) = count(//*[(text() = 'Accept Cookies' or . = 'Accept Cookies')])]' not found

2019-05-22 15:26:10 - [MESSAGE][FAILED] - com.kms.katalon.core.webui.exception.WebElementNotFoundException: Web element with id: 'Object Repository/Utilities/Login Seller/Accept Cookies/a_Accept Cookies' located by 'By.xpath: id("fixntf_popup_cookies_btm_fixmsg")/div[@class="fixntf-rsec"]/a[@class="fixntf-btn"][count(. | //*[(text() = 'Accept Cookies' or . = 'Accept Cookies')]) = count(//*[(text() = 'Accept Cookies' or . = 'Accept Cookies')])]' not found
[[ATTACHMENT|C:\\Users\\Arcadier\\git\\Arctick\\Reports\\Suites\\Item Creation Bespoke\\20190522_152558\\1558509968672.png]]

2019-05-22 15:26:10 - [TEST_STEP][PASSED] - Statement - Else: Object 'Object Repository/CONSUMER/Homepage/a_BE A SELLER' is present

2019-05-22 15:26:10 - [TEST_STEP][PASSED] - verifyElementPresent: Object 'Object Repository/CONSUMER/Homepage/a_BE A SELLER' is present

2019-05-22 15:26:10 - [MESSAGE][WARNING] - Timeout '0' is invalid. Using default page load timeout: '30'

2019-05-22 15:26:10 - [MESSAGE][PASSED] - Object 'Object Repository/CONSUMER/Homepage/a_BE A SELLER' is present

2019-05-22 15:26:10 - [TEST_STEP][PASSED] - click: Object: 'Object Repository/CONSUMER/Homepage/a_BE A SELLER' is clicked on

2019-05-22 15:26:11 - [MESSAGE][PASSED] - Object: 'Object Repository/CONSUMER/Homepage/a_BE A SELLER' is clicked on

2019-05-22 15:26:11 - [TEST_STEP][PASSED] - Statement - If (MerchantAccountType == "custom"): Object: 'Object Repository/CONSUMER/Login Buyer/a_Sign In' is clicked on

2019-05-22 15:26:11 - [TEST_STEP][PASSED] - waitForElementVisible: Object 'Object Repository/CONSUMER/Login Buyer/input_username' is visible

2019-05-22 15:26:11 - [MESSAGE][WARNING] - Timeout '0' is invalid. Using default page load timeout: '30'

2019-05-22 15:26:11 - [MESSAGE][PASSED] - Object 'Object Repository/CONSUMER/Login Buyer/input_username' is visible

2019-05-22 15:26:11 - [TEST_STEP][PASSED] - setText: Text 'custommerchant1' is set on object 'Object Repository/CONSUMER/Login Buyer/input_username'

2019-05-22 15:26:11 - [MESSAGE][PASSED] - Text 'custommerchant1' is set on object 'Object Repository/CONSUMER/Login Buyer/input_username'

2019-05-22 15:26:11 - [TEST_STEP][PASSED] - setText: Text 'welcome8' is set on object 'Object Repository/CONSUMER/Login Buyer/input_password'

2019-05-22 15:26:11 - [MESSAGE][PASSED] - Text 'welcome8' is set on object 'Object Repository/CONSUMER/Login Buyer/input_password'

2019-05-22 15:26:11 - [TEST_STEP][PASSED] - click: Object: 'Object Repository/CONSUMER/Login Buyer/a_Sign In' is clicked on

2019-05-22 15:26:15 - [MESSAGE][PASSED] - Object: 'Object Repository/CONSUMER/Login Buyer/a_Sign In' is clicked on

2019-05-22 15:26:15 - [TEST_STEP][PASSED] - waitForElementVisible: Object 'Object Repository/MERCHANT/Bespoke/Dashboard/textlabel_DASHBOARD' is visible

2019-05-22 15:26:15 - [MESSAGE][WARNING] - Timeout '0' is invalid. Using default page load timeout: '30'

2019-05-22 15:26:16 - [MESSAGE][PASSED] - Object 'Object Repository/MERCHANT/Bespoke/Dashboard/textlabel_DASHBOARD' is visible]]></system-out>
         <system-err><![CDATA[2019-05-22 15:26:00 - [TEST_CASE][FAILED] - Test Cases/Utilities/MERCHANT/Merchant Login: Test Cases/Utilities/MERCHANT/Merchant Login FAILED because (of) com.kms.katalon.core.webui.exception.WebElementNotFoundException: Web element with id: 'Object Repository/Utilities/Login Seller/Accept Cookies/a_Accept Cookies' located by 'By.xpath: id("fixntf_popup_cookies_btm_fixmsg")/div[@class="fixntf-rsec"]/a[@class="fixntf-btn"][count(. | //*[(text() = 'Accept Cookies' or . = 'Accept Cookies')]) = count(//*[(text() = 'Accept Cookies' or . = 'Accept Cookies')])]' not found]]></system-err>
      </testcase>
      <testcase name="Test Cases/MERCHANT/BESPOKE/Upload/Item Creation" classname="Test Cases/MERCHANT/BESPOKE/Upload/Item Creation" status="PASSED">
         <system-out><![CDATA[2019-05-22 15:26:16 - [TEST_CASE][PASSED] - Test Cases/MERCHANT/BESPOKE/Upload/Item Creation: Test Cases/MERCHANT/BESPOKE/Upload/Item Creation

2019-05-22 15:26:16 - [TEST_STEP][PASSED] - waitForElementVisible: Object 'Object Repository/Utilities/Header/BESPOKE/Merchant Header/linktext_Upload' is visible

2019-05-22 15:26:16 - [MESSAGE][WARNING] - Timeout '0' is invalid. Using default page load timeout: '30'

2019-05-22 15:26:16 - [MESSAGE][PASSED] - Object 'Object Repository/Utilities/Header/BESPOKE/Merchant Header/linktext_Upload' is visible

2019-05-22 15:26:16 - [TEST_STEP][PASSED] - click: Object: 'Object Repository/Utilities/Header/BESPOKE/Merchant Header/linktext_Upload' is clicked on

2019-05-22 15:26:18 - [MESSAGE][PASSED] - Object: 'Object Repository/Utilities/Header/BESPOKE/Merchant Header/linktext_Upload' is clicked on

2019-05-22 15:26:18 - [TEST_STEP][PASSED] - comment: Category

2019-05-22 15:26:18 - [TEST_STEP][PASSED] - waitForElementVisible: Object 'Object Repository/MERCHANT/Bespoke/Upload Page/textlabel_Category(s)' is visible

2019-05-22 15:26:18 - [MESSAGE][WARNING] - Timeout '0' is invalid. Using default page load timeout: '30'

2019-05-22 15:26:18 - [MESSAGE][PASSED] - Object 'Object Repository/MERCHANT/Bespoke/Upload Page/textlabel_Category(s)' is visible

2019-05-22 15:26:18 - [TEST_STEP][PASSED] - click: Object: 'Object Repository/MERCHANT/Bespoke/Upload Page/checkbox_cat1' is clicked on

2019-05-22 15:26:19 - [MESSAGE][PASSED] - Object: 'Object Repository/MERCHANT/Bespoke/Upload Page/checkbox_cat1' is clicked on

2019-05-22 15:26:19 - [TEST_STEP][PASSED] - comment: Item Name

2019-05-22 15:26:19 - [TEST_STEP][PASSED] - setText: Text 'Item A' is set on object 'Object Repository/MERCHANT/Bespoke/Upload Page/input_item-name'

2019-05-22 15:26:19 - [MESSAGE][PASSED] - Text 'Item A' is set on object 'Object Repository/MERCHANT/Bespoke/Upload Page/input_item-name'

2019-05-22 15:26:19 - [TEST_STEP][PASSED] - comment: Price

2019-05-22 15:26:19 - [TEST_STEP][PASSED] - setText: Text '20' is set on object 'Object Repository/MERCHANT/Bespoke/Upload Page/textbox_item-price'

2019-05-22 15:26:19 - [MESSAGE][PASSED] - Text '20' is set on object 'Object Repository/MERCHANT/Bespoke/Upload Page/textbox_item-price'

2019-05-22 15:26:19 - [TEST_STEP][PASSED] - comment: SKU

2019-05-22 15:26:19 - [TEST_STEP][PASSED] - setText: Text 'ITEM000001' is set on object 'Object Repository/MERCHANT/Bespoke/Upload Page/textbox_sku-field'

2019-05-22 15:26:19 - [MESSAGE][PASSED] - Text 'ITEM000001' is set on object 'Object Repository/MERCHANT/Bespoke/Upload Page/textbox_sku-field'

2019-05-22 15:26:19 - [TEST_STEP][PASSED] - comment: Item Description

2019-05-22 15:26:19 - [TEST_STEP][PASSED] - setText: Text 'Lorem ipsum dolor sit amet, consectetur adipiscing elit, sed do eiusmod tempor incididunt ut labore et dolore magna aliqua. Ut enim ad minim veniam, quis nostrud exercitation ullamco laboris nisi ut aliquip ex ea commodo consequat. Duis aute irure dolor in reprehenderit in voluptate velit esse cillum dolore eu fugiat nulla pariatur. Excepteur sint occaecat cupidatat non proident, sunt in culpa qui officia deserunt mollit anim id est laborum.' is set on object 'Object Repository/MERCHANT/Bespoke/Upload Page/textarea_item-description'

2019-05-22 15:26:21 - [MESSAGE][PASSED] - Text 'Lorem ipsum dolor sit amet, consectetur adipiscing elit, sed do eiusmod tempor incididunt ut labore et dolore magna aliqua. Ut enim ad minim veniam, quis nostrud exercitation ullamco laboris nisi ut aliquip ex ea commodo consequat. Duis aute irure dolor in reprehenderit in voluptate velit esse cillum dolore eu fugiat nulla pariatur. Excepteur sint occaecat cupidatat non proident, sunt in culpa qui officia deserunt mollit anim id est laborum.' is set on object 'Object Repository/MERCHANT/Bespoke/Upload Page/textarea_item-description'

2019-05-22 15:26:21 - [TEST_STEP][PASSED] - comment: Image

2019-05-22 15:26:21 - [TEST_STEP][PASSED] - click: Object: 'Object Repository/MERCHANT/Bespoke/Upload Page/button_BROWSE' is clicked on

2019-05-22 15:26:21 - [MESSAGE][PASSED] - Object: 'Object Repository/MERCHANT/Bespoke/Upload Page/button_BROWSE' is clicked on

2019-05-22 15:26:21 - [TEST_STEP][PASSED] - delay: Delayed 1 second(s)

2019-05-22 15:26:22 - [MESSAGE][PASSED] - Delayed 1 second(s)

2019-05-22 15:26:22 - [TEST_STEP][PASSED] - uploadFile: File 'C:\\Katalon\\Image\\pic1.jpg' sent to object: 'Object Repository/MERCHANT/SpaceTime/Service Creation/Images/browse_img/img_upload container'

2019-05-22 15:26:22 - [MESSAGE][PASSED] - File 'C:\\Katalon\\Image\\pic1.jpg' sent to object: 'Object Repository/MERCHANT/SpaceTime/Service Creation/Images/browse_img/img_upload container'

2019-05-22 15:26:22 - [TEST_STEP][PASSED] - click: Object: 'Object Repository/MERCHANT/SpaceTime/Service Creation/Images/browse_img/button_ok' is clicked on

2019-05-22 15:26:22 - [MESSAGE][PASSED] - Object: 'Object Repository/MERCHANT/SpaceTime/Service Creation/Images/browse_img/button_ok' is clicked on

2019-05-22 15:26:22 - [TEST_STEP][PASSED] - delay: Delayed 1 second(s)

2019-05-22 15:26:23 - [MESSAGE][PASSED] - Delayed 1 second(s)

2019-05-22 15:26:23 - [TEST_STEP][PASSED] - comment: Variants & Quantity

2019-05-22 15:26:23 - [TEST_STEP][PASSED] - Statement - If (varVariants == "yes"): Text 'Pink,Violet,Orange,' is set on object 'Object Repository/MERCHANT/Bespoke/Upload Page/Variants/textbox_choices1'

2019-05-22 15:26:23 - [TEST_STEP][PASSED] - click: Object: 'Object Repository/MERCHANT/Bespoke/Upload Page/toggle_variant' is clicked on

2019-05-22 15:26:23 - [MESSAGE][PASSED] - Object: 'Object Repository/MERCHANT/Bespoke/Upload Page/toggle_variant' is clicked on

2019-05-22 15:26:23 - [TEST_STEP][PASSED] - setText: Text 'Color' is set on object 'Object Repository/MERCHANT/Bespoke/Upload Page/Variants/textbox_opt1'

2019-05-22 15:26:23 - [MESSAGE][PASSED] - Text 'Color' is set on object 'Object Repository/MERCHANT/Bespoke/Upload Page/Variants/textbox_opt1'

2019-05-22 15:26:23 - [TEST_STEP][PASSED] - setText: Text 'Pink,Violet,Orange,' is set on object 'Object Repository/MERCHANT/Bespoke/Upload Page/Variants/textbox_choices1'

2019-05-22 15:26:24 - [MESSAGE][PASSED] - Text 'Pink,Violet,Orange,' is set on object 'Object Repository/MERCHANT/Bespoke/Upload Page/Variants/textbox_choices1']]></system-out>
         <system-err><![CDATA[]]></system-err>
      </testcase>
      <testcase name="Test Cases/Utilities/MERCHANT/bespoke_logout" classname="Test Cases/Utilities/MERCHANT/bespoke_logout" status="PASSED">
         <system-out><![CDATA[2019-05-22 15:26:24 - [TEST_CASE][PASSED] - Test Cases/Utilities/MERCHANT/bespoke_logout: Test Cases/Utilities/MERCHANT/bespoke_logout

2019-05-22 15:26:24 - [TEST_STEP][PASSED] - click: Object: 'Object Repository/Utilities/Buyer Seller Logout/Bespoke/dropdown_usermenu' is clicked on

2019-05-22 15:26:24 - [MESSAGE][PASSED] - Object: 'Object Repository/Utilities/Buyer Seller Logout/Bespoke/dropdown_usermenu' is clicked on

2019-05-22 15:26:24 - [TEST_STEP][PASSED] - click: Object: 'Object Repository/Utilities/Buyer Seller Logout/Bespoke/textlink_logout' is clicked on

2019-05-22 15:26:26 - [MESSAGE][PASSED] - Object: 'Object Repository/Utilities/Buyer Seller Logout/Bespoke/textlink_logout' is clicked on]]></system-out>
         <system-err><![CDATA[]]></system-err>
      </testcase>
      <system-out><![CDATA[2019-05-22 15:26:00 - [TEST_SUITE][FAILED] - Item Creation Bespoke: Test Cases/Utilities/MERCHANT/Merchant Login FAILED because (of) com.kms.katalon.core.webui.exception.WebElementNotFoundException: Web element with id: 'Object Repository/Utilities/Login Seller/Accept Cookies/a_Accept Cookies' located by 'By.xpath: id("fixntf_popup_cookies_btm_fixmsg")/div[@class="fixntf-rsec"]/a[@class="fixntf-btn"][count(. | //*[(text() = 'Accept Cookies' or . = 'Accept Cookies')]) = count(//*[(text() = 'Accept Cookies' or . = 'Accept Cookies')])]' not found]]></system-out>
      <system-err><![CDATA[2019-05-22 15:26:00 - [TEST_SUITE][FAILED] - Item Creation Bespoke: Test Cases/Utilities/MERCHANT/Merchant Login FAILED because (of) com.kms.katalon.core.webui.exception.WebElementNotFoundException: Web element with id: 'Object Repository/Utilities/Login Seller/Accept Cookies/a_Accept Cookies' located by 'By.xpath: id("fixntf_popup_cookies_btm_fixmsg")/div[@class="fixntf-rsec"]/a[@class="fixntf-btn"][count(. | //*[(text() = 'Accept Cookies' or . = 'Accept Cookies')]) = count(//*[(text() = 'Accept Cookies' or . = 'Accept Cookies')])]' not found]]></system-err>
   </testsuite>
</testsuites>
