<?xml version="1.0" encoding="UTF-8"?>
<testsuites name="Merchant Add Service" time="8" tests="0" failures="0" errors="1">
   <testsuite name="Merchant Add Service" tests="0" failures="0" errors="1" time="8" timestamp="2019-06-11 14:46:23" hostname="Arcadier - Arcadier-PC" id="Test Suites/Suites/Merchant Add Service">
      <properties>
         <property name="deviceName" value=""/>
         <property name="devicePlatform" value=""/>
         <property name="logFolder" value="C:\\Users\\Arcadier\\git\\Arctick\\Reports\\Suites\\Merchant Add Service\\20190611_144622"/>
         <property name="logFiles" value="C:\\Users\\Arcadier\\git\\Arctick\\Reports\\Suites\\Merchant Add Service\\20190611_144622\\execution0.log"/>
         <property name="attachments" value=""/>
         <property name="hostName" value="Arcadier - Arcadier-PC"/>
         <property name="os" value="Windows 7 64bit"/>
         <property name="katalonVersion" value="5.4.2.1"/>
         <property name="browser" value="Chrome 74.0.3729.169"/>
         <property name="hostAddress" value="10.10.31.95"/>
         <property name="sessionId" value="98dfee7f91ea92c8ea5c553e75c4036b"/>
         <property name="seleniumVersion" value="3.7.1"/>
         <property name="proxyInformation" value="ProxyInformation{proxyOption=NO_PROXY, proxyServerType=HTTP, password=, proxyServerAddress=, proxyServerPort=0}"/>
         <property name="platform" value="Windows 7"/>
      </properties>
      <testcase name="Test Cases/MERCHANT/SPACETIME/Service Creation/Add Service" classname="Test Cases/MERCHANT/SPACETIME/Service Creation/Add Service" status="ERROR">
         <error type="ERROR" message="Test Cases/MERCHANT/SPACETIME/Service Creation/Add Service FAILED because (of) groovy.lang.MissingMethodException: No signature of method: static com.kms.katalon.core.webui.keyword.WebUiBuiltInKeywords.click() is applicable for argument types: (com.kms.katalon.core.testobject.TestObject, java.lang.Integer) values: [TestObject - 'Object Repository/MERCHANT/SpaceTime/Service Creation/Basic Details/Default Duration/label_ day', ...]
Possible solutions: click(com.kms.katalon.core.testobject.TestObject), click(com.kms.katalon.core.testobject.TestObject, com.kms.katalon.core.model.FailureHandling), check(com.kms.katalon.core.testobject.TestObject), check(com.kms.katalon.core.testobject.TestObject, com.kms.katalon.core.model.FailureHandling), back(), wait()"/>
         <system-out><![CDATA[2019-06-11 14:46:24 - [TEST_CASE][ERROR] - Test Cases/MERCHANT/SPACETIME/Service Creation/Add Service: Test Cases/MERCHANT/SPACETIME/Service Creation/Add Service FAILED because (of) groovy.lang.MissingMethodException: No signature of method: static com.kms.katalon.core.webui.keyword.WebUiBuiltInKeywords.click() is applicable for argument types: (com.kms.katalon.core.testobject.TestObject, java.lang.Integer) values: [TestObject - 'Object Repository/MERCHANT/SpaceTime/Service Creation/Basic Details/Default Duration/label_ day', ...]
Possible solutions: click(com.kms.katalon.core.testobject.TestObject), click(com.kms.katalon.core.testobject.TestObject, com.kms.katalon.core.model.FailureHandling), check(com.kms.katalon.core.testobject.TestObject), check(com.kms.katalon.core.testobject.TestObject, com.kms.katalon.core.model.FailureHandling), back(), wait()

2019-06-11 14:46:24 - [TEST_STEP][PASSED] - waitForElementVisible: Object 'Object Repository/MERCHANT/SpaceTime/Listing Page/header_Your Services' is visible

2019-06-11 14:46:25 - [MESSAGE][WARNING] - Timeout '0' is invalid. Using default page load timeout: '30'

2019-06-11 14:46:25 - [MESSAGE][PASSED] - Object 'Object Repository/MERCHANT/SpaceTime/Listing Page/header_Your Services' is visible

2019-06-11 14:46:25 - [TEST_STEP][PASSED] - click: Object: 'Object Repository/MERCHANT/SpaceTime/Listing Page/header_Your Services' is clicked on

2019-06-11 14:46:26 - [MESSAGE][PASSED] - Object: 'Object Repository/MERCHANT/SpaceTime/Listing Page/header_Your Services' is clicked on

2019-06-11 14:46:26 - [TEST_STEP][PASSED] - waitForElementVisible: Object 'Object Repository/MERCHANT/SpaceTime/Listing Page/button_Add listings' is visible

2019-06-11 14:46:26 - [MESSAGE][WARNING] - Timeout '0' is invalid. Using default page load timeout: '30'

2019-06-11 14:46:26 - [MESSAGE][PASSED] - Object 'Object Repository/MERCHANT/SpaceTime/Listing Page/button_Add listings' is visible

2019-06-11 14:46:26 - [TEST_STEP][PASSED] - click: Object: 'Object Repository/MERCHANT/SpaceTime/Listing Page/button_Add listings' is clicked on

2019-06-11 14:46:28 - [MESSAGE][PASSED] - Object: 'Object Repository/MERCHANT/SpaceTime/Listing Page/button_Add listings' is clicked on

2019-06-11 14:46:28 - [TEST_STEP][PASSED] - comment: Basic Details

2019-06-11 14:46:28 - [TEST_STEP][PASSED] - waitForElementVisible: Object 'Object Repository/MERCHANT/SpaceTime/Service Creation/Basic Details/textbox_search cat' is visible

2019-06-11 14:46:28 - [MESSAGE][WARNING] - Timeout '0' is invalid. Using default page load timeout: '30'

2019-06-11 14:46:28 - [MESSAGE][PASSED] - Object 'Object Repository/MERCHANT/SpaceTime/Service Creation/Basic Details/textbox_search cat' is visible

2019-06-11 14:46:28 - [TEST_STEP][PASSED] - setText: Text 'Category 19' is set on object 'Object Repository/MERCHANT/SpaceTime/Service Creation/Basic Details/textbox_search cat'

2019-06-11 14:46:29 - [MESSAGE][PASSED] - Text 'Category 19' is set on object 'Object Repository/MERCHANT/SpaceTime/Service Creation/Basic Details/textbox_search cat'

2019-06-11 14:46:29 - [TEST_STEP][PASSED] - comment: Select Category

2019-06-11 14:46:29 - [TEST_STEP][PASSED] - Statement - If (varCategory == "Category 19"): Object: 'Object Repository/MERCHANT/SpaceTime/Service Creation/Category List/checkbox_cat19' is clicked on

2019-06-11 14:46:29 - [TEST_STEP][PASSED] - click: Object: 'Object Repository/MERCHANT/SpaceTime/Service Creation/Category List/checkbox_cat19' is clicked on

2019-06-11 14:46:29 - [MESSAGE][PASSED] - Object: 'Object Repository/MERCHANT/SpaceTime/Service Creation/Category List/checkbox_cat19' is clicked on

2019-06-11 14:46:29 - [TEST_STEP][PASSED] - setText: Text 'Service per hour 24/7' is set on object 'Object Repository/MERCHANT/SpaceTime/Service Creation/Basic Details/textbox_service name'

2019-06-11 14:46:30 - [MESSAGE][PASSED] - Text 'Service per hour 24/7' is set on object 'Object Repository/MERCHANT/SpaceTime/Service Creation/Basic Details/textbox_service name'

2019-06-11 14:46:30 - [TEST_STEP][PASSED] - setText: Text 'Lorem ipsum dolor sit amet, consectetur adipiscing elit, sed do eiusmod tempor incididunt ut labore et dolore magna aliqua. Ut enim ad minim veniam, quis nostrud exercitation ullamco laboris nisi ut aliquip ex ea commodo consequat. Duis aute irure dolor in reprehenderit in voluptate velit esse cillum dolore eu fugiat nulla pariatur. Excepteur sint occaecat cupidatat non proident, sunt in culpa qui officia deserunt mollit anim id est laborum.' is set on object 'Object Repository/MERCHANT/SpaceTime/Service Creation/Basic Details/textbox_description'

2019-06-11 14:46:31 - [MESSAGE][PASSED] - Text 'Lorem ipsum dolor sit amet, consectetur adipiscing elit, sed do eiusmod tempor incididunt ut labore et dolore magna aliqua. Ut enim ad minim veniam, quis nostrud exercitation ullamco laboris nisi ut aliquip ex ea commodo consequat. Duis aute irure dolor in reprehenderit in voluptate velit esse cillum dolore eu fugiat nulla pariatur. Excepteur sint occaecat cupidatat non proident, sunt in culpa qui officia deserunt mollit anim id est laborum.' is set on object 'Object Repository/MERCHANT/SpaceTime/Service Creation/Basic Details/textbox_description'

2019-06-11 14:46:31 - [TEST_STEP][PASSED] - click: Object: 'Object Repository/MERCHANT/SpaceTime/Service Creation/Basic Details/dropdown_booking type' is clicked on

2019-06-11 14:46:31 - [MESSAGE][PASSED] - Object: 'Object Repository/MERCHANT/SpaceTime/Service Creation/Basic Details/dropdown_booking type' is clicked on

2019-06-11 14:46:31 - [TEST_STEP][PASSED] - selectOptionByLabel: All options with label 'Day 31' are selected in object 'Object Repository/MERCHANT/SpaceTime/Service Creation/Basic Details/dropdown_booking type' 

2019-06-11 14:46:31 - [MESSAGE][PASSED] - All options with label 'Day 31' are selected in object 'Object Repository/MERCHANT/SpaceTime/Service Creation/Basic Details/dropdown_booking type' 

2019-06-11 14:46:31 - [TEST_STEP][PASSED] - comment: Service Duration

2019-06-11 14:46:31 - [TEST_STEP][PASSED] - Statement - If (varServiceDuration == "hour"): null

2019-06-11 14:46:31 - [TEST_STEP][PASSED] - Statement - Else If (varServiceDuration == "day"): Finding Test Object with id 'Object Repository/MERCHANT/SpaceTime/Service Creation/Basic Details/Default Duration/label_ day'

2019-06-11 14:46:31 - [TEST_STEP][PASSED] - waitForElementVisible: Object 'Object Repository/MERCHANT/SpaceTime/Service Creation/Basic Details/Default Duration/label_ day' is visible

2019-06-11 14:46:31 - [MESSAGE][WARNING] - Timeout '0' is invalid. Using default page load timeout: '30'

2019-06-11 14:46:31 - [MESSAGE][PASSED] - Object 'Object Repository/MERCHANT/SpaceTime/Service Creation/Basic Details/Default Duration/label_ day' is visible

2019-06-11 14:46:31 - [TEST_STEP][PASSED] - click: Finding Test Object with id 'Object Repository/MERCHANT/SpaceTime/Service Creation/Basic Details/Default Duration/label_ day']]></system-out>
         <system-err><![CDATA[2019-06-11 14:46:24 - [TEST_CASE][ERROR] - Test Cases/MERCHANT/SPACETIME/Service Creation/Add Service: Test Cases/MERCHANT/SPACETIME/Service Creation/Add Service FAILED because (of) groovy.lang.MissingMethodException: No signature of method: static com.kms.katalon.core.webui.keyword.WebUiBuiltInKeywords.click() is applicable for argument types: (com.kms.katalon.core.testobject.TestObject, java.lang.Integer) values: [TestObject - 'Object Repository/MERCHANT/SpaceTime/Service Creation/Basic Details/Default Duration/label_ day', ...]
Possible solutions: click(com.kms.katalon.core.testobject.TestObject), click(com.kms.katalon.core.testobject.TestObject, com.kms.katalon.core.model.FailureHandling), check(com.kms.katalon.core.testobject.TestObject), check(com.kms.katalon.core.testobject.TestObject, com.kms.katalon.core.model.FailureHandling), back(), wait()]]></system-err>
      </testcase>
      <system-out><![CDATA[2019-06-11 14:46:23 - [TEST_SUITE][ERROR] - Merchant Add Service: Test Cases/MERCHANT/SPACETIME/Service Creation/Add Service FAILED because (of) groovy.lang.MissingMethodException: No signature of method: static com.kms.katalon.core.webui.keyword.WebUiBuiltInKeywords.click() is applicable for argument types: (com.kms.katalon.core.testobject.TestObject, java.lang.Integer) values: [TestObject - 'Object Repository/MERCHANT/SpaceTime/Service Creation/Basic Details/Default Duration/label_ day', ...]
Possible solutions: click(com.kms.katalon.core.testobject.TestObject), click(com.kms.katalon.core.testobject.TestObject, com.kms.katalon.core.model.FailureHandling), check(com.kms.katalon.core.testobject.TestObject), check(com.kms.katalon.core.testobject.TestObject, com.kms.katalon.core.model.FailureHandling), back(), wait()]]></system-out>
      <system-err><![CDATA[2019-06-11 14:46:23 - [TEST_SUITE][ERROR] - Merchant Add Service: Test Cases/MERCHANT/SPACETIME/Service Creation/Add Service FAILED because (of) groovy.lang.MissingMethodException: No signature of method: static com.kms.katalon.core.webui.keyword.WebUiBuiltInKeywords.click() is applicable for argument types: (com.kms.katalon.core.testobject.TestObject, java.lang.Integer) values: [TestObject - 'Object Repository/MERCHANT/SpaceTime/Service Creation/Basic Details/Default Duration/label_ day', ...]
Possible solutions: click(com.kms.katalon.core.testobject.TestObject), click(com.kms.katalon.core.testobject.TestObject, com.kms.katalon.core.model.FailureHandling), check(com.kms.katalon.core.testobject.TestObject), check(com.kms.katalon.core.testobject.TestObject, com.kms.katalon.core.model.FailureHandling), back(), wait()]]></system-err>
   </testsuite>
</testsuites>
