<?xml version="1.0" encoding="UTF-8"?>
<testsuites name="Henry" time="2670" tests="6" failures="3" errors="0">
   <testsuite name="Henry" tests="6" failures="3" errors="0" time="2670" timestamp="2019-05-08 14:52:38" hostname="Arcadier - Arcadier-PC" id="Test Suites/Suites/Henry">
      <properties>
         <property name="deviceName" value=""/>
         <property name="devicePlatform" value=""/>
         <property name="logFolder" value="C:\\Katalon\\Arctick\\Reports\\Suites\\Henry\\20190508_145236"/>
         <property name="logFiles" value="C:\\Katalon\\Arctick\\Reports\\Suites\\Henry\\20190508_145236\\execution0.log"/>
         <property name="attachments" value="C:\\Katalon\\Arctick\\Reports\\Suites\\Henry\\20190508_145236\\1557298853166.png, C:\\Katalon\\Arctick\\Reports\\Suites\\Henry\\20190508_145236\\1557298886110.png, C:\\Katalon\\Arctick\\Reports\\Suites\\Henry\\20190508_145236\\1557298983834.png, C:\\Katalon\\Arctick\\Reports\\Suites\\Henry\\20190508_145236\\1557299016751.png, C:\\Katalon\\Arctick\\Reports\\Suites\\Henry\\20190508_145236\\1557299049934.png, C:\\Katalon\\Arctick\\Reports\\Suites\\Henry\\20190508_145236\\1557299083195.png, C:\\Katalon\\Arctick\\Reports\\Suites\\Henry\\20190508_145236\\1557299116216.png, C:\\Katalon\\Arctick\\Reports\\Suites\\Henry\\20190508_145236\\1557299149869.png, C:\\Katalon\\Arctick\\Reports\\Suites\\Henry\\20190508_145236\\1557299183032.png, C:\\Katalon\\Arctick\\Reports\\Suites\\Henry\\20190508_145236\\1557299248433.png, C:\\Katalon\\Arctick\\Reports\\Suites\\Henry\\20190508_145236\\1557299282345.png, C:\\Katalon\\Arctick\\Reports\\Suites\\Henry\\20190508_145236\\1557299315659.png, C:\\Katalon\\Arctick\\Reports\\Suites\\Henry\\20190508_145236\\1557299858846.png, C:\\Katalon\\Arctick\\Reports\\Suites\\Henry\\20190508_145236\\1557299966368.png, C:\\Katalon\\Arctick\\Reports\\Suites\\Henry\\20190508_145236\\1557300000382.png, C:\\Katalon\\Arctick\\Reports\\Suites\\Henry\\20190508_145236\\1557300033998.png, C:\\Katalon\\Arctick\\Reports\\Suites\\Henry\\20190508_145236\\1557300066809.png, C:\\Katalon\\Arctick\\Reports\\Suites\\Henry\\20190508_145236\\1557300101058.png, C:\\Katalon\\Arctick\\Reports\\Suites\\Henry\\20190508_145236\\1557300136357.png, C:\\Katalon\\Arctick\\Reports\\Suites\\Henry\\20190508_145236\\1557300171579.png, C:\\Katalon\\Arctick\\Reports\\Suites\\Henry\\20190508_145236\\1557300237849.png, C:\\Katalon\\Arctick\\Reports\\Suites\\Henry\\20190508_145236\\1557300271862.png, C:\\Katalon\\Arctick\\Reports\\Suites\\Henry\\20190508_145236\\1557300305262.png, C:\\Katalon\\Arctick\\Reports\\Suites\\Henry\\20190508_145236\\1557300369642.png, C:\\Katalon\\Arctick\\Reports\\Suites\\Henry\\20190508_145236\\1557300403014.png, C:\\Katalon\\Arctick\\Reports\\Suites\\Henry\\20190508_145236\\1557300470348.png, C:\\Katalon\\Arctick\\Reports\\Suites\\Henry\\20190508_145236\\1557300503138.png, C:\\Katalon\\Arctick\\Reports\\Suites\\Henry\\20190508_145236\\1557300603121.png, C:\\Katalon\\Arctick\\Reports\\Suites\\Henry\\20190508_145236\\1557300635593.png, C:\\Katalon\\Arctick\\Reports\\Suites\\Henry\\20190508_145236\\1557300668041.png, C:\\Katalon\\Arctick\\Reports\\Suites\\Henry\\20190508_145236\\1557300700727.png, C:\\Katalon\\Arctick\\Reports\\Suites\\Henry\\20190508_145236\\1557300733494.png, C:\\Katalon\\Arctick\\Reports\\Suites\\Henry\\20190508_145236\\1557300768305.png, C:\\Katalon\\Arctick\\Reports\\Suites\\Henry\\20190508_145236\\1557300801961.png, C:\\Katalon\\Arctick\\Reports\\Suites\\Henry\\20190508_145236\\1557300865932.png, C:\\Katalon\\Arctick\\Reports\\Suites\\Henry\\20190508_145236\\1557300898497.png, C:\\Katalon\\Arctick\\Reports\\Suites\\Henry\\20190508_145236\\1557300931423.png, C:\\Katalon\\Arctick\\Reports\\Suites\\Henry\\20190508_145236\\1557300995580.png, C:\\Katalon\\Arctick\\Reports\\Suites\\Henry\\20190508_145236\\1557301028088.png"/>
         <property name="hostName" value="Arcadier - Arcadier-PC"/>
         <property name="os" value="Windows 7 64bit"/>
         <property name="katalonVersion" value="5.4.2.1"/>
         <property name="browser" value="Chrome 74.0.3729.131"/>
         <property name="hostAddress" value="10.10.31.95"/>
         <property name="sessionId" value="4f815a0ee83e642ee861828b612ac06a"/>
         <property name="seleniumVersion" value="3.7.1"/>
         <property name="proxyInformation" value="ProxyInformation{proxyOption=NO_PROXY, proxyServerType=HTTP, password=, proxyServerAddress=, proxyServerPort=0}"/>
         <property name="platform" value="Windows 7"/>
      </properties>
      <testcase name="Test Cases/MERCHANT/BESPOKE/Upload/Simple Upload" classname="Test Cases/MERCHANT/BESPOKE/Upload/Simple Upload" status="PASSED">
         <system-out><![CDATA[2019-05-08 14:52:39 - [TEST_CASE][PASSED] - Test Cases/MERCHANT/BESPOKE/Upload/Simple Upload: Test Cases/MERCHANT/BESPOKE/Upload/Simple Upload

2019-05-08 14:52:39 - [TEST_STEP][PASSED] - callTestCase: Call Test Case 'Test Cases/Utilities/MERCHANT/Merchant Login' successfully

2019-05-08 14:52:39 - [TEST_CASE][PASSED] - Test Cases/Utilities/MERCHANT/Merchant Login: Test Cases/Utilities/MERCHANT/Merchant Login

2019-05-08 14:52:39 - [TEST_STEP][PASSED] - openBrowser: Browser is opened with url: ''

2019-05-08 14:52:41 - [MESSAGE][PASSED] - Browser is opened with url: ''

2019-05-08 14:52:41 - [TEST_STEP][PASSED] - maximizeWindow: Current window maximized

2019-05-08 14:52:41 - [MESSAGE][PASSED] - Current window maximized

2019-05-08 14:52:41 - [TEST_STEP][PASSED] - navigateToUrl: Navigate to 'http://0506BESPOKE.test.arcadier.io/' successfully

2019-05-08 14:52:45 - [MESSAGE][PASSED] - Navigate to 'http://0506BESPOKE.test.arcadier.io/' successfully

2019-05-08 14:52:45 - [TEST_STEP][PASSED] - waitForElementVisible: Object 'Object Repository/CONSUMER/Homepage/a_BE A SELLER' is visible

2019-05-08 14:52:45 - [MESSAGE][WARNING] - Timeout '0' is invalid. Using default page load timeout: '30'

2019-05-08 14:52:45 - [MESSAGE][PASSED] - Object 'Object Repository/CONSUMER/Homepage/a_BE A SELLER' is visible

2019-05-08 14:52:45 - [TEST_STEP][PASSED] - click: Object: 'Object Repository/CONSUMER/Homepage/a_BE A SELLER' is clicked on

2019-05-08 14:52:52 - [MESSAGE][PASSED] - Object: 'Object Repository/CONSUMER/Homepage/a_BE A SELLER' is clicked on

2019-05-08 14:52:52 - [TEST_STEP][PASSED] - Statement - If (MerchantAccountType == "custom"): Object: 'Object Repository/CONSUMER/Login Buyer/a_Sign In' is clicked on

2019-05-08 14:52:52 - [TEST_STEP][PASSED] - waitForElementVisible: Object 'Object Repository/CONSUMER/Login Buyer/input_username' is visible

2019-05-08 14:52:52 - [MESSAGE][WARNING] - Timeout '0' is invalid. Using default page load timeout: '30'

2019-05-08 14:52:52 - [MESSAGE][PASSED] - Object 'Object Repository/CONSUMER/Login Buyer/input_username' is visible

2019-05-08 14:52:52 - [TEST_STEP][PASSED] - setText: Text 'custommerchant3' is set on object 'Object Repository/CONSUMER/Login Buyer/input_username'

2019-05-08 14:52:52 - [MESSAGE][PASSED] - Text 'custommerchant3' is set on object 'Object Repository/CONSUMER/Login Buyer/input_username'

2019-05-08 14:52:52 - [TEST_STEP][PASSED] - setText: Text 'welcome8' is set on object 'Object Repository/CONSUMER/Login Buyer/input_password'

2019-05-08 14:52:52 - [MESSAGE][PASSED] - Text 'welcome8' is set on object 'Object Repository/CONSUMER/Login Buyer/input_password'

2019-05-08 14:52:52 - [TEST_STEP][PASSED] - click: Object: 'Object Repository/CONSUMER/Login Buyer/a_Sign In' is clicked on

2019-05-08 14:53:27 - [MESSAGE][PASSED] - Object: 'Object Repository/CONSUMER/Login Buyer/a_Sign In' is clicked on

2019-05-08 14:53:27 - [TEST_STEP][PASSED] - waitForElementVisible: Object 'Object Repository/MERCHANT/Bespoke/Dashboard/textlabel_DASHBOARD' is visible

2019-05-08 14:53:27 - [MESSAGE][WARNING] - Timeout '0' is invalid. Using default page load timeout: '30'

2019-05-08 14:53:27 - [MESSAGE][PASSED] - Object 'Object Repository/MERCHANT/Bespoke/Dashboard/textlabel_DASHBOARD' is visible

2019-05-08 14:53:27 - [MESSAGE][PASSED] - Call Test Case 'Test Cases/Utilities/MERCHANT/Merchant Login' successfully

2019-05-08 14:53:27 - [TEST_STEP][PASSED] - click: Object: 'Object Repository/Utilities/Header/BESPOKE/Merchant Header/linktext_Upload' is clicked on

2019-05-08 14:53:37 - [MESSAGE][PASSED] - Object: 'Object Repository/Utilities/Header/BESPOKE/Merchant Header/linktext_Upload' is clicked on

2019-05-08 14:53:37 - [TEST_STEP][PASSED] - waitForElementVisible: Object 'Object Repository/MERCHANT/Bespoke/Upload Page/textlabel_Category(s)' is visible

2019-05-08 14:53:37 - [MESSAGE][WARNING] - Timeout '0' is invalid. Using default page load timeout: '30'

2019-05-08 14:53:37 - [MESSAGE][PASSED] - Object 'Object Repository/MERCHANT/Bespoke/Upload Page/textlabel_Category(s)' is visible

2019-05-08 14:53:37 - [TEST_STEP][PASSED] - waitForElementVisible: Object 'Object Repository/MERCHANT/Bespoke/Upload Page/checkbox_cat1' is visible

2019-05-08 14:53:37 - [MESSAGE][WARNING] - Timeout '0' is invalid. Using default page load timeout: '30'

2019-05-08 14:53:47 - [MESSAGE][PASSED] - Object 'Object Repository/MERCHANT/Bespoke/Upload Page/checkbox_cat1' is visible

2019-05-08 14:53:47 - [TEST_STEP][PASSED] - click: Object: 'Object Repository/MERCHANT/Bespoke/Upload Page/checkbox_cat1' is clicked on

2019-05-08 14:53:47 - [MESSAGE][PASSED] - Object: 'Object Repository/MERCHANT/Bespoke/Upload Page/checkbox_cat1' is clicked on

2019-05-08 14:53:47 - [TEST_STEP][PASSED] - setText: Text 'Item 1' is set on object 'Object Repository/MERCHANT/Bespoke/Upload Page/input_item-name'

2019-05-08 14:53:47 - [MESSAGE][PASSED] - Text 'Item 1' is set on object 'Object Repository/MERCHANT/Bespoke/Upload Page/input_item-name'

2019-05-08 14:53:47 - [TEST_STEP][PASSED] - setText: Text '30000' is set on object 'Object Repository/MERCHANT/Bespoke/Upload Page/textbox_item-price'

2019-05-08 14:53:47 - [MESSAGE][PASSED] - Text '30000' is set on object 'Object Repository/MERCHANT/Bespoke/Upload Page/textbox_item-price'

2019-05-08 14:53:47 - [TEST_STEP][PASSED] - setText: Text '000I1' is set on object 'Object Repository/MERCHANT/Bespoke/Upload Page/textbox_sku-field'

2019-05-08 14:53:48 - [MESSAGE][PASSED] - Text '000I1' is set on object 'Object Repository/MERCHANT/Bespoke/Upload Page/textbox_sku-field'

2019-05-08 14:53:48 - [TEST_STEP][PASSED] - setText: Text 'Automation Upload' is set on object 'Object Repository/MERCHANT/Bespoke/Upload Page/textarea_item-description'

2019-05-08 14:53:48 - [MESSAGE][PASSED] - Text 'Automation Upload' is set on object 'Object Repository/MERCHANT/Bespoke/Upload Page/textarea_item-description'

2019-05-08 14:53:48 - [TEST_STEP][PASSED] - delay: Delayed 2 second(s)

2019-05-08 14:53:50 - [MESSAGE][PASSED] - Delayed 2 second(s)

2019-05-08 14:53:50 - [TEST_STEP][PASSED] - click: Object: 'Object Repository/MERCHANT/Bespoke/Upload Page/button_BROWSE' is clicked on

2019-05-08 14:53:50 - [MESSAGE][PASSED] - Object: 'Object Repository/MERCHANT/Bespoke/Upload Page/button_BROWSE' is clicked on

2019-05-08 14:53:50 - [TEST_STEP][PASSED] - callTestCase: Call Test Case 'Test Cases/Utilities/Upload Image(with cropper) - Merchant' successfully

2019-05-08 14:53:51 - [TEST_CASE][PASSED] - Test Cases/Utilities/Upload Image(with cropper) - Merchant: Test Cases/Utilities/Upload Image(with cropper) - Merchant

2019-05-08 14:53:52 - [TEST_STEP][PASSED] - delay: Delayed 1 second(s)

2019-05-08 14:53:53 - [MESSAGE][PASSED] - Delayed 1 second(s)

2019-05-08 14:53:53 - [TEST_STEP][PASSED] - uploadFile: File 'C:\\Katalon\\Image\\pic2.jpg' sent to object: 'Object Repository/Utilities/Image Cropper/image_container'

2019-05-08 14:53:53 - [MESSAGE][PASSED] - File 'C:\\Katalon\\Image\\pic2.jpg' sent to object: 'Object Repository/Utilities/Image Cropper/image_container'

2019-05-08 14:53:53 - [TEST_STEP][PASSED] - waitForElementVisible: Object 'Object Repository/Utilities/Image Cropper/button_ok' is visible

2019-05-08 14:53:53 - [MESSAGE][WARNING] - Timeout '0' is invalid. Using default page load timeout: '30'

2019-05-08 14:53:53 - [MESSAGE][PASSED] - Object 'Object Repository/Utilities/Image Cropper/button_ok' is visible

2019-05-08 14:53:53 - [TEST_STEP][PASSED] - click: Object: 'Object Repository/Utilities/Image Cropper/button_ok' is clicked on

2019-05-08 14:53:53 - [MESSAGE][PASSED] - Object: 'Object Repository/Utilities/Image Cropper/button_ok' is clicked on

2019-05-08 14:53:53 - [TEST_STEP][PASSED] - delay: Delayed 2 second(s)

2019-05-08 14:53:55 - [MESSAGE][PASSED] - Delayed 2 second(s)

2019-05-08 14:53:55 - [MESSAGE][PASSED] - Call Test Case 'Test Cases/Utilities/Upload Image(with cropper) - Merchant' successfully

2019-05-08 14:53:55 - [TEST_STEP][PASSED] - setText: Text '2' is set on object 'Object Repository/MERCHANT/Bespoke/Upload Page/textbox_item-quantity'

2019-05-08 14:53:55 - [MESSAGE][PASSED] - Text '2' is set on object 'Object Repository/MERCHANT/Bespoke/Upload Page/textbox_item-quantity'

2019-05-08 14:53:55 - [TEST_STEP][PASSED] - click: Object: 'Object Repository/MERCHANT/Bespoke/Upload Page/button_SAVE' is clicked on

2019-05-08 14:53:56 - [MESSAGE][PASSED] - Object: 'Object Repository/MERCHANT/Bespoke/Upload Page/button_SAVE' is clicked on

2019-05-08 14:53:56 - [TEST_STEP][PASSED] - waitForElementVisible: Object 'Object Repository/MERCHANT/Bespoke/Your Items/button_Upload' is visible

2019-05-08 14:53:56 - [MESSAGE][WARNING] - Timeout '0' is invalid. Using default page load timeout: '30'

2019-05-08 14:54:11 - [MESSAGE][PASSED] - Object 'Object Repository/MERCHANT/Bespoke/Your Items/button_Upload' is visible

2019-05-08 14:54:11 - [TEST_STEP][PASSED] - callTestCase: Call Test Case 'Test Cases/Utilities/MERCHANT/Logout' successfully

2019-05-08 14:54:11 - [TEST_CASE][PASSED] - Test Cases/Utilities/MERCHANT/Logout: Test Cases/Utilities/MERCHANT/Logout

2019-05-08 14:54:11 - [TEST_STEP][PASSED] - click: Object: 'Object Repository/Utilities/Buyer Seller Logout/button_dropdown' is clicked on

2019-05-08 14:54:11 - [MESSAGE][PASSED] - Object: 'Object Repository/Utilities/Buyer Seller Logout/button_dropdown' is clicked on

2019-05-08 14:54:11 - [TEST_STEP][PASSED] - click: Object: 'Object Repository/Utilities/Buyer Seller Logout/textlink_Logout' is clicked on

2019-05-08 14:54:39 - [MESSAGE][PASSED] - Object: 'Object Repository/Utilities/Buyer Seller Logout/textlink_Logout' is clicked on

2019-05-08 14:54:39 - [MESSAGE][PASSED] - Call Test Case 'Test Cases/Utilities/MERCHANT/Logout' successfully]]></system-out>
         <system-err><![CDATA[]]></system-err>
      </testcase>
      <testcase name="Test Cases/MERCHANT/BESPOKE/Upload/Simple Upload" classname="Test Cases/MERCHANT/BESPOKE/Upload/Simple Upload" status="PASSED">
         <system-out><![CDATA[2019-05-08 14:54:39 - [TEST_CASE][PASSED] - Test Cases/MERCHANT/BESPOKE/Upload/Simple Upload: Test Cases/MERCHANT/BESPOKE/Upload/Simple Upload

2019-05-08 14:54:39 - [TEST_STEP][PASSED] - callTestCase: Call Test Case 'Test Cases/Utilities/MERCHANT/Merchant Login' successfully

2019-05-08 14:54:39 - [TEST_CASE][PASSED] - Test Cases/Utilities/MERCHANT/Merchant Login: Test Cases/Utilities/MERCHANT/Merchant Login

2019-05-08 14:54:39 - [TEST_STEP][PASSED] - openBrowser: Browser is opened with url: ''

2019-05-08 14:54:39 - [MESSAGE][PASSED] - Browser is opened with url: ''

2019-05-08 14:54:39 - [TEST_STEP][PASSED] - maximizeWindow: Current window maximized

2019-05-08 14:54:39 - [MESSAGE][PASSED] - Current window maximized

2019-05-08 14:54:39 - [TEST_STEP][PASSED] - navigateToUrl: Navigate to 'http://0506BESPOKE.test.arcadier.io/' successfully

2019-05-08 14:55:01 - [MESSAGE][PASSED] - Navigate to 'http://0506BESPOKE.test.arcadier.io/' successfully

2019-05-08 14:55:01 - [TEST_STEP][PASSED] - waitForElementVisible: Object 'Object Repository/CONSUMER/Homepage/a_BE A SELLER' is visible

2019-05-08 14:55:01 - [MESSAGE][WARNING] - Timeout '0' is invalid. Using default page load timeout: '30'

2019-05-08 14:55:01 - [MESSAGE][PASSED] - Object 'Object Repository/CONSUMER/Homepage/a_BE A SELLER' is visible

2019-05-08 14:55:01 - [TEST_STEP][PASSED] - click: Object: 'Object Repository/CONSUMER/Homepage/a_BE A SELLER' is clicked on

2019-05-08 14:55:01 - [MESSAGE][PASSED] - Object: 'Object Repository/CONSUMER/Homepage/a_BE A SELLER' is clicked on

2019-05-08 14:55:01 - [TEST_STEP][PASSED] - Statement - If (MerchantAccountType == "custom"): Object: 'Object Repository/CONSUMER/Login Buyer/a_Sign In' is clicked on

2019-05-08 14:55:01 - [TEST_STEP][PASSED] - waitForElementVisible: Object 'Object Repository/CONSUMER/Login Buyer/input_username' is visible

2019-05-08 14:55:01 - [MESSAGE][WARNING] - Timeout '0' is invalid. Using default page load timeout: '30'

2019-05-08 14:55:18 - [MESSAGE][PASSED] - Object 'Object Repository/CONSUMER/Login Buyer/input_username' is visible

2019-05-08 14:55:18 - [TEST_STEP][PASSED] - setText: Text 'custommerchant3' is set on object 'Object Repository/CONSUMER/Login Buyer/input_username'

2019-05-08 14:55:18 - [MESSAGE][PASSED] - Text 'custommerchant3' is set on object 'Object Repository/CONSUMER/Login Buyer/input_username'

2019-05-08 14:55:18 - [TEST_STEP][PASSED] - setText: Text 'welcome8' is set on object 'Object Repository/CONSUMER/Login Buyer/input_password'

2019-05-08 14:55:18 - [MESSAGE][PASSED] - Text 'welcome8' is set on object 'Object Repository/CONSUMER/Login Buyer/input_password'

2019-05-08 14:55:18 - [TEST_STEP][PASSED] - click: Object: 'Object Repository/CONSUMER/Login Buyer/a_Sign In' is clicked on

2019-05-08 14:55:56 - [MESSAGE][PASSED] - Object: 'Object Repository/CONSUMER/Login Buyer/a_Sign In' is clicked on

2019-05-08 14:55:56 - [TEST_STEP][PASSED] - waitForElementVisible: Object 'Object Repository/MERCHANT/Bespoke/Dashboard/textlabel_DASHBOARD' is visible

2019-05-08 14:55:56 - [MESSAGE][WARNING] - Timeout '0' is invalid. Using default page load timeout: '30'

2019-05-08 14:55:56 - [MESSAGE][PASSED] - Object 'Object Repository/MERCHANT/Bespoke/Dashboard/textlabel_DASHBOARD' is visible

2019-05-08 14:55:56 - [MESSAGE][PASSED] - Call Test Case 'Test Cases/Utilities/MERCHANT/Merchant Login' successfully

2019-05-08 14:55:56 - [TEST_STEP][PASSED] - click: Object: 'Object Repository/Utilities/Header/BESPOKE/Merchant Header/linktext_Upload' is clicked on

2019-05-08 14:56:07 - [MESSAGE][PASSED] - Object: 'Object Repository/Utilities/Header/BESPOKE/Merchant Header/linktext_Upload' is clicked on

2019-05-08 14:56:07 - [TEST_STEP][PASSED] - waitForElementVisible: Object 'Object Repository/MERCHANT/Bespoke/Upload Page/textlabel_Category(s)' is visible

2019-05-08 14:56:07 - [MESSAGE][WARNING] - Timeout '0' is invalid. Using default page load timeout: '30'

2019-05-08 14:56:07 - [MESSAGE][PASSED] - Object 'Object Repository/MERCHANT/Bespoke/Upload Page/textlabel_Category(s)' is visible

2019-05-08 14:56:07 - [TEST_STEP][PASSED] - waitForElementVisible: Object 'Object Repository/MERCHANT/Bespoke/Upload Page/checkbox_cat1' is visible

2019-05-08 14:56:07 - [MESSAGE][WARNING] - Timeout '0' is invalid. Using default page load timeout: '30'

2019-05-08 14:56:17 - [MESSAGE][PASSED] - Object 'Object Repository/MERCHANT/Bespoke/Upload Page/checkbox_cat1' is visible

2019-05-08 14:56:17 - [TEST_STEP][PASSED] - click: Object: 'Object Repository/MERCHANT/Bespoke/Upload Page/checkbox_cat1' is clicked on

2019-05-08 14:56:18 - [MESSAGE][PASSED] - Object: 'Object Repository/MERCHANT/Bespoke/Upload Page/checkbox_cat1' is clicked on

2019-05-08 14:56:18 - [TEST_STEP][PASSED] - setText: Text 'Item 2' is set on object 'Object Repository/MERCHANT/Bespoke/Upload Page/input_item-name'

2019-05-08 14:56:18 - [MESSAGE][PASSED] - Text 'Item 2' is set on object 'Object Repository/MERCHANT/Bespoke/Upload Page/input_item-name'

2019-05-08 14:56:18 - [TEST_STEP][PASSED] - setText: Text '50000' is set on object 'Object Repository/MERCHANT/Bespoke/Upload Page/textbox_item-price'

2019-05-08 14:56:18 - [MESSAGE][PASSED] - Text '50000' is set on object 'Object Repository/MERCHANT/Bespoke/Upload Page/textbox_item-price'

2019-05-08 14:56:18 - [TEST_STEP][PASSED] - setText: Text '000I2' is set on object 'Object Repository/MERCHANT/Bespoke/Upload Page/textbox_sku-field'

2019-05-08 14:56:18 - [MESSAGE][PASSED] - Text '000I2' is set on object 'Object Repository/MERCHANT/Bespoke/Upload Page/textbox_sku-field'

2019-05-08 14:56:18 - [TEST_STEP][PASSED] - setText: Text 'Automation Upload' is set on object 'Object Repository/MERCHANT/Bespoke/Upload Page/textarea_item-description'

2019-05-08 14:56:19 - [MESSAGE][PASSED] - Text 'Automation Upload' is set on object 'Object Repository/MERCHANT/Bespoke/Upload Page/textarea_item-description'

2019-05-08 14:56:19 - [TEST_STEP][PASSED] - delay: Delayed 2 second(s)

2019-05-08 14:56:21 - [MESSAGE][PASSED] - Delayed 2 second(s)

2019-05-08 14:56:21 - [TEST_STEP][PASSED] - click: Object: 'Object Repository/MERCHANT/Bespoke/Upload Page/button_BROWSE' is clicked on

2019-05-08 14:56:21 - [MESSAGE][PASSED] - Object: 'Object Repository/MERCHANT/Bespoke/Upload Page/button_BROWSE' is clicked on

2019-05-08 14:56:21 - [TEST_STEP][PASSED] - callTestCase: Call Test Case 'Test Cases/Utilities/Upload Image(with cropper) - Merchant' successfully

2019-05-08 14:56:21 - [TEST_CASE][PASSED] - Test Cases/Utilities/Upload Image(with cropper) - Merchant: Test Cases/Utilities/Upload Image(with cropper) - Merchant

2019-05-08 14:56:21 - [TEST_STEP][PASSED] - delay: Delayed 1 second(s)

2019-05-08 14:56:22 - [MESSAGE][PASSED] - Delayed 1 second(s)

2019-05-08 14:56:22 - [TEST_STEP][PASSED] - uploadFile: File 'C:\\Katalon\\Image\\pic2.jpg' sent to object: 'Object Repository/Utilities/Image Cropper/image_container'

2019-05-08 14:56:22 - [MESSAGE][PASSED] - File 'C:\\Katalon\\Image\\pic2.jpg' sent to object: 'Object Repository/Utilities/Image Cropper/image_container'

2019-05-08 14:56:22 - [TEST_STEP][PASSED] - waitForElementVisible: Object 'Object Repository/Utilities/Image Cropper/button_ok' is visible

2019-05-08 14:56:22 - [MESSAGE][WARNING] - Timeout '0' is invalid. Using default page load timeout: '30'

2019-05-08 14:56:22 - [MESSAGE][PASSED] - Object 'Object Repository/Utilities/Image Cropper/button_ok' is visible

2019-05-08 14:56:22 - [TEST_STEP][PASSED] - click: Object: 'Object Repository/Utilities/Image Cropper/button_ok' is clicked on

2019-05-08 14:56:22 - [MESSAGE][PASSED] - Object: 'Object Repository/Utilities/Image Cropper/button_ok' is clicked on

2019-05-08 14:56:22 - [TEST_STEP][PASSED] - delay: Delayed 2 second(s)

2019-05-08 14:56:24 - [MESSAGE][PASSED] - Delayed 2 second(s)

2019-05-08 14:56:24 - [MESSAGE][PASSED] - Call Test Case 'Test Cases/Utilities/Upload Image(with cropper) - Merchant' successfully

2019-05-08 14:56:24 - [TEST_STEP][PASSED] - setText: Text '3' is set on object 'Object Repository/MERCHANT/Bespoke/Upload Page/textbox_item-quantity'

2019-05-08 14:56:25 - [MESSAGE][PASSED] - Text '3' is set on object 'Object Repository/MERCHANT/Bespoke/Upload Page/textbox_item-quantity'

2019-05-08 14:56:25 - [TEST_STEP][PASSED] - click: Object: 'Object Repository/MERCHANT/Bespoke/Upload Page/button_SAVE' is clicked on

2019-05-08 14:56:25 - [MESSAGE][PASSED] - Object: 'Object Repository/MERCHANT/Bespoke/Upload Page/button_SAVE' is clicked on

2019-05-08 14:56:25 - [TEST_STEP][PASSED] - waitForElementVisible: Object 'Object Repository/MERCHANT/Bespoke/Your Items/button_Upload' is visible

2019-05-08 14:56:25 - [MESSAGE][WARNING] - Timeout '0' is invalid. Using default page load timeout: '30'

2019-05-08 14:56:46 - [MESSAGE][PASSED] - Object 'Object Repository/MERCHANT/Bespoke/Your Items/button_Upload' is visible

2019-05-08 14:56:46 - [TEST_STEP][PASSED] - callTestCase: Call Test Case 'Test Cases/Utilities/MERCHANT/Logout' successfully

2019-05-08 14:56:46 - [TEST_CASE][PASSED] - Test Cases/Utilities/MERCHANT/Logout: Test Cases/Utilities/MERCHANT/Logout

2019-05-08 14:56:46 - [TEST_STEP][PASSED] - click: Object: 'Object Repository/Utilities/Buyer Seller Logout/button_dropdown' is clicked on

2019-05-08 14:56:46 - [MESSAGE][PASSED] - Object: 'Object Repository/Utilities/Buyer Seller Logout/button_dropdown' is clicked on

2019-05-08 14:56:46 - [TEST_STEP][PASSED] - click: Object: 'Object Repository/Utilities/Buyer Seller Logout/textlink_Logout' is clicked on

2019-05-08 14:57:09 - [MESSAGE][PASSED] - Object: 'Object Repository/Utilities/Buyer Seller Logout/textlink_Logout' is clicked on

2019-05-08 14:57:09 - [MESSAGE][PASSED] - Call Test Case 'Test Cases/Utilities/MERCHANT/Logout' successfully]]></system-out>
         <system-err><![CDATA[]]></system-err>
      </testcase>
      <testcase name="Test Cases/MERCHANT/BESPOKE/Upload/Simple Upload" classname="Test Cases/MERCHANT/BESPOKE/Upload/Simple Upload" status="PASSED">
         <system-out><![CDATA[2019-05-08 14:57:09 - [TEST_CASE][PASSED] - Test Cases/MERCHANT/BESPOKE/Upload/Simple Upload: Test Cases/MERCHANT/BESPOKE/Upload/Simple Upload

2019-05-08 14:57:09 - [TEST_STEP][PASSED] - callTestCase: Call Test Case 'Test Cases/Utilities/MERCHANT/Merchant Login' successfully

2019-05-08 14:57:09 - [TEST_CASE][PASSED] - Test Cases/Utilities/MERCHANT/Merchant Login: Test Cases/Utilities/MERCHANT/Merchant Login

2019-05-08 14:57:09 - [TEST_STEP][PASSED] - openBrowser: Browser is opened with url: ''

2019-05-08 14:57:10 - [MESSAGE][PASSED] - Browser is opened with url: ''

2019-05-08 14:57:10 - [TEST_STEP][PASSED] - maximizeWindow: Current window maximized

2019-05-08 14:57:10 - [MESSAGE][PASSED] - Current window maximized

2019-05-08 14:57:10 - [TEST_STEP][PASSED] - navigateToUrl: Navigate to 'http://0506BESPOKE.test.arcadier.io/' successfully

2019-05-08 14:57:31 - [MESSAGE][PASSED] - Navigate to 'http://0506BESPOKE.test.arcadier.io/' successfully

2019-05-08 14:57:31 - [TEST_STEP][PASSED] - waitForElementVisible: Object 'Object Repository/CONSUMER/Homepage/a_BE A SELLER' is visible

2019-05-08 14:57:31 - [MESSAGE][WARNING] - Timeout '0' is invalid. Using default page load timeout: '30'

2019-05-08 14:57:31 - [MESSAGE][PASSED] - Object 'Object Repository/CONSUMER/Homepage/a_BE A SELLER' is visible

2019-05-08 14:57:31 - [TEST_STEP][PASSED] - click: Object: 'Object Repository/CONSUMER/Homepage/a_BE A SELLER' is clicked on

2019-05-08 14:57:32 - [MESSAGE][PASSED] - Object: 'Object Repository/CONSUMER/Homepage/a_BE A SELLER' is clicked on

2019-05-08 14:57:32 - [TEST_STEP][PASSED] - Statement - If (MerchantAccountType == "custom"): Object: 'Object Repository/CONSUMER/Login Buyer/a_Sign In' is clicked on

2019-05-08 14:57:32 - [TEST_STEP][PASSED] - waitForElementVisible: Object 'Object Repository/CONSUMER/Login Buyer/input_username' is visible

2019-05-08 14:57:32 - [MESSAGE][WARNING] - Timeout '0' is invalid. Using default page load timeout: '30'

2019-05-08 14:57:49 - [MESSAGE][PASSED] - Object 'Object Repository/CONSUMER/Login Buyer/input_username' is visible

2019-05-08 14:57:49 - [TEST_STEP][PASSED] - setText: Text 'custommerchant3' is set on object 'Object Repository/CONSUMER/Login Buyer/input_username'

2019-05-08 14:57:49 - [MESSAGE][PASSED] - Text 'custommerchant3' is set on object 'Object Repository/CONSUMER/Login Buyer/input_username'

2019-05-08 14:57:49 - [TEST_STEP][PASSED] - setText: Text 'welcome8' is set on object 'Object Repository/CONSUMER/Login Buyer/input_password'

2019-05-08 14:57:49 - [MESSAGE][PASSED] - Text 'welcome8' is set on object 'Object Repository/CONSUMER/Login Buyer/input_password'

2019-05-08 14:57:49 - [TEST_STEP][PASSED] - click: Object: 'Object Repository/CONSUMER/Login Buyer/a_Sign In' is clicked on

2019-05-08 14:58:42 - [MESSAGE][PASSED] - Object: 'Object Repository/CONSUMER/Login Buyer/a_Sign In' is clicked on

2019-05-08 14:58:42 - [TEST_STEP][PASSED] - waitForElementVisible: Object 'Object Repository/MERCHANT/Bespoke/Dashboard/textlabel_DASHBOARD' is visible

2019-05-08 14:58:42 - [MESSAGE][WARNING] - Timeout '0' is invalid. Using default page load timeout: '30'

2019-05-08 14:58:42 - [MESSAGE][PASSED] - Object 'Object Repository/MERCHANT/Bespoke/Dashboard/textlabel_DASHBOARD' is visible

2019-05-08 14:58:42 - [MESSAGE][PASSED] - Call Test Case 'Test Cases/Utilities/MERCHANT/Merchant Login' successfully

2019-05-08 14:58:42 - [TEST_STEP][PASSED] - click: Object: 'Object Repository/Utilities/Header/BESPOKE/Merchant Header/linktext_Upload' is clicked on

2019-05-08 14:58:57 - [MESSAGE][PASSED] - Object: 'Object Repository/Utilities/Header/BESPOKE/Merchant Header/linktext_Upload' is clicked on

2019-05-08 14:58:57 - [TEST_STEP][PASSED] - waitForElementVisible: Object 'Object Repository/MERCHANT/Bespoke/Upload Page/textlabel_Category(s)' is visible

2019-05-08 14:58:57 - [MESSAGE][WARNING] - Timeout '0' is invalid. Using default page load timeout: '30'

2019-05-08 14:58:58 - [MESSAGE][PASSED] - Object 'Object Repository/MERCHANT/Bespoke/Upload Page/textlabel_Category(s)' is visible

2019-05-08 14:58:58 - [TEST_STEP][PASSED] - waitForElementVisible: Object 'Object Repository/MERCHANT/Bespoke/Upload Page/checkbox_cat1' is visible

2019-05-08 14:58:58 - [MESSAGE][WARNING] - Timeout '0' is invalid. Using default page load timeout: '30'

2019-05-08 14:59:07 - [MESSAGE][PASSED] - Object 'Object Repository/MERCHANT/Bespoke/Upload Page/checkbox_cat1' is visible

2019-05-08 14:59:07 - [TEST_STEP][PASSED] - click: Object: 'Object Repository/MERCHANT/Bespoke/Upload Page/checkbox_cat1' is clicked on

2019-05-08 14:59:07 - [MESSAGE][PASSED] - Object: 'Object Repository/MERCHANT/Bespoke/Upload Page/checkbox_cat1' is clicked on

2019-05-08 14:59:07 - [TEST_STEP][PASSED] - setText: Text 'Item 3' is set on object 'Object Repository/MERCHANT/Bespoke/Upload Page/input_item-name'

2019-05-08 14:59:07 - [MESSAGE][PASSED] - Text 'Item 3' is set on object 'Object Repository/MERCHANT/Bespoke/Upload Page/input_item-name'

2019-05-08 14:59:07 - [TEST_STEP][PASSED] - setText: Text '60000' is set on object 'Object Repository/MERCHANT/Bespoke/Upload Page/textbox_item-price'

2019-05-08 14:59:08 - [MESSAGE][PASSED] - Text '60000' is set on object 'Object Repository/MERCHANT/Bespoke/Upload Page/textbox_item-price'

2019-05-08 14:59:08 - [TEST_STEP][PASSED] - setText: Text '000I3' is set on object 'Object Repository/MERCHANT/Bespoke/Upload Page/textbox_sku-field'

2019-05-08 14:59:08 - [MESSAGE][PASSED] - Text '000I3' is set on object 'Object Repository/MERCHANT/Bespoke/Upload Page/textbox_sku-field'

2019-05-08 14:59:08 - [TEST_STEP][PASSED] - setText: Text 'Automation Upload' is set on object 'Object Repository/MERCHANT/Bespoke/Upload Page/textarea_item-description'

2019-05-08 14:59:08 - [MESSAGE][PASSED] - Text 'Automation Upload' is set on object 'Object Repository/MERCHANT/Bespoke/Upload Page/textarea_item-description'

2019-05-08 14:59:08 - [TEST_STEP][PASSED] - delay: Delayed 2 second(s)

2019-05-08 14:59:10 - [MESSAGE][PASSED] - Delayed 2 second(s)

2019-05-08 14:59:10 - [TEST_STEP][PASSED] - click: Object: 'Object Repository/MERCHANT/Bespoke/Upload Page/button_BROWSE' is clicked on

2019-05-08 14:59:11 - [MESSAGE][PASSED] - Object: 'Object Repository/MERCHANT/Bespoke/Upload Page/button_BROWSE' is clicked on

2019-05-08 14:59:11 - [TEST_STEP][PASSED] - callTestCase: Call Test Case 'Test Cases/Utilities/Upload Image(with cropper) - Merchant' successfully

2019-05-08 14:59:11 - [TEST_CASE][PASSED] - Test Cases/Utilities/Upload Image(with cropper) - Merchant: Test Cases/Utilities/Upload Image(with cropper) - Merchant

2019-05-08 14:59:11 - [TEST_STEP][PASSED] - delay: Delayed 1 second(s)

2019-05-08 14:59:12 - [MESSAGE][PASSED] - Delayed 1 second(s)

2019-05-08 14:59:12 - [TEST_STEP][PASSED] - uploadFile: File 'C:\\Katalon\\Image\\pic2.jpg' sent to object: 'Object Repository/Utilities/Image Cropper/image_container'

2019-05-08 14:59:12 - [MESSAGE][PASSED] - File 'C:\\Katalon\\Image\\pic2.jpg' sent to object: 'Object Repository/Utilities/Image Cropper/image_container'

2019-05-08 14:59:12 - [TEST_STEP][PASSED] - waitForElementVisible: Object 'Object Repository/Utilities/Image Cropper/button_ok' is visible

2019-05-08 14:59:12 - [MESSAGE][WARNING] - Timeout '0' is invalid. Using default page load timeout: '30'

2019-05-08 14:59:12 - [MESSAGE][PASSED] - Object 'Object Repository/Utilities/Image Cropper/button_ok' is visible

2019-05-08 14:59:12 - [TEST_STEP][PASSED] - click: Object: 'Object Repository/Utilities/Image Cropper/button_ok' is clicked on

2019-05-08 14:59:12 - [MESSAGE][PASSED] - Object: 'Object Repository/Utilities/Image Cropper/button_ok' is clicked on

2019-05-08 14:59:12 - [TEST_STEP][PASSED] - delay: Delayed 2 second(s)

2019-05-08 14:59:14 - [MESSAGE][PASSED] - Delayed 2 second(s)

2019-05-08 14:59:14 - [MESSAGE][PASSED] - Call Test Case 'Test Cases/Utilities/Upload Image(with cropper) - Merchant' successfully

2019-05-08 14:59:14 - [TEST_STEP][PASSED] - setText: Text '4' is set on object 'Object Repository/MERCHANT/Bespoke/Upload Page/textbox_item-quantity'

2019-05-08 14:59:15 - [MESSAGE][PASSED] - Text '4' is set on object 'Object Repository/MERCHANT/Bespoke/Upload Page/textbox_item-quantity'

2019-05-08 14:59:15 - [TEST_STEP][PASSED] - click: Object: 'Object Repository/MERCHANT/Bespoke/Upload Page/button_SAVE' is clicked on

2019-05-08 14:59:15 - [MESSAGE][PASSED] - Object: 'Object Repository/MERCHANT/Bespoke/Upload Page/button_SAVE' is clicked on

2019-05-08 14:59:15 - [TEST_STEP][PASSED] - waitForElementVisible: Object 'Object Repository/MERCHANT/Bespoke/Your Items/button_Upload' is visible

2019-05-08 14:59:15 - [MESSAGE][WARNING] - Timeout '0' is invalid. Using default page load timeout: '30'

2019-05-08 14:59:35 - [MESSAGE][PASSED] - Object 'Object Repository/MERCHANT/Bespoke/Your Items/button_Upload' is visible

2019-05-08 14:59:35 - [TEST_STEP][PASSED] - callTestCase: Call Test Case 'Test Cases/Utilities/MERCHANT/Logout' successfully

2019-05-08 14:59:35 - [TEST_CASE][PASSED] - Test Cases/Utilities/MERCHANT/Logout: Test Cases/Utilities/MERCHANT/Logout

2019-05-08 14:59:35 - [TEST_STEP][PASSED] - click: Object: 'Object Repository/Utilities/Buyer Seller Logout/button_dropdown' is clicked on

2019-05-08 14:59:35 - [MESSAGE][PASSED] - Object: 'Object Repository/Utilities/Buyer Seller Logout/button_dropdown' is clicked on

2019-05-08 14:59:35 - [TEST_STEP][PASSED] - click: Object: 'Object Repository/Utilities/Buyer Seller Logout/textlink_Logout' is clicked on

2019-05-08 14:59:48 - [MESSAGE][PASSED] - Object: 'Object Repository/Utilities/Buyer Seller Logout/textlink_Logout' is clicked on

2019-05-08 14:59:48 - [MESSAGE][PASSED] - Call Test Case 'Test Cases/Utilities/MERCHANT/Logout' successfully]]></system-out>
         <system-err><![CDATA[]]></system-err>
      </testcase>
      <testcase name="Test Cases/MERCHANT/BESPOKE/Upload/Simple Upload" classname="Test Cases/MERCHANT/BESPOKE/Upload/Simple Upload" status="FAILED">
         <failure type="FAILED" message="Unable to click on object 'Object Repository/CONSUMER/Homepage/a_BE A SELLER' (Root cause: com.kms.katalon.core.webui.exception.WebElementNotFoundException: Web element with id: 'Object Repository/CONSUMER/Homepage/a_BE A SELLER' located by 'By.xpath: //a[@href = 'javascript:void(0);' and @id = 'register-modal-seller' and (text() = 'BE A SELLER' or . = 'BE A SELLER')]' not found)"/>
         <system-out><![CDATA[2019-05-08 14:59:48 - [TEST_CASE][FAILED] - Test Cases/MERCHANT/BESPOKE/Upload/Simple Upload: Test Cases/MERCHANT/BESPOKE/Upload/Simple Upload FAILED because (of) Unable to click on object 'Object Repository/CONSUMER/Homepage/a_BE A SELLER' (Root cause: com.kms.katalon.core.webui.exception.WebElementNotFoundException: Web element with id: 'Object Repository/CONSUMER/Homepage/a_BE A SELLER' located by 'By.xpath: //a[@href = 'javascript:void(0);' and @id = 'register-modal-seller' and (text() = 'BE A SELLER' or . = 'BE A SELLER')]' not found)

2019-05-08 14:59:48 - [TEST_STEP][FAILED] - callTestCase: Unable to call Test Case with id 'Test Cases/Utilities/MERCHANT/Merchant Login' (Root cause: Call Test Case 'Test Cases/Utilities/MERCHANT/Merchant Login' failed)

2019-05-08 14:59:48 - [TEST_CASE][FAILED] - Test Cases/Utilities/MERCHANT/Merchant Login: Test Cases/Utilities/MERCHANT/Merchant Login FAILED because (of) Unable to click on object 'Object Repository/CONSUMER/Homepage/a_BE A SELLER' (Root cause: com.kms.katalon.core.webui.exception.WebElementNotFoundException: Web element with id: 'Object Repository/CONSUMER/Homepage/a_BE A SELLER' located by 'By.xpath: //a[@href = 'javascript:void(0);' and @id = 'register-modal-seller' and (text() = 'BE A SELLER' or . = 'BE A SELLER')]' not found)

2019-05-08 14:59:48 - [TEST_STEP][PASSED] - openBrowser: Browser is opened with url: ''

2019-05-08 14:59:48 - [MESSAGE][PASSED] - Browser is opened with url: ''

2019-05-08 14:59:48 - [TEST_STEP][PASSED] - maximizeWindow: Current window maximized

2019-05-08 14:59:48 - [MESSAGE][PASSED] - Current window maximized

2019-05-08 14:59:48 - [TEST_STEP][PASSED] - navigateToUrl: Navigate to 'http://0506BESPOKE.test.arcadier.io/' successfully

2019-05-08 14:59:48 - [MESSAGE][PASSED] - Navigate to 'http://0506BESPOKE.test.arcadier.io/' successfully

2019-05-08 14:59:48 - [TEST_STEP][PASSED] - waitForElementVisible: Web element with id: 'Object Repository/CONSUMER/Homepage/a_BE A SELLER' located by 'By.xpath: //a[@href = 'javascript:void(0);' and @id = 'register-modal-seller' and (text() = 'BE A SELLER' or . = 'BE A SELLER')]' not found

2019-05-08 14:59:48 - [MESSAGE][WARNING] - Timeout '0' is invalid. Using default page load timeout: '30'

2019-05-08 15:00:20 - [MESSAGE][WARNING] - Web element with id: 'Object Repository/CONSUMER/Homepage/a_BE A SELLER' located by 'By.xpath: //a[@href = 'javascript:void(0);' and @id = 'register-modal-seller' and (text() = 'BE A SELLER' or . = 'BE A SELLER')]' not found

2019-05-08 15:00:20 - [TEST_STEP][FAILED] - click: Unable to click on object 'Object Repository/CONSUMER/Homepage/a_BE A SELLER' (Root cause: com.kms.katalon.core.webui.exception.WebElementNotFoundException: Web element with id: 'Object Repository/CONSUMER/Homepage/a_BE A SELLER' located by 'By.xpath: //a[@href = 'javascript:void(0);' and @id = 'register-modal-seller' and (text() = 'BE A SELLER' or . = 'BE A SELLER')]' not found)

2019-05-08 15:00:53 - [MESSAGE][FAILED] - Unable to click on object 'Object Repository/CONSUMER/Homepage/a_BE A SELLER' (Root cause: com.kms.katalon.core.webui.exception.WebElementNotFoundException: Web element with id: 'Object Repository/CONSUMER/Homepage/a_BE A SELLER' located by 'By.xpath: //a[@href = 'javascript:void(0);' and @id = 'register-modal-seller' and (text() = 'BE A SELLER' or . = 'BE A SELLER')]' not found)
[[ATTACHMENT|C:\\Katalon\\Arctick\\Reports\\Suites\\Henry\\20190508_145236\\1557298853166.png]]

2019-05-08 15:00:53 - [MESSAGE][FAILED] - Unable to call Test Case with id 'Test Cases/Utilities/MERCHANT/Merchant Login' (Root cause: Call Test Case 'Test Cases/Utilities/MERCHANT/Merchant Login' failed)

2019-05-08 15:00:53 - [TEST_STEP][FAILED] - click: Unable to click on object 'Object Repository/Utilities/Header/BESPOKE/Merchant Header/linktext_Upload' (Root cause: com.kms.katalon.core.webui.exception.WebElementNotFoundException: Web element with id: 'Object Repository/Utilities/Header/BESPOKE/Merchant Header/linktext_Upload' located by 'By.xpath: //a[@href = '/user/item/upload' and (text() = 'Upload' or . = 'Upload')]' not found)

2019-05-08 15:01:26 - [MESSAGE][FAILED] - Unable to click on object 'Object Repository/Utilities/Header/BESPOKE/Merchant Header/linktext_Upload' (Root cause: com.kms.katalon.core.webui.exception.WebElementNotFoundException: Web element with id: 'Object Repository/Utilities/Header/BESPOKE/Merchant Header/linktext_Upload' located by 'By.xpath: //a[@href = '/user/item/upload' and (text() = 'Upload' or . = 'Upload')]' not found)
[[ATTACHMENT|C:\\Katalon\\Arctick\\Reports\\Suites\\Henry\\20190508_145236\\1557298886110.png]]

2019-05-08 15:01:26 - [TEST_STEP][PASSED] - waitForElementVisible: Web element with id: 'Object Repository/MERCHANT/Bespoke/Upload Page/textlabel_Category(s)' located by 'By.xpath: //label[(text() = 'Category(s)*' or . = 'Category(s)*')]' not found

2019-05-08 15:01:26 - [MESSAGE][WARNING] - Timeout '0' is invalid. Using default page load timeout: '30'

2019-05-08 15:01:58 - [MESSAGE][WARNING] - Web element with id: 'Object Repository/MERCHANT/Bespoke/Upload Page/textlabel_Category(s)' located by 'By.xpath: //label[(text() = 'Category(s)*' or . = 'Category(s)*')]' not found

2019-05-08 15:01:58 - [TEST_STEP][PASSED] - waitForElementVisible: Web element with id: 'Object Repository/MERCHANT/Bespoke/Upload Page/checkbox_cat1' located by 'By.xpath: //li/label' not found

2019-05-08 15:01:58 - [MESSAGE][WARNING] - Timeout '0' is invalid. Using default page load timeout: '30'

2019-05-08 15:02:30 - [MESSAGE][WARNING] - Web element with id: 'Object Repository/MERCHANT/Bespoke/Upload Page/checkbox_cat1' located by 'By.xpath: //li/label' not found

2019-05-08 15:02:30 - [TEST_STEP][FAILED] - click: Unable to click on object 'Object Repository/MERCHANT/Bespoke/Upload Page/checkbox_cat1' (Root cause: com.kms.katalon.core.webui.exception.WebElementNotFoundException: Web element with id: 'Object Repository/MERCHANT/Bespoke/Upload Page/checkbox_cat1' located by 'By.xpath: //li/label' not found)

2019-05-08 15:03:04 - [MESSAGE][FAILED] - Unable to click on object 'Object Repository/MERCHANT/Bespoke/Upload Page/checkbox_cat1' (Root cause: com.kms.katalon.core.webui.exception.WebElementNotFoundException: Web element with id: 'Object Repository/MERCHANT/Bespoke/Upload Page/checkbox_cat1' located by 'By.xpath: //li/label' not found)
[[ATTACHMENT|C:\\Katalon\\Arctick\\Reports\\Suites\\Henry\\20190508_145236\\1557298983834.png]]

2019-05-08 15:03:04 - [TEST_STEP][FAILED] - setText: Unable to set text 'Item 4' of object 'Object Repository/MERCHANT/Bespoke/Upload Page/input_item-name' (Root cause: com.kms.katalon.core.webui.exception.WebElementNotFoundException: Web element with id: 'Object Repository/MERCHANT/Bespoke/Upload Page/input_item-name' located by 'By.xpath: //input[@type = 'text' and @name = 'item-name' and @id = 'item-name']' not found)

2019-05-08 15:03:37 - [MESSAGE][FAILED] - Unable to set text 'Item 4' of object 'Object Repository/MERCHANT/Bespoke/Upload Page/input_item-name' (Root cause: com.kms.katalon.core.webui.exception.WebElementNotFoundException: Web element with id: 'Object Repository/MERCHANT/Bespoke/Upload Page/input_item-name' located by 'By.xpath: //input[@type = 'text' and @name = 'item-name' and @id = 'item-name']' not found)
[[ATTACHMENT|C:\\Katalon\\Arctick\\Reports\\Suites\\Henry\\20190508_145236\\1557299016751.png]]

2019-05-08 15:03:37 - [TEST_STEP][FAILED] - setText: Unable to set text '40000' of object 'Object Repository/MERCHANT/Bespoke/Upload Page/textbox_item-price' (Root cause: com.kms.katalon.core.webui.exception.WebElementNotFoundException: Web element with id: 'Object Repository/MERCHANT/Bespoke/Upload Page/textbox_item-price' located by 'By.xpath: //input[@type = 'text' and @name = 'item-price' and @id = 'item-price']' not found)

2019-05-08 15:04:10 - [MESSAGE][FAILED] - Unable to set text '40000' of object 'Object Repository/MERCHANT/Bespoke/Upload Page/textbox_item-price' (Root cause: com.kms.katalon.core.webui.exception.WebElementNotFoundException: Web element with id: 'Object Repository/MERCHANT/Bespoke/Upload Page/textbox_item-price' located by 'By.xpath: //input[@type = 'text' and @name = 'item-price' and @id = 'item-price']' not found)
[[ATTACHMENT|C:\\Katalon\\Arctick\\Reports\\Suites\\Henry\\20190508_145236\\1557299049934.png]]

2019-05-08 15:04:10 - [TEST_STEP][FAILED] - setText: Unable to set text '000I4' of object 'Object Repository/MERCHANT/Bespoke/Upload Page/textbox_sku-field' (Root cause: com.kms.katalon.core.webui.exception.WebElementNotFoundException: Web element with id: 'Object Repository/MERCHANT/Bespoke/Upload Page/textbox_sku-field' located by 'By.xpath: //input[@type = 'text' and @name = 'sku-field' and @id = 'item-sku']' not found)

2019-05-08 15:04:43 - [MESSAGE][FAILED] - Unable to set text '000I4' of object 'Object Repository/MERCHANT/Bespoke/Upload Page/textbox_sku-field' (Root cause: com.kms.katalon.core.webui.exception.WebElementNotFoundException: Web element with id: 'Object Repository/MERCHANT/Bespoke/Upload Page/textbox_sku-field' located by 'By.xpath: //input[@type = 'text' and @name = 'sku-field' and @id = 'item-sku']' not found)
[[ATTACHMENT|C:\\Katalon\\Arctick\\Reports\\Suites\\Henry\\20190508_145236\\1557299083195.png]]

2019-05-08 15:04:43 - [TEST_STEP][FAILED] - setText: Unable to set text 'Automation Upload' of object 'Object Repository/MERCHANT/Bespoke/Upload Page/textarea_item-description' (Root cause: com.kms.katalon.core.webui.exception.WebElementNotFoundException: Web element with id: 'Object Repository/MERCHANT/Bespoke/Upload Page/textarea_item-description' located by 'By.xpath: //textarea[@name = 'item-description' and @id = 'item-description']' not found)

2019-05-08 15:05:16 - [MESSAGE][FAILED] - Unable to set text 'Automation Upload' of object 'Object Repository/MERCHANT/Bespoke/Upload Page/textarea_item-description' (Root cause: com.kms.katalon.core.webui.exception.WebElementNotFoundException: Web element with id: 'Object Repository/MERCHANT/Bespoke/Upload Page/textarea_item-description' located by 'By.xpath: //textarea[@name = 'item-description' and @id = 'item-description']' not found)
[[ATTACHMENT|C:\\Katalon\\Arctick\\Reports\\Suites\\Henry\\20190508_145236\\1557299116216.png]]

2019-05-08 15:05:16 - [TEST_STEP][PASSED] - delay: Delayed 2 second(s)

2019-05-08 15:05:18 - [MESSAGE][PASSED] - Delayed 2 second(s)

2019-05-08 15:05:18 - [TEST_STEP][FAILED] - click: Unable to click on object 'Object Repository/MERCHANT/Bespoke/Upload Page/button_BROWSE' (Root cause: com.kms.katalon.core.webui.exception.WebElementNotFoundException: Web element with id: 'Object Repository/MERCHANT/Bespoke/Upload Page/button_BROWSE' located by 'By.xpath: id("btn-browse")[count(. | //*[@id = 'btn-browse']) = count(//*[@id = 'btn-browse'])]' not found)

2019-05-08 15:05:50 - [MESSAGE][FAILED] - Unable to click on object 'Object Repository/MERCHANT/Bespoke/Upload Page/button_BROWSE' (Root cause: com.kms.katalon.core.webui.exception.WebElementNotFoundException: Web element with id: 'Object Repository/MERCHANT/Bespoke/Upload Page/button_BROWSE' located by 'By.xpath: id("btn-browse")[count(. | //*[@id = 'btn-browse']) = count(//*[@id = 'btn-browse'])]' not found)
[[ATTACHMENT|C:\\Katalon\\Arctick\\Reports\\Suites\\Henry\\20190508_145236\\1557299149869.png]]

2019-05-08 15:05:50 - [TEST_STEP][FAILED] - callTestCase: Unable to call Test Case with id 'Test Cases/Utilities/Upload Image(with cropper) - Merchant' (Root cause: Call Test Case 'Test Cases/Utilities/Upload Image(with cropper) - Merchant' failed)

2019-05-08 15:05:50 - [TEST_CASE][FAILED] - Test Cases/Utilities/Upload Image(with cropper) - Merchant: Test Cases/Utilities/Upload Image(with cropper) - Merchant FAILED because (of) Unable to upload file 'C:\\Katalon\\Image\\pic2.jpg' to object 'Object Repository/Utilities/Image Cropper/image_container' (Root cause: com.kms.katalon.core.webui.exception.WebElementNotFoundException: Web element with id: 'Object Repository/Utilities/Image Cropper/image_container' located by 'By.xpath: //*[@id="upload-file"]' not found)

2019-05-08 15:05:50 - [TEST_STEP][PASSED] - delay: Delayed 1 second(s)

2019-05-08 15:05:51 - [MESSAGE][PASSED] - Delayed 1 second(s)

2019-05-08 15:05:51 - [TEST_STEP][FAILED] - uploadFile: Unable to upload file 'C:\\Katalon\\Image\\pic2.jpg' to object 'Object Repository/Utilities/Image Cropper/image_container' (Root cause: com.kms.katalon.core.webui.exception.WebElementNotFoundException: Web element with id: 'Object Repository/Utilities/Image Cropper/image_container' located by 'By.xpath: //*[@id="upload-file"]' not found)

2019-05-08 15:06:23 - [MESSAGE][FAILED] - Unable to upload file 'C:\\Katalon\\Image\\pic2.jpg' to object 'Object Repository/Utilities/Image Cropper/image_container' (Root cause: com.kms.katalon.core.webui.exception.WebElementNotFoundException: Web element with id: 'Object Repository/Utilities/Image Cropper/image_container' located by 'By.xpath: //*[@id="upload-file"]' not found)
[[ATTACHMENT|C:\\Katalon\\Arctick\\Reports\\Suites\\Henry\\20190508_145236\\1557299183032.png]]

2019-05-08 15:06:23 - [TEST_STEP][PASSED] - waitForElementVisible: Web element with id: 'Object Repository/Utilities/Image Cropper/button_ok' located by 'By.xpath: //*[@id="crop"]' not found

2019-05-08 15:06:23 - [MESSAGE][WARNING] - Timeout '0' is invalid. Using default page load timeout: '30'

2019-05-08 15:06:55 - [MESSAGE][WARNING] - Web element with id: 'Object Repository/Utilities/Image Cropper/button_ok' located by 'By.xpath: //*[@id="crop"]' not found

2019-05-08 15:06:55 - [TEST_STEP][FAILED] - click: Unable to click on object 'Object Repository/Utilities/Image Cropper/button_ok' (Root cause: com.kms.katalon.core.webui.exception.WebElementNotFoundException: Web element with id: 'Object Repository/Utilities/Image Cropper/button_ok' located by 'By.xpath: //*[@id="crop"]' not found)

2019-05-08 15:07:28 - [MESSAGE][FAILED] - Unable to click on object 'Object Repository/Utilities/Image Cropper/button_ok' (Root cause: com.kms.katalon.core.webui.exception.WebElementNotFoundException: Web element with id: 'Object Repository/Utilities/Image Cropper/button_ok' located by 'By.xpath: //*[@id="crop"]' not found)
[[ATTACHMENT|C:\\Katalon\\Arctick\\Reports\\Suites\\Henry\\20190508_145236\\1557299248433.png]]

2019-05-08 15:07:28 - [MESSAGE][FAILED] - Unable to call Test Case with id 'Test Cases/Utilities/Upload Image(with cropper) - Merchant' (Root cause: Call Test Case 'Test Cases/Utilities/Upload Image(with cropper) - Merchant' failed)

2019-05-08 15:07:28 - [TEST_STEP][FAILED] - setText: Unable to set text '5' of object 'Object Repository/MERCHANT/Bespoke/Upload Page/textbox_item-quantity' (Root cause: com.kms.katalon.core.webui.exception.WebElementNotFoundException: Web element with id: 'Object Repository/MERCHANT/Bespoke/Upload Page/textbox_item-quantity' located by 'By.xpath: //input[@type = 'text' and @name = 'item-quantity' and @id = 'item-quantity']' not found)

2019-05-08 15:08:02 - [MESSAGE][FAILED] - Unable to set text '5' of object 'Object Repository/MERCHANT/Bespoke/Upload Page/textbox_item-quantity' (Root cause: com.kms.katalon.core.webui.exception.WebElementNotFoundException: Web element with id: 'Object Repository/MERCHANT/Bespoke/Upload Page/textbox_item-quantity' located by 'By.xpath: //input[@type = 'text' and @name = 'item-quantity' and @id = 'item-quantity']' not found)
[[ATTACHMENT|C:\\Katalon\\Arctick\\Reports\\Suites\\Henry\\20190508_145236\\1557299282345.png]]

2019-05-08 15:08:02 - [TEST_STEP][FAILED] - click: Unable to click on object 'Object Repository/MERCHANT/Bespoke/Upload Page/button_SAVE' (Root cause: com.kms.katalon.core.webui.exception.WebElementNotFoundException: Web element with id: 'Object Repository/MERCHANT/Bespoke/Upload Page/button_SAVE' located by 'By.xpath: //a[@href = 'javascript:void(0);' and (text() = 'SAVE' or . = 'SAVE')]' not found)

2019-05-08 15:08:35 - [MESSAGE][FAILED] - Unable to click on object 'Object Repository/MERCHANT/Bespoke/Upload Page/button_SAVE' (Root cause: com.kms.katalon.core.webui.exception.WebElementNotFoundException: Web element with id: 'Object Repository/MERCHANT/Bespoke/Upload Page/button_SAVE' located by 'By.xpath: //a[@href = 'javascript:void(0);' and (text() = 'SAVE' or . = 'SAVE')]' not found)
[[ATTACHMENT|C:\\Katalon\\Arctick\\Reports\\Suites\\Henry\\20190508_145236\\1557299315659.png]]

2019-05-08 15:08:35 - [TEST_STEP][PASSED] - waitForElementVisible: Object 'Object Repository/MERCHANT/Bespoke/Your Items/button_Upload' is visible

2019-05-08 15:08:35 - [MESSAGE][WARNING] - Timeout '0' is invalid. Using default page load timeout: '30'

2019-05-08 15:08:36 - [MESSAGE][PASSED] - Object 'Object Repository/MERCHANT/Bespoke/Your Items/button_Upload' is visible

2019-05-08 15:08:36 - [TEST_STEP][PASSED] - callTestCase: Call Test Case 'Test Cases/Utilities/MERCHANT/Logout' successfully

2019-05-08 15:08:36 - [TEST_CASE][PASSED] - Test Cases/Utilities/MERCHANT/Logout: Test Cases/Utilities/MERCHANT/Logout

2019-05-08 15:08:36 - [TEST_STEP][PASSED] - click: Object: 'Object Repository/Utilities/Buyer Seller Logout/button_dropdown' is clicked on

2019-05-08 15:08:37 - [MESSAGE][PASSED] - Object: 'Object Repository/Utilities/Buyer Seller Logout/button_dropdown' is clicked on

2019-05-08 15:08:37 - [TEST_STEP][PASSED] - click: Object: 'Object Repository/Utilities/Buyer Seller Logout/textlink_Logout' is clicked on

2019-05-08 15:08:50 - [MESSAGE][PASSED] - Object: 'Object Repository/Utilities/Buyer Seller Logout/textlink_Logout' is clicked on

2019-05-08 15:08:50 - [MESSAGE][PASSED] - Call Test Case 'Test Cases/Utilities/MERCHANT/Logout' successfully]]></system-out>
         <system-err><![CDATA[2019-05-08 14:59:48 - [TEST_CASE][FAILED] - Test Cases/MERCHANT/BESPOKE/Upload/Simple Upload: Test Cases/MERCHANT/BESPOKE/Upload/Simple Upload FAILED because (of) Unable to click on object 'Object Repository/CONSUMER/Homepage/a_BE A SELLER' (Root cause: com.kms.katalon.core.webui.exception.WebElementNotFoundException: Web element with id: 'Object Repository/CONSUMER/Homepage/a_BE A SELLER' located by 'By.xpath: //a[@href = 'javascript:void(0);' and @id = 'register-modal-seller' and (text() = 'BE A SELLER' or . = 'BE A SELLER')]' not found)]]></system-err>
      </testcase>
      <testcase name="Test Cases/MERCHANT/BESPOKE/Upload/Simple Upload" classname="Test Cases/MERCHANT/BESPOKE/Upload/Simple Upload" status="PASSED">
         <system-out><![CDATA[2019-05-08 15:08:50 - [TEST_CASE][PASSED] - Test Cases/MERCHANT/BESPOKE/Upload/Simple Upload: Test Cases/MERCHANT/BESPOKE/Upload/Simple Upload

2019-05-08 15:08:50 - [TEST_STEP][PASSED] - callTestCase: Call Test Case 'Test Cases/Utilities/MERCHANT/Merchant Login' successfully

2019-05-08 15:08:50 - [TEST_CASE][PASSED] - Test Cases/Utilities/MERCHANT/Merchant Login: Test Cases/Utilities/MERCHANT/Merchant Login

2019-05-08 15:08:50 - [TEST_STEP][PASSED] - openBrowser: Browser is opened with url: ''

2019-05-08 15:08:50 - [MESSAGE][PASSED] - Browser is opened with url: ''

2019-05-08 15:08:50 - [TEST_STEP][PASSED] - maximizeWindow: Current window maximized

2019-05-08 15:08:50 - [MESSAGE][PASSED] - Current window maximized

2019-05-08 15:08:50 - [TEST_STEP][PASSED] - navigateToUrl: Navigate to 'http://0506BESPOKE.test.arcadier.io/' successfully

2019-05-08 15:09:13 - [MESSAGE][PASSED] - Navigate to 'http://0506BESPOKE.test.arcadier.io/' successfully

2019-05-08 15:09:13 - [TEST_STEP][PASSED] - waitForElementVisible: Object 'Object Repository/CONSUMER/Homepage/a_BE A SELLER' is visible

2019-05-08 15:09:13 - [MESSAGE][WARNING] - Timeout '0' is invalid. Using default page load timeout: '30'

2019-05-08 15:09:13 - [MESSAGE][PASSED] - Object 'Object Repository/CONSUMER/Homepage/a_BE A SELLER' is visible

2019-05-08 15:09:13 - [TEST_STEP][PASSED] - click: Object: 'Object Repository/CONSUMER/Homepage/a_BE A SELLER' is clicked on

2019-05-08 15:09:15 - [MESSAGE][PASSED] - Object: 'Object Repository/CONSUMER/Homepage/a_BE A SELLER' is clicked on

2019-05-08 15:09:15 - [TEST_STEP][PASSED] - Statement - If (MerchantAccountType == "custom"): Object: 'Object Repository/CONSUMER/Login Buyer/a_Sign In' is clicked on

2019-05-08 15:09:15 - [TEST_STEP][PASSED] - waitForElementVisible: Object 'Object Repository/CONSUMER/Login Buyer/input_username' is visible

2019-05-08 15:09:15 - [MESSAGE][WARNING] - Timeout '0' is invalid. Using default page load timeout: '30'

2019-05-08 15:09:15 - [MESSAGE][PASSED] - Object 'Object Repository/CONSUMER/Login Buyer/input_username' is visible

2019-05-08 15:09:15 - [TEST_STEP][PASSED] - setText: Text 'custommerchant3' is set on object 'Object Repository/CONSUMER/Login Buyer/input_username'

2019-05-08 15:09:15 - [MESSAGE][PASSED] - Text 'custommerchant3' is set on object 'Object Repository/CONSUMER/Login Buyer/input_username'

2019-05-08 15:09:15 - [TEST_STEP][PASSED] - setText: Text 'welcome8' is set on object 'Object Repository/CONSUMER/Login Buyer/input_password'

2019-05-08 15:09:16 - [MESSAGE][PASSED] - Text 'welcome8' is set on object 'Object Repository/CONSUMER/Login Buyer/input_password'

2019-05-08 15:09:16 - [TEST_STEP][PASSED] - click: Object: 'Object Repository/CONSUMER/Login Buyer/a_Sign In' is clicked on

2019-05-08 15:09:26 - [MESSAGE][PASSED] - Object: 'Object Repository/CONSUMER/Login Buyer/a_Sign In' is clicked on

2019-05-08 15:09:26 - [TEST_STEP][PASSED] - waitForElementVisible: Object 'Object Repository/MERCHANT/Bespoke/Dashboard/textlabel_DASHBOARD' is visible

2019-05-08 15:09:26 - [MESSAGE][WARNING] - Timeout '0' is invalid. Using default page load timeout: '30'

2019-05-08 15:09:26 - [MESSAGE][PASSED] - Object 'Object Repository/MERCHANT/Bespoke/Dashboard/textlabel_DASHBOARD' is visible

2019-05-08 15:09:26 - [MESSAGE][PASSED] - Call Test Case 'Test Cases/Utilities/MERCHANT/Merchant Login' successfully

2019-05-08 15:09:26 - [TEST_STEP][PASSED] - click: Object: 'Object Repository/Utilities/Header/BESPOKE/Merchant Header/linktext_Upload' is clicked on

2019-05-08 15:09:46 - [MESSAGE][PASSED] - Object: 'Object Repository/Utilities/Header/BESPOKE/Merchant Header/linktext_Upload' is clicked on

2019-05-08 15:09:46 - [TEST_STEP][PASSED] - waitForElementVisible: Object 'Object Repository/MERCHANT/Bespoke/Upload Page/textlabel_Category(s)' is visible

2019-05-08 15:09:46 - [MESSAGE][WARNING] - Timeout '0' is invalid. Using default page load timeout: '30'

2019-05-08 15:09:46 - [MESSAGE][PASSED] - Object 'Object Repository/MERCHANT/Bespoke/Upload Page/textlabel_Category(s)' is visible

2019-05-08 15:09:46 - [TEST_STEP][PASSED] - waitForElementVisible: Object 'Object Repository/MERCHANT/Bespoke/Upload Page/checkbox_cat1' is visible

2019-05-08 15:09:46 - [MESSAGE][WARNING] - Timeout '0' is invalid. Using default page load timeout: '30'

2019-05-08 15:09:56 - [MESSAGE][PASSED] - Object 'Object Repository/MERCHANT/Bespoke/Upload Page/checkbox_cat1' is visible

2019-05-08 15:09:56 - [TEST_STEP][PASSED] - click: Object: 'Object Repository/MERCHANT/Bespoke/Upload Page/checkbox_cat1' is clicked on

2019-05-08 15:09:56 - [MESSAGE][PASSED] - Object: 'Object Repository/MERCHANT/Bespoke/Upload Page/checkbox_cat1' is clicked on

2019-05-08 15:09:56 - [TEST_STEP][PASSED] - setText: Text 'Item 5' is set on object 'Object Repository/MERCHANT/Bespoke/Upload Page/input_item-name'

2019-05-08 15:09:56 - [MESSAGE][PASSED] - Text 'Item 5' is set on object 'Object Repository/MERCHANT/Bespoke/Upload Page/input_item-name'

2019-05-08 15:09:56 - [TEST_STEP][PASSED] - setText: Text '80000' is set on object 'Object Repository/MERCHANT/Bespoke/Upload Page/textbox_item-price'

2019-05-08 15:09:56 - [MESSAGE][PASSED] - Text '80000' is set on object 'Object Repository/MERCHANT/Bespoke/Upload Page/textbox_item-price'

2019-05-08 15:09:56 - [TEST_STEP][PASSED] - setText: Text '000I5' is set on object 'Object Repository/MERCHANT/Bespoke/Upload Page/textbox_sku-field'

2019-05-08 15:09:57 - [MESSAGE][PASSED] - Text '000I5' is set on object 'Object Repository/MERCHANT/Bespoke/Upload Page/textbox_sku-field'

2019-05-08 15:09:57 - [TEST_STEP][PASSED] - setText: Text 'Automation Upload' is set on object 'Object Repository/MERCHANT/Bespoke/Upload Page/textarea_item-description'

2019-05-08 15:09:57 - [MESSAGE][PASSED] - Text 'Automation Upload' is set on object 'Object Repository/MERCHANT/Bespoke/Upload Page/textarea_item-description'

2019-05-08 15:09:57 - [TEST_STEP][PASSED] - delay: Delayed 2 second(s)

2019-05-08 15:09:59 - [MESSAGE][PASSED] - Delayed 2 second(s)

2019-05-08 15:09:59 - [TEST_STEP][PASSED] - click: Object: 'Object Repository/MERCHANT/Bespoke/Upload Page/button_BROWSE' is clicked on

2019-05-08 15:09:59 - [MESSAGE][PASSED] - Object: 'Object Repository/MERCHANT/Bespoke/Upload Page/button_BROWSE' is clicked on

2019-05-08 15:09:59 - [TEST_STEP][PASSED] - callTestCase: Call Test Case 'Test Cases/Utilities/Upload Image(with cropper) - Merchant' successfully

2019-05-08 15:09:59 - [TEST_CASE][PASSED] - Test Cases/Utilities/Upload Image(with cropper) - Merchant: Test Cases/Utilities/Upload Image(with cropper) - Merchant

2019-05-08 15:09:59 - [TEST_STEP][PASSED] - delay: Delayed 1 second(s)

2019-05-08 15:10:00 - [MESSAGE][PASSED] - Delayed 1 second(s)

2019-05-08 15:10:00 - [TEST_STEP][PASSED] - uploadFile: File 'C:\\Katalon\\Image\\pic2.jpg' sent to object: 'Object Repository/Utilities/Image Cropper/image_container'

2019-05-08 15:10:01 - [MESSAGE][PASSED] - File 'C:\\Katalon\\Image\\pic2.jpg' sent to object: 'Object Repository/Utilities/Image Cropper/image_container'

2019-05-08 15:10:01 - [TEST_STEP][PASSED] - waitForElementVisible: Object 'Object Repository/Utilities/Image Cropper/button_ok' is visible

2019-05-08 15:10:01 - [MESSAGE][WARNING] - Timeout '0' is invalid. Using default page load timeout: '30'

2019-05-08 15:10:01 - [MESSAGE][PASSED] - Object 'Object Repository/Utilities/Image Cropper/button_ok' is visible

2019-05-08 15:10:01 - [TEST_STEP][PASSED] - click: Object: 'Object Repository/Utilities/Image Cropper/button_ok' is clicked on

2019-05-08 15:10:01 - [MESSAGE][PASSED] - Object: 'Object Repository/Utilities/Image Cropper/button_ok' is clicked on

2019-05-08 15:10:01 - [TEST_STEP][PASSED] - delay: Delayed 2 second(s)

2019-05-08 15:10:03 - [MESSAGE][PASSED] - Delayed 2 second(s)

2019-05-08 15:10:03 - [MESSAGE][PASSED] - Call Test Case 'Test Cases/Utilities/Upload Image(with cropper) - Merchant' successfully

2019-05-08 15:10:03 - [TEST_STEP][PASSED] - setText: Text '6' is set on object 'Object Repository/MERCHANT/Bespoke/Upload Page/textbox_item-quantity'

2019-05-08 15:10:03 - [MESSAGE][PASSED] - Text '6' is set on object 'Object Repository/MERCHANT/Bespoke/Upload Page/textbox_item-quantity'

2019-05-08 15:10:03 - [TEST_STEP][PASSED] - click: Object: 'Object Repository/MERCHANT/Bespoke/Upload Page/button_SAVE' is clicked on

2019-05-08 15:10:04 - [MESSAGE][PASSED] - Object: 'Object Repository/MERCHANT/Bespoke/Upload Page/button_SAVE' is clicked on

2019-05-08 15:10:04 - [TEST_STEP][PASSED] - waitForElementVisible: Object 'Object Repository/MERCHANT/Bespoke/Your Items/button_Upload' is visible

2019-05-08 15:10:04 - [MESSAGE][WARNING] - Timeout '0' is invalid. Using default page load timeout: '30'

2019-05-08 15:10:25 - [MESSAGE][PASSED] - Object 'Object Repository/MERCHANT/Bespoke/Your Items/button_Upload' is visible

2019-05-08 15:10:25 - [TEST_STEP][PASSED] - callTestCase: Call Test Case 'Test Cases/Utilities/MERCHANT/Logout' successfully

2019-05-08 15:10:25 - [TEST_CASE][PASSED] - Test Cases/Utilities/MERCHANT/Logout: Test Cases/Utilities/MERCHANT/Logout

2019-05-08 15:10:25 - [TEST_STEP][PASSED] - click: Object: 'Object Repository/Utilities/Buyer Seller Logout/button_dropdown' is clicked on

2019-05-08 15:10:25 - [MESSAGE][PASSED] - Object: 'Object Repository/Utilities/Buyer Seller Logout/button_dropdown' is clicked on

2019-05-08 15:10:25 - [TEST_STEP][PASSED] - click: Object: 'Object Repository/Utilities/Buyer Seller Logout/textlink_Logout' is clicked on

2019-05-08 15:10:46 - [MESSAGE][PASSED] - Object: 'Object Repository/Utilities/Buyer Seller Logout/textlink_Logout' is clicked on

2019-05-08 15:10:46 - [MESSAGE][PASSED] - Call Test Case 'Test Cases/Utilities/MERCHANT/Logout' successfully]]></system-out>
         <system-err><![CDATA[]]></system-err>
      </testcase>
      <testcase name="Test Cases/MERCHANT/BESPOKE/Upload/Simple Upload" classname="Test Cases/MERCHANT/BESPOKE/Upload/Simple Upload" status="PASSED">
         <system-out><![CDATA[2019-05-08 15:10:46 - [TEST_CASE][PASSED] - Test Cases/MERCHANT/BESPOKE/Upload/Simple Upload: Test Cases/MERCHANT/BESPOKE/Upload/Simple Upload

2019-05-08 15:10:46 - [TEST_STEP][PASSED] - callTestCase: Call Test Case 'Test Cases/Utilities/MERCHANT/Merchant Login' successfully

2019-05-08 15:10:46 - [TEST_CASE][PASSED] - Test Cases/Utilities/MERCHANT/Merchant Login: Test Cases/Utilities/MERCHANT/Merchant Login

2019-05-08 15:10:46 - [TEST_STEP][PASSED] - openBrowser: Browser is opened with url: ''

2019-05-08 15:10:46 - [MESSAGE][PASSED] - Browser is opened with url: ''

2019-05-08 15:10:46 - [TEST_STEP][PASSED] - maximizeWindow: Current window maximized

2019-05-08 15:10:46 - [MESSAGE][PASSED] - Current window maximized

2019-05-08 15:10:46 - [TEST_STEP][PASSED] - navigateToUrl: Navigate to 'http://0506BESPOKE.test.arcadier.io/' successfully

2019-05-08 15:10:57 - [MESSAGE][PASSED] - Navigate to 'http://0506BESPOKE.test.arcadier.io/' successfully

2019-05-08 15:10:57 - [TEST_STEP][PASSED] - waitForElementVisible: Object 'Object Repository/CONSUMER/Homepage/a_BE A SELLER' is visible

2019-05-08 15:10:57 - [MESSAGE][WARNING] - Timeout '0' is invalid. Using default page load timeout: '30'

2019-05-08 15:10:57 - [MESSAGE][PASSED] - Object 'Object Repository/CONSUMER/Homepage/a_BE A SELLER' is visible

2019-05-08 15:10:57 - [TEST_STEP][PASSED] - click: Object: 'Object Repository/CONSUMER/Homepage/a_BE A SELLER' is clicked on

2019-05-08 15:11:13 - [MESSAGE][PASSED] - Object: 'Object Repository/CONSUMER/Homepage/a_BE A SELLER' is clicked on

2019-05-08 15:11:13 - [TEST_STEP][PASSED] - Statement - If (MerchantAccountType == "custom"): Object: 'Object Repository/CONSUMER/Login Buyer/a_Sign In' is clicked on

2019-05-08 15:11:13 - [TEST_STEP][PASSED] - waitForElementVisible: Object 'Object Repository/CONSUMER/Login Buyer/input_username' is visible

2019-05-08 15:11:13 - [MESSAGE][WARNING] - Timeout '0' is invalid. Using default page load timeout: '30'

2019-05-08 15:11:13 - [MESSAGE][PASSED] - Object 'Object Repository/CONSUMER/Login Buyer/input_username' is visible

2019-05-08 15:11:13 - [TEST_STEP][PASSED] - setText: Text 'custommerchant3' is set on object 'Object Repository/CONSUMER/Login Buyer/input_username'

2019-05-08 15:11:14 - [MESSAGE][PASSED] - Text 'custommerchant3' is set on object 'Object Repository/CONSUMER/Login Buyer/input_username'

2019-05-08 15:11:14 - [TEST_STEP][PASSED] - setText: Text 'welcome8' is set on object 'Object Repository/CONSUMER/Login Buyer/input_password'

2019-05-08 15:11:14 - [MESSAGE][PASSED] - Text 'welcome8' is set on object 'Object Repository/CONSUMER/Login Buyer/input_password'

2019-05-08 15:11:14 - [TEST_STEP][PASSED] - click: Object: 'Object Repository/CONSUMER/Login Buyer/a_Sign In' is clicked on

2019-05-08 15:11:56 - [MESSAGE][PASSED] - Object: 'Object Repository/CONSUMER/Login Buyer/a_Sign In' is clicked on

2019-05-08 15:11:56 - [TEST_STEP][PASSED] - waitForElementVisible: Object 'Object Repository/MERCHANT/Bespoke/Dashboard/textlabel_DASHBOARD' is visible

2019-05-08 15:11:56 - [MESSAGE][WARNING] - Timeout '0' is invalid. Using default page load timeout: '30'

2019-05-08 15:11:56 - [MESSAGE][PASSED] - Object 'Object Repository/MERCHANT/Bespoke/Dashboard/textlabel_DASHBOARD' is visible

2019-05-08 15:11:56 - [MESSAGE][PASSED] - Call Test Case 'Test Cases/Utilities/MERCHANT/Merchant Login' successfully

2019-05-08 15:11:56 - [TEST_STEP][PASSED] - click: Object: 'Object Repository/Utilities/Header/BESPOKE/Merchant Header/linktext_Upload' is clicked on

2019-05-08 15:12:14 - [MESSAGE][PASSED] - Object: 'Object Repository/Utilities/Header/BESPOKE/Merchant Header/linktext_Upload' is clicked on

2019-05-08 15:12:14 - [TEST_STEP][PASSED] - waitForElementVisible: Object 'Object Repository/MERCHANT/Bespoke/Upload Page/textlabel_Category(s)' is visible

2019-05-08 15:12:14 - [MESSAGE][WARNING] - Timeout '0' is invalid. Using default page load timeout: '30'

2019-05-08 15:12:14 - [MESSAGE][PASSED] - Object 'Object Repository/MERCHANT/Bespoke/Upload Page/textlabel_Category(s)' is visible

2019-05-08 15:12:14 - [TEST_STEP][PASSED] - waitForElementVisible: Object 'Object Repository/MERCHANT/Bespoke/Upload Page/checkbox_cat1' is visible

2019-05-08 15:12:14 - [MESSAGE][WARNING] - Timeout '0' is invalid. Using default page load timeout: '30'

2019-05-08 15:12:22 - [MESSAGE][PASSED] - Object 'Object Repository/MERCHANT/Bespoke/Upload Page/checkbox_cat1' is visible

2019-05-08 15:12:22 - [TEST_STEP][PASSED] - click: Object: 'Object Repository/MERCHANT/Bespoke/Upload Page/checkbox_cat1' is clicked on

2019-05-08 15:12:23 - [MESSAGE][PASSED] - Object: 'Object Repository/MERCHANT/Bespoke/Upload Page/checkbox_cat1' is clicked on

2019-05-08 15:12:23 - [TEST_STEP][PASSED] - setText: Text 'Item 6' is set on object 'Object Repository/MERCHANT/Bespoke/Upload Page/input_item-name'

2019-05-08 15:12:23 - [MESSAGE][PASSED] - Text 'Item 6' is set on object 'Object Repository/MERCHANT/Bespoke/Upload Page/input_item-name'

2019-05-08 15:12:23 - [TEST_STEP][PASSED] - setText: Text '10000' is set on object 'Object Repository/MERCHANT/Bespoke/Upload Page/textbox_item-price'

2019-05-08 15:12:23 - [MESSAGE][PASSED] - Text '10000' is set on object 'Object Repository/MERCHANT/Bespoke/Upload Page/textbox_item-price'

2019-05-08 15:12:23 - [TEST_STEP][PASSED] - setText: Text '000I6' is set on object 'Object Repository/MERCHANT/Bespoke/Upload Page/textbox_sku-field'

2019-05-08 15:12:23 - [MESSAGE][PASSED] - Text '000I6' is set on object 'Object Repository/MERCHANT/Bespoke/Upload Page/textbox_sku-field'

2019-05-08 15:12:23 - [TEST_STEP][PASSED] - setText: Text 'Automation Upload' is set on object 'Object Repository/MERCHANT/Bespoke/Upload Page/textarea_item-description'

2019-05-08 15:12:24 - [MESSAGE][PASSED] - Text 'Automation Upload' is set on object 'Object Repository/MERCHANT/Bespoke/Upload Page/textarea_item-description'

2019-05-08 15:12:24 - [TEST_STEP][PASSED] - delay: Delayed 2 second(s)

2019-05-08 15:12:26 - [MESSAGE][PASSED] - Delayed 2 second(s)

2019-05-08 15:12:26 - [TEST_STEP][PASSED] - click: Object: 'Object Repository/MERCHANT/Bespoke/Upload Page/button_BROWSE' is clicked on

2019-05-08 15:12:26 - [MESSAGE][PASSED] - Object: 'Object Repository/MERCHANT/Bespoke/Upload Page/button_BROWSE' is clicked on

2019-05-08 15:12:26 - [TEST_STEP][PASSED] - callTestCase: Call Test Case 'Test Cases/Utilities/Upload Image(with cropper) - Merchant' successfully

2019-05-08 15:12:26 - [TEST_CASE][PASSED] - Test Cases/Utilities/Upload Image(with cropper) - Merchant: Test Cases/Utilities/Upload Image(with cropper) - Merchant

2019-05-08 15:12:26 - [TEST_STEP][PASSED] - delay: Delayed 1 second(s)

2019-05-08 15:12:27 - [MESSAGE][PASSED] - Delayed 1 second(s)

2019-05-08 15:12:27 - [TEST_STEP][PASSED] - uploadFile: File 'C:\\Katalon\\Image\\pic2.jpg' sent to object: 'Object Repository/Utilities/Image Cropper/image_container'

2019-05-08 15:12:27 - [MESSAGE][PASSED] - File 'C:\\Katalon\\Image\\pic2.jpg' sent to object: 'Object Repository/Utilities/Image Cropper/image_container'

2019-05-08 15:12:27 - [TEST_STEP][PASSED] - waitForElementVisible: Object 'Object Repository/Utilities/Image Cropper/button_ok' is visible

2019-05-08 15:12:27 - [MESSAGE][WARNING] - Timeout '0' is invalid. Using default page load timeout: '30'

2019-05-08 15:12:27 - [MESSAGE][PASSED] - Object 'Object Repository/Utilities/Image Cropper/button_ok' is visible

2019-05-08 15:12:27 - [TEST_STEP][PASSED] - click: Object: 'Object Repository/Utilities/Image Cropper/button_ok' is clicked on

2019-05-08 15:12:28 - [MESSAGE][PASSED] - Object: 'Object Repository/Utilities/Image Cropper/button_ok' is clicked on

2019-05-08 15:12:28 - [TEST_STEP][PASSED] - delay: Delayed 2 second(s)

2019-05-08 15:12:30 - [MESSAGE][PASSED] - Delayed 2 second(s)

2019-05-08 15:12:30 - [MESSAGE][PASSED] - Call Test Case 'Test Cases/Utilities/Upload Image(with cropper) - Merchant' successfully

2019-05-08 15:12:30 - [TEST_STEP][PASSED] - setText: Text '7' is set on object 'Object Repository/MERCHANT/Bespoke/Upload Page/textbox_item-quantity'

2019-05-08 15:12:30 - [MESSAGE][PASSED] - Text '7' is set on object 'Object Repository/MERCHANT/Bespoke/Upload Page/textbox_item-quantity'

2019-05-08 15:12:30 - [TEST_STEP][PASSED] - click: Object: 'Object Repository/MERCHANT/Bespoke/Upload Page/button_SAVE' is clicked on

2019-05-08 15:12:30 - [MESSAGE][PASSED] - Object: 'Object Repository/MERCHANT/Bespoke/Upload Page/button_SAVE' is clicked on

2019-05-08 15:12:30 - [TEST_STEP][PASSED] - waitForElementVisible: Object 'Object Repository/MERCHANT/Bespoke/Your Items/button_Upload' is visible

2019-05-08 15:12:30 - [MESSAGE][WARNING] - Timeout '0' is invalid. Using default page load timeout: '30'

2019-05-08 15:12:51 - [MESSAGE][PASSED] - Object 'Object Repository/MERCHANT/Bespoke/Your Items/button_Upload' is visible

2019-05-08 15:12:51 - [TEST_STEP][PASSED] - callTestCase: Call Test Case 'Test Cases/Utilities/MERCHANT/Logout' successfully

2019-05-08 15:12:51 - [TEST_CASE][PASSED] - Test Cases/Utilities/MERCHANT/Logout: Test Cases/Utilities/MERCHANT/Logout

2019-05-08 15:12:51 - [TEST_STEP][PASSED] - click: Object: 'Object Repository/Utilities/Buyer Seller Logout/button_dropdown' is clicked on

2019-05-08 15:12:51 - [MESSAGE][PASSED] - Object: 'Object Repository/Utilities/Buyer Seller Logout/button_dropdown' is clicked on

2019-05-08 15:12:51 - [TEST_STEP][PASSED] - click: Object: 'Object Repository/Utilities/Buyer Seller Logout/textlink_Logout' is clicked on

2019-05-08 15:13:11 - [MESSAGE][PASSED] - Object: 'Object Repository/Utilities/Buyer Seller Logout/textlink_Logout' is clicked on

2019-05-08 15:13:11 - [MESSAGE][PASSED] - Call Test Case 'Test Cases/Utilities/MERCHANT/Logout' successfully]]></system-out>
         <system-err><![CDATA[]]></system-err>
      </testcase>
      <testcase name="Test Cases/MERCHANT/BESPOKE/Upload/Simple Upload" classname="Test Cases/MERCHANT/BESPOKE/Upload/Simple Upload" status="PASSED">
         <system-out><![CDATA[2019-05-08 15:13:11 - [TEST_CASE][PASSED] - Test Cases/MERCHANT/BESPOKE/Upload/Simple Upload: Test Cases/MERCHANT/BESPOKE/Upload/Simple Upload

2019-05-08 15:13:11 - [TEST_STEP][PASSED] - callTestCase: Call Test Case 'Test Cases/Utilities/MERCHANT/Merchant Login' successfully

2019-05-08 15:13:11 - [TEST_CASE][PASSED] - Test Cases/Utilities/MERCHANT/Merchant Login: Test Cases/Utilities/MERCHANT/Merchant Login

2019-05-08 15:13:11 - [TEST_STEP][PASSED] - openBrowser: Browser is opened with url: ''

2019-05-08 15:13:11 - [MESSAGE][PASSED] - Browser is opened with url: ''

2019-05-08 15:13:11 - [TEST_STEP][PASSED] - maximizeWindow: Current window maximized

2019-05-08 15:13:11 - [MESSAGE][PASSED] - Current window maximized

2019-05-08 15:13:11 - [TEST_STEP][PASSED] - navigateToUrl: Navigate to 'http://0506BESPOKE.test.arcadier.io/' successfully

2019-05-08 15:13:33 - [MESSAGE][PASSED] - Navigate to 'http://0506BESPOKE.test.arcadier.io/' successfully

2019-05-08 15:13:33 - [TEST_STEP][PASSED] - waitForElementVisible: Object 'Object Repository/CONSUMER/Homepage/a_BE A SELLER' is visible

2019-05-08 15:13:33 - [MESSAGE][WARNING] - Timeout '0' is invalid. Using default page load timeout: '30'

2019-05-08 15:13:34 - [MESSAGE][PASSED] - Object 'Object Repository/CONSUMER/Homepage/a_BE A SELLER' is visible

2019-05-08 15:13:34 - [TEST_STEP][PASSED] - click: Object: 'Object Repository/CONSUMER/Homepage/a_BE A SELLER' is clicked on

2019-05-08 15:13:34 - [MESSAGE][PASSED] - Object: 'Object Repository/CONSUMER/Homepage/a_BE A SELLER' is clicked on

2019-05-08 15:13:34 - [TEST_STEP][PASSED] - Statement - If (MerchantAccountType == "custom"): Object: 'Object Repository/CONSUMER/Login Buyer/a_Sign In' is clicked on

2019-05-08 15:13:34 - [TEST_STEP][PASSED] - waitForElementVisible: Object 'Object Repository/CONSUMER/Login Buyer/input_username' is visible

2019-05-08 15:13:34 - [MESSAGE][WARNING] - Timeout '0' is invalid. Using default page load timeout: '30'

2019-05-08 15:13:49 - [MESSAGE][PASSED] - Object 'Object Repository/CONSUMER/Login Buyer/input_username' is visible

2019-05-08 15:13:49 - [TEST_STEP][PASSED] - setText: Text 'custommerchant3' is set on object 'Object Repository/CONSUMER/Login Buyer/input_username'

2019-05-08 15:13:49 - [MESSAGE][PASSED] - Text 'custommerchant3' is set on object 'Object Repository/CONSUMER/Login Buyer/input_username'

2019-05-08 15:13:49 - [TEST_STEP][PASSED] - setText: Text 'welcome8' is set on object 'Object Repository/CONSUMER/Login Buyer/input_password'

2019-05-08 15:13:49 - [MESSAGE][PASSED] - Text 'welcome8' is set on object 'Object Repository/CONSUMER/Login Buyer/input_password'

2019-05-08 15:13:49 - [TEST_STEP][PASSED] - click: Object: 'Object Repository/CONSUMER/Login Buyer/a_Sign In' is clicked on

2019-05-08 15:14:37 - [MESSAGE][PASSED] - Object: 'Object Repository/CONSUMER/Login Buyer/a_Sign In' is clicked on

2019-05-08 15:14:37 - [TEST_STEP][PASSED] - waitForElementVisible: Object 'Object Repository/MERCHANT/Bespoke/Dashboard/textlabel_DASHBOARD' is visible

2019-05-08 15:14:37 - [MESSAGE][WARNING] - Timeout '0' is invalid. Using default page load timeout: '30'

2019-05-08 15:14:37 - [MESSAGE][PASSED] - Object 'Object Repository/MERCHANT/Bespoke/Dashboard/textlabel_DASHBOARD' is visible

2019-05-08 15:14:37 - [MESSAGE][PASSED] - Call Test Case 'Test Cases/Utilities/MERCHANT/Merchant Login' successfully

2019-05-08 15:14:37 - [TEST_STEP][PASSED] - click: Object: 'Object Repository/Utilities/Header/BESPOKE/Merchant Header/linktext_Upload' is clicked on

2019-05-08 15:14:53 - [MESSAGE][PASSED] - Object: 'Object Repository/Utilities/Header/BESPOKE/Merchant Header/linktext_Upload' is clicked on

2019-05-08 15:14:53 - [TEST_STEP][PASSED] - waitForElementVisible: Object 'Object Repository/MERCHANT/Bespoke/Upload Page/textlabel_Category(s)' is visible

2019-05-08 15:14:53 - [MESSAGE][WARNING] - Timeout '0' is invalid. Using default page load timeout: '30'

2019-05-08 15:14:53 - [MESSAGE][PASSED] - Object 'Object Repository/MERCHANT/Bespoke/Upload Page/textlabel_Category(s)' is visible

2019-05-08 15:14:53 - [TEST_STEP][PASSED] - waitForElementVisible: Object 'Object Repository/MERCHANT/Bespoke/Upload Page/checkbox_cat1' is visible

2019-05-08 15:14:53 - [MESSAGE][WARNING] - Timeout '0' is invalid. Using default page load timeout: '30'

2019-05-08 15:15:03 - [MESSAGE][PASSED] - Object 'Object Repository/MERCHANT/Bespoke/Upload Page/checkbox_cat1' is visible

2019-05-08 15:15:03 - [TEST_STEP][PASSED] - click: Object: 'Object Repository/MERCHANT/Bespoke/Upload Page/checkbox_cat1' is clicked on

2019-05-08 15:15:04 - [MESSAGE][PASSED] - Object: 'Object Repository/MERCHANT/Bespoke/Upload Page/checkbox_cat1' is clicked on

2019-05-08 15:15:04 - [TEST_STEP][PASSED] - setText: Text 'Item 7' is set on object 'Object Repository/MERCHANT/Bespoke/Upload Page/input_item-name'

2019-05-08 15:15:04 - [MESSAGE][PASSED] - Text 'Item 7' is set on object 'Object Repository/MERCHANT/Bespoke/Upload Page/input_item-name'

2019-05-08 15:15:04 - [TEST_STEP][PASSED] - setText: Text '20000' is set on object 'Object Repository/MERCHANT/Bespoke/Upload Page/textbox_item-price'

2019-05-08 15:15:05 - [MESSAGE][PASSED] - Text '20000' is set on object 'Object Repository/MERCHANT/Bespoke/Upload Page/textbox_item-price'

2019-05-08 15:15:05 - [TEST_STEP][PASSED] - setText: Text '000I7' is set on object 'Object Repository/MERCHANT/Bespoke/Upload Page/textbox_sku-field'

2019-05-08 15:15:06 - [MESSAGE][PASSED] - Text '000I7' is set on object 'Object Repository/MERCHANT/Bespoke/Upload Page/textbox_sku-field'

2019-05-08 15:15:06 - [TEST_STEP][PASSED] - setText: Text 'Automation Upload' is set on object 'Object Repository/MERCHANT/Bespoke/Upload Page/textarea_item-description'

2019-05-08 15:15:06 - [MESSAGE][PASSED] - Text 'Automation Upload' is set on object 'Object Repository/MERCHANT/Bespoke/Upload Page/textarea_item-description'

2019-05-08 15:15:06 - [TEST_STEP][PASSED] - delay: Delayed 2 second(s)

2019-05-08 15:15:08 - [MESSAGE][PASSED] - Delayed 2 second(s)

2019-05-08 15:15:08 - [TEST_STEP][PASSED] - click: Object: 'Object Repository/MERCHANT/Bespoke/Upload Page/button_BROWSE' is clicked on

2019-05-08 15:15:08 - [MESSAGE][PASSED] - Object: 'Object Repository/MERCHANT/Bespoke/Upload Page/button_BROWSE' is clicked on

2019-05-08 15:15:08 - [TEST_STEP][PASSED] - callTestCase: Call Test Case 'Test Cases/Utilities/Upload Image(with cropper) - Merchant' successfully

2019-05-08 15:15:08 - [TEST_CASE][PASSED] - Test Cases/Utilities/Upload Image(with cropper) - Merchant: Test Cases/Utilities/Upload Image(with cropper) - Merchant

2019-05-08 15:15:08 - [TEST_STEP][PASSED] - delay: Delayed 1 second(s)

2019-05-08 15:15:09 - [MESSAGE][PASSED] - Delayed 1 second(s)

2019-05-08 15:15:09 - [TEST_STEP][PASSED] - uploadFile: File 'C:\\Katalon\\Image\\pic2.jpg' sent to object: 'Object Repository/Utilities/Image Cropper/image_container'

2019-05-08 15:15:09 - [MESSAGE][PASSED] - File 'C:\\Katalon\\Image\\pic2.jpg' sent to object: 'Object Repository/Utilities/Image Cropper/image_container'

2019-05-08 15:15:09 - [TEST_STEP][PASSED] - waitForElementVisible: Object 'Object Repository/Utilities/Image Cropper/button_ok' is visible

2019-05-08 15:15:09 - [MESSAGE][WARNING] - Timeout '0' is invalid. Using default page load timeout: '30'

2019-05-08 15:15:10 - [MESSAGE][PASSED] - Object 'Object Repository/Utilities/Image Cropper/button_ok' is visible

2019-05-08 15:15:10 - [TEST_STEP][PASSED] - click: Object: 'Object Repository/Utilities/Image Cropper/button_ok' is clicked on

2019-05-08 15:15:10 - [MESSAGE][PASSED] - Object: 'Object Repository/Utilities/Image Cropper/button_ok' is clicked on

2019-05-08 15:15:10 - [TEST_STEP][PASSED] - delay: Delayed 2 second(s)

2019-05-08 15:15:12 - [MESSAGE][PASSED] - Delayed 2 second(s)

2019-05-08 15:15:12 - [MESSAGE][PASSED] - Call Test Case 'Test Cases/Utilities/Upload Image(with cropper) - Merchant' successfully

2019-05-08 15:15:12 - [TEST_STEP][PASSED] - setText: Text '8' is set on object 'Object Repository/MERCHANT/Bespoke/Upload Page/textbox_item-quantity'

2019-05-08 15:15:12 - [MESSAGE][PASSED] - Text '8' is set on object 'Object Repository/MERCHANT/Bespoke/Upload Page/textbox_item-quantity'

2019-05-08 15:15:12 - [TEST_STEP][PASSED] - click: Object: 'Object Repository/MERCHANT/Bespoke/Upload Page/button_SAVE' is clicked on

2019-05-08 15:15:12 - [MESSAGE][PASSED] - Object: 'Object Repository/MERCHANT/Bespoke/Upload Page/button_SAVE' is clicked on

2019-05-08 15:15:12 - [TEST_STEP][PASSED] - waitForElementVisible: Object 'Object Repository/MERCHANT/Bespoke/Your Items/button_Upload' is visible

2019-05-08 15:15:12 - [MESSAGE][WARNING] - Timeout '0' is invalid. Using default page load timeout: '30'

2019-05-08 15:15:32 - [MESSAGE][PASSED] - Object 'Object Repository/MERCHANT/Bespoke/Your Items/button_Upload' is visible

2019-05-08 15:15:32 - [TEST_STEP][PASSED] - callTestCase: Call Test Case 'Test Cases/Utilities/MERCHANT/Logout' successfully

2019-05-08 15:15:32 - [TEST_CASE][PASSED] - Test Cases/Utilities/MERCHANT/Logout: Test Cases/Utilities/MERCHANT/Logout

2019-05-08 15:15:32 - [TEST_STEP][PASSED] - click: Object: 'Object Repository/Utilities/Buyer Seller Logout/button_dropdown' is clicked on

2019-05-08 15:15:32 - [MESSAGE][PASSED] - Object: 'Object Repository/Utilities/Buyer Seller Logout/button_dropdown' is clicked on

2019-05-08 15:15:32 - [TEST_STEP][PASSED] - click: Object: 'Object Repository/Utilities/Buyer Seller Logout/textlink_Logout' is clicked on

2019-05-08 15:15:54 - [MESSAGE][PASSED] - Object: 'Object Repository/Utilities/Buyer Seller Logout/textlink_Logout' is clicked on

2019-05-08 15:15:54 - [MESSAGE][PASSED] - Call Test Case 'Test Cases/Utilities/MERCHANT/Logout' successfully]]></system-out>
         <system-err><![CDATA[]]></system-err>
      </testcase>
      <testcase name="Test Cases/MERCHANT/BESPOKE/Upload/Simple Upload" classname="Test Cases/MERCHANT/BESPOKE/Upload/Simple Upload" status="FAILED">
         <failure type="FAILED" message="Unable to click on object 'Object Repository/Utilities/Header/BESPOKE/Merchant Header/linktext_Upload' (Root cause: com.kms.katalon.core.webui.exception.WebElementNotFoundException: Web element with id: 'Object Repository/Utilities/Header/BESPOKE/Merchant Header/linktext_Upload' located by 'By.xpath: //a[@href = '/user/item/upload' and (text() = 'Upload' or . = 'Upload')]' not found)"/>
         <system-out><![CDATA[2019-05-08 15:15:54 - [TEST_CASE][FAILED] - Test Cases/MERCHANT/BESPOKE/Upload/Simple Upload: Test Cases/MERCHANT/BESPOKE/Upload/Simple Upload FAILED because (of) Unable to click on object 'Object Repository/Utilities/Header/BESPOKE/Merchant Header/linktext_Upload' (Root cause: com.kms.katalon.core.webui.exception.WebElementNotFoundException: Web element with id: 'Object Repository/Utilities/Header/BESPOKE/Merchant Header/linktext_Upload' located by 'By.xpath: //a[@href = '/user/item/upload' and (text() = 'Upload' or . = 'Upload')]' not found)

2019-05-08 15:15:54 - [TEST_STEP][PASSED] - callTestCase: Call Test Case 'Test Cases/Utilities/MERCHANT/Merchant Login' successfully

2019-05-08 15:15:54 - [TEST_CASE][PASSED] - Test Cases/Utilities/MERCHANT/Merchant Login: Test Cases/Utilities/MERCHANT/Merchant Login

2019-05-08 15:15:54 - [TEST_STEP][PASSED] - openBrowser: Browser is opened with url: ''

2019-05-08 15:15:54 - [MESSAGE][PASSED] - Browser is opened with url: ''

2019-05-08 15:15:54 - [TEST_STEP][PASSED] - maximizeWindow: Current window maximized

2019-05-08 15:15:54 - [MESSAGE][PASSED] - Current window maximized

2019-05-08 15:15:54 - [TEST_STEP][PASSED] - navigateToUrl: Navigate to 'http://0506BESPOKE.test.arcadier.io/' successfully

2019-05-08 15:16:04 - [MESSAGE][PASSED] - Navigate to 'http://0506BESPOKE.test.arcadier.io/' successfully

2019-05-08 15:16:04 - [TEST_STEP][PASSED] - waitForElementVisible: Object 'Object Repository/CONSUMER/Homepage/a_BE A SELLER' is visible

2019-05-08 15:16:04 - [MESSAGE][WARNING] - Timeout '0' is invalid. Using default page load timeout: '30'

2019-05-08 15:16:04 - [MESSAGE][PASSED] - Object 'Object Repository/CONSUMER/Homepage/a_BE A SELLER' is visible

2019-05-08 15:16:04 - [TEST_STEP][PASSED] - click: Object: 'Object Repository/CONSUMER/Homepage/a_BE A SELLER' is clicked on

2019-05-08 15:16:23 - [MESSAGE][PASSED] - Object: 'Object Repository/CONSUMER/Homepage/a_BE A SELLER' is clicked on

2019-05-08 15:16:23 - [TEST_STEP][PASSED] - Statement - If (MerchantAccountType == "custom"): Object: 'Object Repository/CONSUMER/Login Buyer/a_Sign In' is clicked on

2019-05-08 15:16:23 - [TEST_STEP][PASSED] - waitForElementVisible: Object 'Object Repository/CONSUMER/Login Buyer/input_username' is visible

2019-05-08 15:16:23 - [MESSAGE][WARNING] - Timeout '0' is invalid. Using default page load timeout: '30'

2019-05-08 15:16:23 - [MESSAGE][PASSED] - Object 'Object Repository/CONSUMER/Login Buyer/input_username' is visible

2019-05-08 15:16:23 - [TEST_STEP][PASSED] - setText: Text 'custommerchant3' is set on object 'Object Repository/CONSUMER/Login Buyer/input_username'

2019-05-08 15:16:23 - [MESSAGE][PASSED] - Text 'custommerchant3' is set on object 'Object Repository/CONSUMER/Login Buyer/input_username'

2019-05-08 15:16:23 - [TEST_STEP][PASSED] - setText: Text 'welcome8' is set on object 'Object Repository/CONSUMER/Login Buyer/input_password'

2019-05-08 15:16:23 - [MESSAGE][PASSED] - Text 'welcome8' is set on object 'Object Repository/CONSUMER/Login Buyer/input_password'

2019-05-08 15:16:23 - [TEST_STEP][PASSED] - click: Object: 'Object Repository/CONSUMER/Login Buyer/a_Sign In' is clicked on

2019-05-08 15:16:32 - [MESSAGE][PASSED] - Object: 'Object Repository/CONSUMER/Login Buyer/a_Sign In' is clicked on

2019-05-08 15:16:32 - [TEST_STEP][PASSED] - waitForElementVisible: Web element with id: 'Object Repository/MERCHANT/Bespoke/Dashboard/textlabel_DASHBOARD' located by 'By.xpath: //span[(text() = 'DASHBOARD' or . = 'DASHBOARD')]' not found

2019-05-08 15:16:32 - [MESSAGE][WARNING] - Timeout '0' is invalid. Using default page load timeout: '30'

2019-05-08 15:17:04 - [MESSAGE][WARNING] - Web element with id: 'Object Repository/MERCHANT/Bespoke/Dashboard/textlabel_DASHBOARD' located by 'By.xpath: //span[(text() = 'DASHBOARD' or . = 'DASHBOARD')]' not found

2019-05-08 15:17:04 - [MESSAGE][PASSED] - Call Test Case 'Test Cases/Utilities/MERCHANT/Merchant Login' successfully

2019-05-08 15:17:04 - [TEST_STEP][FAILED] - click: Unable to click on object 'Object Repository/Utilities/Header/BESPOKE/Merchant Header/linktext_Upload' (Root cause: com.kms.katalon.core.webui.exception.WebElementNotFoundException: Web element with id: 'Object Repository/Utilities/Header/BESPOKE/Merchant Header/linktext_Upload' located by 'By.xpath: //a[@href = '/user/item/upload' and (text() = 'Upload' or . = 'Upload')]' not found)

2019-05-08 15:17:39 - [MESSAGE][FAILED] - Unable to click on object 'Object Repository/Utilities/Header/BESPOKE/Merchant Header/linktext_Upload' (Root cause: com.kms.katalon.core.webui.exception.WebElementNotFoundException: Web element with id: 'Object Repository/Utilities/Header/BESPOKE/Merchant Header/linktext_Upload' located by 'By.xpath: //a[@href = '/user/item/upload' and (text() = 'Upload' or . = 'Upload')]' not found)
[[ATTACHMENT|C:\\Katalon\\Arctick\\Reports\\Suites\\Henry\\20190508_145236\\1557299858846.png]]

2019-05-08 15:17:39 - [TEST_STEP][PASSED] - waitForElementVisible: Web element with id: 'Object Repository/MERCHANT/Bespoke/Upload Page/textlabel_Category(s)' located by 'By.xpath: //label[(text() = 'Category(s)*' or . = 'Category(s)*')]' not found

2019-05-08 15:17:39 - [MESSAGE][WARNING] - Timeout '0' is invalid. Using default page load timeout: '30'

2019-05-08 15:18:15 - [MESSAGE][WARNING] - Web element with id: 'Object Repository/MERCHANT/Bespoke/Upload Page/textlabel_Category(s)' located by 'By.xpath: //label[(text() = 'Category(s)*' or . = 'Category(s)*')]' not found

2019-05-08 15:18:15 - [TEST_STEP][PASSED] - waitForElementVisible: Web element with id: 'Object Repository/MERCHANT/Bespoke/Upload Page/checkbox_cat1' located by 'By.xpath: //li/label' not found

2019-05-08 15:18:15 - [MESSAGE][WARNING] - Timeout '0' is invalid. Using default page load timeout: '30'

2019-05-08 15:18:50 - [MESSAGE][WARNING] - Web element with id: 'Object Repository/MERCHANT/Bespoke/Upload Page/checkbox_cat1' located by 'By.xpath: //li/label' not found

2019-05-08 15:18:50 - [TEST_STEP][FAILED] - click: Unable to click on object 'Object Repository/MERCHANT/Bespoke/Upload Page/checkbox_cat1' (Root cause: com.kms.katalon.core.webui.exception.WebElementNotFoundException: Web element with id: 'Object Repository/MERCHANT/Bespoke/Upload Page/checkbox_cat1' located by 'By.xpath: //li/label' not found)

2019-05-08 15:19:26 - [MESSAGE][FAILED] - Unable to click on object 'Object Repository/MERCHANT/Bespoke/Upload Page/checkbox_cat1' (Root cause: com.kms.katalon.core.webui.exception.WebElementNotFoundException: Web element with id: 'Object Repository/MERCHANT/Bespoke/Upload Page/checkbox_cat1' located by 'By.xpath: //li/label' not found)
[[ATTACHMENT|C:\\Katalon\\Arctick\\Reports\\Suites\\Henry\\20190508_145236\\1557299966368.png]]

2019-05-08 15:19:26 - [TEST_STEP][FAILED] - setText: Unable to set text 'Item 8' of object 'Object Repository/MERCHANT/Bespoke/Upload Page/input_item-name' (Root cause: com.kms.katalon.core.webui.exception.WebElementNotFoundException: Web element with id: 'Object Repository/MERCHANT/Bespoke/Upload Page/input_item-name' located by 'By.xpath: //input[@type = 'text' and @name = 'item-name' and @id = 'item-name']' not found)

2019-05-08 15:20:00 - [MESSAGE][FAILED] - Unable to set text 'Item 8' of object 'Object Repository/MERCHANT/Bespoke/Upload Page/input_item-name' (Root cause: com.kms.katalon.core.webui.exception.WebElementNotFoundException: Web element with id: 'Object Repository/MERCHANT/Bespoke/Upload Page/input_item-name' located by 'By.xpath: //input[@type = 'text' and @name = 'item-name' and @id = 'item-name']' not found)
[[ATTACHMENT|C:\\Katalon\\Arctick\\Reports\\Suites\\Henry\\20190508_145236\\1557300000382.png]]

2019-05-08 15:20:00 - [TEST_STEP][FAILED] - setText: Unable to set text '90000' of object 'Object Repository/MERCHANT/Bespoke/Upload Page/textbox_item-price' (Root cause: com.kms.katalon.core.webui.exception.WebElementNotFoundException: Web element with id: 'Object Repository/MERCHANT/Bespoke/Upload Page/textbox_item-price' located by 'By.xpath: //input[@type = 'text' and @name = 'item-price' and @id = 'item-price']' not found)

2019-05-08 15:20:34 - [MESSAGE][FAILED] - Unable to set text '90000' of object 'Object Repository/MERCHANT/Bespoke/Upload Page/textbox_item-price' (Root cause: com.kms.katalon.core.webui.exception.WebElementNotFoundException: Web element with id: 'Object Repository/MERCHANT/Bespoke/Upload Page/textbox_item-price' located by 'By.xpath: //input[@type = 'text' and @name = 'item-price' and @id = 'item-price']' not found)
[[ATTACHMENT|C:\\Katalon\\Arctick\\Reports\\Suites\\Henry\\20190508_145236\\1557300033998.png]]

2019-05-08 15:20:34 - [TEST_STEP][FAILED] - setText: Unable to set text '000I8' of object 'Object Repository/MERCHANT/Bespoke/Upload Page/textbox_sku-field' (Root cause: com.kms.katalon.core.webui.exception.WebElementNotFoundException: Web element with id: 'Object Repository/MERCHANT/Bespoke/Upload Page/textbox_sku-field' located by 'By.xpath: //input[@type = 'text' and @name = 'sku-field' and @id = 'item-sku']' not found)

2019-05-08 15:21:07 - [MESSAGE][FAILED] - Unable to set text '000I8' of object 'Object Repository/MERCHANT/Bespoke/Upload Page/textbox_sku-field' (Root cause: com.kms.katalon.core.webui.exception.WebElementNotFoundException: Web element with id: 'Object Repository/MERCHANT/Bespoke/Upload Page/textbox_sku-field' located by 'By.xpath: //input[@type = 'text' and @name = 'sku-field' and @id = 'item-sku']' not found)
[[ATTACHMENT|C:\\Katalon\\Arctick\\Reports\\Suites\\Henry\\20190508_145236\\1557300066809.png]]

2019-05-08 15:21:07 - [TEST_STEP][FAILED] - setText: Unable to set text 'Automation Upload' of object 'Object Repository/MERCHANT/Bespoke/Upload Page/textarea_item-description' (Root cause: com.kms.katalon.core.webui.exception.WebElementNotFoundException: Web element with id: 'Object Repository/MERCHANT/Bespoke/Upload Page/textarea_item-description' located by 'By.xpath: //textarea[@name = 'item-description' and @id = 'item-description']' not found)

2019-05-08 15:21:41 - [MESSAGE][FAILED] - Unable to set text 'Automation Upload' of object 'Object Repository/MERCHANT/Bespoke/Upload Page/textarea_item-description' (Root cause: com.kms.katalon.core.webui.exception.WebElementNotFoundException: Web element with id: 'Object Repository/MERCHANT/Bespoke/Upload Page/textarea_item-description' located by 'By.xpath: //textarea[@name = 'item-description' and @id = 'item-description']' not found)
[[ATTACHMENT|C:\\Katalon\\Arctick\\Reports\\Suites\\Henry\\20190508_145236\\1557300101058.png]]

2019-05-08 15:21:41 - [TEST_STEP][PASSED] - delay: Delayed 2 second(s)

2019-05-08 15:21:43 - [MESSAGE][PASSED] - Delayed 2 second(s)

2019-05-08 15:21:43 - [TEST_STEP][FAILED] - click: Unable to click on object 'Object Repository/MERCHANT/Bespoke/Upload Page/button_BROWSE' (Root cause: com.kms.katalon.core.webui.exception.WebElementNotFoundException: Web element with id: 'Object Repository/MERCHANT/Bespoke/Upload Page/button_BROWSE' located by 'By.xpath: id("btn-browse")[count(. | //*[@id = 'btn-browse']) = count(//*[@id = 'btn-browse'])]' not found)

2019-05-08 15:22:16 - [MESSAGE][FAILED] - Unable to click on object 'Object Repository/MERCHANT/Bespoke/Upload Page/button_BROWSE' (Root cause: com.kms.katalon.core.webui.exception.WebElementNotFoundException: Web element with id: 'Object Repository/MERCHANT/Bespoke/Upload Page/button_BROWSE' located by 'By.xpath: id("btn-browse")[count(. | //*[@id = 'btn-browse']) = count(//*[@id = 'btn-browse'])]' not found)
[[ATTACHMENT|C:\\Katalon\\Arctick\\Reports\\Suites\\Henry\\20190508_145236\\1557300136357.png]]

2019-05-08 15:22:16 - [TEST_STEP][FAILED] - callTestCase: Unable to call Test Case with id 'Test Cases/Utilities/Upload Image(with cropper) - Merchant' (Root cause: Call Test Case 'Test Cases/Utilities/Upload Image(with cropper) - Merchant' failed)

2019-05-08 15:22:16 - [TEST_CASE][FAILED] - Test Cases/Utilities/Upload Image(with cropper) - Merchant: Test Cases/Utilities/Upload Image(with cropper) - Merchant FAILED because (of) Unable to upload file 'C:\\Katalon\\Image\\pic2.jpg' to object 'Object Repository/Utilities/Image Cropper/image_container' (Root cause: com.kms.katalon.core.webui.exception.WebElementNotFoundException: Web element with id: 'Object Repository/Utilities/Image Cropper/image_container' located by 'By.xpath: //*[@id="upload-file"]' not found)

2019-05-08 15:22:16 - [TEST_STEP][PASSED] - delay: Delayed 1 second(s)

2019-05-08 15:22:17 - [MESSAGE][PASSED] - Delayed 1 second(s)

2019-05-08 15:22:17 - [TEST_STEP][FAILED] - uploadFile: Unable to upload file 'C:\\Katalon\\Image\\pic2.jpg' to object 'Object Repository/Utilities/Image Cropper/image_container' (Root cause: com.kms.katalon.core.webui.exception.WebElementNotFoundException: Web element with id: 'Object Repository/Utilities/Image Cropper/image_container' located by 'By.xpath: //*[@id="upload-file"]' not found)

2019-05-08 15:22:51 - [MESSAGE][FAILED] - Unable to upload file 'C:\\Katalon\\Image\\pic2.jpg' to object 'Object Repository/Utilities/Image Cropper/image_container' (Root cause: com.kms.katalon.core.webui.exception.WebElementNotFoundException: Web element with id: 'Object Repository/Utilities/Image Cropper/image_container' located by 'By.xpath: //*[@id="upload-file"]' not found)
[[ATTACHMENT|C:\\Katalon\\Arctick\\Reports\\Suites\\Henry\\20190508_145236\\1557300171579.png]]

2019-05-08 15:22:51 - [TEST_STEP][PASSED] - waitForElementVisible: Web element with id: 'Object Repository/Utilities/Image Cropper/button_ok' located by 'By.xpath: //*[@id="crop"]' not found

2019-05-08 15:22:51 - [MESSAGE][WARNING] - Timeout '0' is invalid. Using default page load timeout: '30'

2019-05-08 15:23:25 - [MESSAGE][WARNING] - Web element with id: 'Object Repository/Utilities/Image Cropper/button_ok' located by 'By.xpath: //*[@id="crop"]' not found

2019-05-08 15:23:25 - [TEST_STEP][FAILED] - click: Unable to click on object 'Object Repository/Utilities/Image Cropper/button_ok' (Root cause: com.kms.katalon.core.webui.exception.WebElementNotFoundException: Web element with id: 'Object Repository/Utilities/Image Cropper/button_ok' located by 'By.xpath: //*[@id="crop"]' not found)

2019-05-08 15:23:58 - [MESSAGE][FAILED] - Unable to click on object 'Object Repository/Utilities/Image Cropper/button_ok' (Root cause: com.kms.katalon.core.webui.exception.WebElementNotFoundException: Web element with id: 'Object Repository/Utilities/Image Cropper/button_ok' located by 'By.xpath: //*[@id="crop"]' not found)
[[ATTACHMENT|C:\\Katalon\\Arctick\\Reports\\Suites\\Henry\\20190508_145236\\1557300237849.png]]

2019-05-08 15:23:58 - [MESSAGE][FAILED] - Unable to call Test Case with id 'Test Cases/Utilities/Upload Image(with cropper) - Merchant' (Root cause: Call Test Case 'Test Cases/Utilities/Upload Image(with cropper) - Merchant' failed)

2019-05-08 15:23:58 - [TEST_STEP][FAILED] - setText: Unable to set text '9' of object 'Object Repository/MERCHANT/Bespoke/Upload Page/textbox_item-quantity' (Root cause: com.kms.katalon.core.webui.exception.WebElementNotFoundException: Web element with id: 'Object Repository/MERCHANT/Bespoke/Upload Page/textbox_item-quantity' located by 'By.xpath: //input[@type = 'text' and @name = 'item-quantity' and @id = 'item-quantity']' not found)

2019-05-08 15:24:32 - [MESSAGE][FAILED] - Unable to set text '9' of object 'Object Repository/MERCHANT/Bespoke/Upload Page/textbox_item-quantity' (Root cause: com.kms.katalon.core.webui.exception.WebElementNotFoundException: Web element with id: 'Object Repository/MERCHANT/Bespoke/Upload Page/textbox_item-quantity' located by 'By.xpath: //input[@type = 'text' and @name = 'item-quantity' and @id = 'item-quantity']' not found)
[[ATTACHMENT|C:\\Katalon\\Arctick\\Reports\\Suites\\Henry\\20190508_145236\\1557300271862.png]]

2019-05-08 15:24:32 - [TEST_STEP][FAILED] - click: Unable to click on object 'Object Repository/MERCHANT/Bespoke/Upload Page/button_SAVE' (Root cause: com.kms.katalon.core.webui.exception.WebElementNotFoundException: Web element with id: 'Object Repository/MERCHANT/Bespoke/Upload Page/button_SAVE' located by 'By.xpath: //a[@href = 'javascript:void(0);' and (text() = 'SAVE' or . = 'SAVE')]' not found)

2019-05-08 15:25:05 - [MESSAGE][FAILED] - Unable to click on object 'Object Repository/MERCHANT/Bespoke/Upload Page/button_SAVE' (Root cause: com.kms.katalon.core.webui.exception.WebElementNotFoundException: Web element with id: 'Object Repository/MERCHANT/Bespoke/Upload Page/button_SAVE' located by 'By.xpath: //a[@href = 'javascript:void(0);' and (text() = 'SAVE' or . = 'SAVE')]' not found)
[[ATTACHMENT|C:\\Katalon\\Arctick\\Reports\\Suites\\Henry\\20190508_145236\\1557300305262.png]]

2019-05-08 15:25:05 - [TEST_STEP][PASSED] - waitForElementVisible: Web element with id: 'Object Repository/MERCHANT/Bespoke/Your Items/button_Upload' located by 'By.xpath: //a[@href = 'javascript:void(0);' and (text() = '
                        
                        Upload
                    ' or . = '
                        
                        Upload
                    ')]' not found

2019-05-08 15:25:05 - [MESSAGE][WARNING] - Timeout '0' is invalid. Using default page load timeout: '30'

2019-05-08 15:25:37 - [MESSAGE][WARNING] - Web element with id: 'Object Repository/MERCHANT/Bespoke/Your Items/button_Upload' located by 'By.xpath: //a[@href = 'javascript:void(0);' and (text() = '
                        
                        Upload
                    ' or . = '
                        
                        Upload
                    ')]' not found

2019-05-08 15:25:37 - [TEST_STEP][FAILED] - callTestCase: Unable to call Test Case with id 'Test Cases/Utilities/MERCHANT/Logout' (Root cause: Call Test Case 'Test Cases/Utilities/MERCHANT/Logout' failed)

2019-05-08 15:25:37 - [TEST_CASE][FAILED] - Test Cases/Utilities/MERCHANT/Logout: Test Cases/Utilities/MERCHANT/Logout FAILED because (of) Unable to click on object 'Object Repository/Utilities/Buyer Seller Logout/button_dropdown' (Root cause: com.kms.katalon.core.webui.exception.WebElementNotFoundException: Web element with id: 'Object Repository/Utilities/Buyer Seller Logout/button_dropdown' located by 'By.xpath: //div[1]/div/div[2]/div/ul/li[9]' not found)

2019-05-08 15:25:37 - [TEST_STEP][FAILED] - click: Unable to click on object 'Object Repository/Utilities/Buyer Seller Logout/button_dropdown' (Root cause: com.kms.katalon.core.webui.exception.WebElementNotFoundException: Web element with id: 'Object Repository/Utilities/Buyer Seller Logout/button_dropdown' located by 'By.xpath: //div[1]/div/div[2]/div/ul/li[9]' not found)

2019-05-08 15:26:09 - [MESSAGE][FAILED] - Unable to click on object 'Object Repository/Utilities/Buyer Seller Logout/button_dropdown' (Root cause: com.kms.katalon.core.webui.exception.WebElementNotFoundException: Web element with id: 'Object Repository/Utilities/Buyer Seller Logout/button_dropdown' located by 'By.xpath: //div[1]/div/div[2]/div/ul/li[9]' not found)
[[ATTACHMENT|C:\\Katalon\\Arctick\\Reports\\Suites\\Henry\\20190508_145236\\1557300369642.png]]

2019-05-08 15:26:09 - [TEST_STEP][FAILED] - click: Unable to click on object 'Object Repository/Utilities/Buyer Seller Logout/textlink_Logout' (Root cause: com.kms.katalon.core.webui.exception.WebElementNotFoundException: Web element with id: 'Object Repository/Utilities/Buyer Seller Logout/textlink_Logout' located by 'By.xpath: //a[@href = '#' and (text() = 'Logout' or . = 'Logout')]' not found)

2019-05-08 15:26:43 - [MESSAGE][FAILED] - Unable to click on object 'Object Repository/Utilities/Buyer Seller Logout/textlink_Logout' (Root cause: com.kms.katalon.core.webui.exception.WebElementNotFoundException: Web element with id: 'Object Repository/Utilities/Buyer Seller Logout/textlink_Logout' located by 'By.xpath: //a[@href = '#' and (text() = 'Logout' or . = 'Logout')]' not found)
[[ATTACHMENT|C:\\Katalon\\Arctick\\Reports\\Suites\\Henry\\20190508_145236\\1557300403014.png]]

2019-05-08 15:26:43 - [MESSAGE][FAILED] - Unable to call Test Case with id 'Test Cases/Utilities/MERCHANT/Logout' (Root cause: Call Test Case 'Test Cases/Utilities/MERCHANT/Logout' failed)]]></system-out>
         <system-err><![CDATA[2019-05-08 15:15:54 - [TEST_CASE][FAILED] - Test Cases/MERCHANT/BESPOKE/Upload/Simple Upload: Test Cases/MERCHANT/BESPOKE/Upload/Simple Upload FAILED because (of) Unable to click on object 'Object Repository/Utilities/Header/BESPOKE/Merchant Header/linktext_Upload' (Root cause: com.kms.katalon.core.webui.exception.WebElementNotFoundException: Web element with id: 'Object Repository/Utilities/Header/BESPOKE/Merchant Header/linktext_Upload' located by 'By.xpath: //a[@href = '/user/item/upload' and (text() = 'Upload' or . = 'Upload')]' not found)]]></system-err>
      </testcase>
      <testcase name="Test Cases/MERCHANT/BESPOKE/Upload/Simple Upload" classname="Test Cases/MERCHANT/BESPOKE/Upload/Simple Upload" status="FAILED">
         <failure type="FAILED" message="Unable to click on object 'Object Repository/CONSUMER/Homepage/a_BE A SELLER' (Root cause: com.kms.katalon.core.webui.exception.WebElementNotFoundException: Web element with id: 'Object Repository/CONSUMER/Homepage/a_BE A SELLER' located by 'By.xpath: //a[@href = 'javascript:void(0);' and @id = 'register-modal-seller' and (text() = 'BE A SELLER' or . = 'BE A SELLER')]' not found)"/>
         <system-out><![CDATA[2019-05-08 15:26:43 - [TEST_CASE][FAILED] - Test Cases/MERCHANT/BESPOKE/Upload/Simple Upload: Test Cases/MERCHANT/BESPOKE/Upload/Simple Upload FAILED because (of) Unable to click on object 'Object Repository/CONSUMER/Homepage/a_BE A SELLER' (Root cause: com.kms.katalon.core.webui.exception.WebElementNotFoundException: Web element with id: 'Object Repository/CONSUMER/Homepage/a_BE A SELLER' located by 'By.xpath: //a[@href = 'javascript:void(0);' and @id = 'register-modal-seller' and (text() = 'BE A SELLER' or . = 'BE A SELLER')]' not found)

2019-05-08 15:26:43 - [TEST_STEP][FAILED] - callTestCase: Unable to call Test Case with id 'Test Cases/Utilities/MERCHANT/Merchant Login' (Root cause: Call Test Case 'Test Cases/Utilities/MERCHANT/Merchant Login' failed)

2019-05-08 15:26:43 - [TEST_CASE][FAILED] - Test Cases/Utilities/MERCHANT/Merchant Login: Test Cases/Utilities/MERCHANT/Merchant Login FAILED because (of) Unable to click on object 'Object Repository/CONSUMER/Homepage/a_BE A SELLER' (Root cause: com.kms.katalon.core.webui.exception.WebElementNotFoundException: Web element with id: 'Object Repository/CONSUMER/Homepage/a_BE A SELLER' located by 'By.xpath: //a[@href = 'javascript:void(0);' and @id = 'register-modal-seller' and (text() = 'BE A SELLER' or . = 'BE A SELLER')]' not found)

2019-05-08 15:26:43 - [TEST_STEP][PASSED] - openBrowser: Browser is opened with url: ''

2019-05-08 15:26:43 - [MESSAGE][PASSED] - Browser is opened with url: ''

2019-05-08 15:26:43 - [TEST_STEP][PASSED] - maximizeWindow: Current window maximized

2019-05-08 15:26:43 - [MESSAGE][PASSED] - Current window maximized

2019-05-08 15:26:43 - [TEST_STEP][PASSED] - navigateToUrl: Navigate to 'http://0506BESPOKE.test.arcadier.io/' successfully

2019-05-08 15:26:46 - [MESSAGE][PASSED] - Navigate to 'http://0506BESPOKE.test.arcadier.io/' successfully

2019-05-08 15:26:46 - [TEST_STEP][PASSED] - waitForElementVisible: Web element with id: 'Object Repository/CONSUMER/Homepage/a_BE A SELLER' located by 'By.xpath: //a[@href = 'javascript:void(0);' and @id = 'register-modal-seller' and (text() = 'BE A SELLER' or . = 'BE A SELLER')]' not found

2019-05-08 15:26:46 - [MESSAGE][WARNING] - Timeout '0' is invalid. Using default page load timeout: '30'

2019-05-08 15:27:18 - [MESSAGE][WARNING] - Web element with id: 'Object Repository/CONSUMER/Homepage/a_BE A SELLER' located by 'By.xpath: //a[@href = 'javascript:void(0);' and @id = 'register-modal-seller' and (text() = 'BE A SELLER' or . = 'BE A SELLER')]' not found

2019-05-08 15:27:18 - [TEST_STEP][FAILED] - click: Unable to click on object 'Object Repository/CONSUMER/Homepage/a_BE A SELLER' (Root cause: com.kms.katalon.core.webui.exception.WebElementNotFoundException: Web element with id: 'Object Repository/CONSUMER/Homepage/a_BE A SELLER' located by 'By.xpath: //a[@href = 'javascript:void(0);' and @id = 'register-modal-seller' and (text() = 'BE A SELLER' or . = 'BE A SELLER')]' not found)

2019-05-08 15:27:50 - [MESSAGE][FAILED] - Unable to click on object 'Object Repository/CONSUMER/Homepage/a_BE A SELLER' (Root cause: com.kms.katalon.core.webui.exception.WebElementNotFoundException: Web element with id: 'Object Repository/CONSUMER/Homepage/a_BE A SELLER' located by 'By.xpath: //a[@href = 'javascript:void(0);' and @id = 'register-modal-seller' and (text() = 'BE A SELLER' or . = 'BE A SELLER')]' not found)
[[ATTACHMENT|C:\\Katalon\\Arctick\\Reports\\Suites\\Henry\\20190508_145236\\1557300470348.png]]

2019-05-08 15:27:50 - [MESSAGE][FAILED] - Unable to call Test Case with id 'Test Cases/Utilities/MERCHANT/Merchant Login' (Root cause: Call Test Case 'Test Cases/Utilities/MERCHANT/Merchant Login' failed)

2019-05-08 15:27:50 - [TEST_STEP][FAILED] - click: Unable to click on object 'Object Repository/Utilities/Header/BESPOKE/Merchant Header/linktext_Upload' (Root cause: com.kms.katalon.core.webui.exception.WebElementNotFoundException: Web element with id: 'Object Repository/Utilities/Header/BESPOKE/Merchant Header/linktext_Upload' located by 'By.xpath: //a[@href = '/user/item/upload' and (text() = 'Upload' or . = 'Upload')]' not found)

2019-05-08 15:28:24 - [MESSAGE][FAILED] - Unable to click on object 'Object Repository/Utilities/Header/BESPOKE/Merchant Header/linktext_Upload' (Root cause: com.kms.katalon.core.webui.exception.WebElementNotFoundException: Web element with id: 'Object Repository/Utilities/Header/BESPOKE/Merchant Header/linktext_Upload' located by 'By.xpath: //a[@href = '/user/item/upload' and (text() = 'Upload' or . = 'Upload')]' not found)
[[ATTACHMENT|C:\\Katalon\\Arctick\\Reports\\Suites\\Henry\\20190508_145236\\1557300503138.png]]

2019-05-08 15:28:24 - [TEST_STEP][PASSED] - waitForElementVisible: Web element with id: 'Object Repository/MERCHANT/Bespoke/Upload Page/textlabel_Category(s)' located by 'By.xpath: //label[(text() = 'Category(s)*' or . = 'Category(s)*')]' not found

2019-05-08 15:28:24 - [MESSAGE][WARNING] - Timeout '0' is invalid. Using default page load timeout: '30'

2019-05-08 15:28:57 - [MESSAGE][WARNING] - Web element with id: 'Object Repository/MERCHANT/Bespoke/Upload Page/textlabel_Category(s)' located by 'By.xpath: //label[(text() = 'Category(s)*' or . = 'Category(s)*')]' not found

2019-05-08 15:28:57 - [TEST_STEP][PASSED] - waitForElementVisible: Web element with id: 'Object Repository/MERCHANT/Bespoke/Upload Page/checkbox_cat1' located by 'By.xpath: //li/label' not found

2019-05-08 15:28:57 - [MESSAGE][WARNING] - Timeout '0' is invalid. Using default page load timeout: '30'

2019-05-08 15:29:29 - [MESSAGE][WARNING] - Web element with id: 'Object Repository/MERCHANT/Bespoke/Upload Page/checkbox_cat1' located by 'By.xpath: //li/label' not found

2019-05-08 15:29:29 - [TEST_STEP][FAILED] - click: Unable to click on object 'Object Repository/MERCHANT/Bespoke/Upload Page/checkbox_cat1' (Root cause: com.kms.katalon.core.webui.exception.WebElementNotFoundException: Web element with id: 'Object Repository/MERCHANT/Bespoke/Upload Page/checkbox_cat1' located by 'By.xpath: //li/label' not found)

2019-05-08 15:30:04 - [MESSAGE][FAILED] - Unable to click on object 'Object Repository/MERCHANT/Bespoke/Upload Page/checkbox_cat1' (Root cause: com.kms.katalon.core.webui.exception.WebElementNotFoundException: Web element with id: 'Object Repository/MERCHANT/Bespoke/Upload Page/checkbox_cat1' located by 'By.xpath: //li/label' not found)
[[ATTACHMENT|C:\\Katalon\\Arctick\\Reports\\Suites\\Henry\\20190508_145236\\1557300603121.png]]

2019-05-08 15:30:04 - [TEST_STEP][FAILED] - setText: Unable to set text 'Item 9' of object 'Object Repository/MERCHANT/Bespoke/Upload Page/input_item-name' (Root cause: com.kms.katalon.core.webui.exception.WebElementNotFoundException: Web element with id: 'Object Repository/MERCHANT/Bespoke/Upload Page/input_item-name' located by 'By.xpath: //input[@type = 'text' and @name = 'item-name' and @id = 'item-name']' not found)

2019-05-08 15:30:36 - [MESSAGE][FAILED] - Unable to set text 'Item 9' of object 'Object Repository/MERCHANT/Bespoke/Upload Page/input_item-name' (Root cause: com.kms.katalon.core.webui.exception.WebElementNotFoundException: Web element with id: 'Object Repository/MERCHANT/Bespoke/Upload Page/input_item-name' located by 'By.xpath: //input[@type = 'text' and @name = 'item-name' and @id = 'item-name']' not found)
[[ATTACHMENT|C:\\Katalon\\Arctick\\Reports\\Suites\\Henry\\20190508_145236\\1557300635593.png]]

2019-05-08 15:30:36 - [TEST_STEP][FAILED] - setText: Unable to set text '70000' of object 'Object Repository/MERCHANT/Bespoke/Upload Page/textbox_item-price' (Root cause: com.kms.katalon.core.webui.exception.WebElementNotFoundException: Web element with id: 'Object Repository/MERCHANT/Bespoke/Upload Page/textbox_item-price' located by 'By.xpath: //input[@type = 'text' and @name = 'item-price' and @id = 'item-price']' not found)

2019-05-08 15:31:08 - [MESSAGE][FAILED] - Unable to set text '70000' of object 'Object Repository/MERCHANT/Bespoke/Upload Page/textbox_item-price' (Root cause: com.kms.katalon.core.webui.exception.WebElementNotFoundException: Web element with id: 'Object Repository/MERCHANT/Bespoke/Upload Page/textbox_item-price' located by 'By.xpath: //input[@type = 'text' and @name = 'item-price' and @id = 'item-price']' not found)
[[ATTACHMENT|C:\\Katalon\\Arctick\\Reports\\Suites\\Henry\\20190508_145236\\1557300668041.png]]

2019-05-08 15:31:08 - [TEST_STEP][FAILED] - setText: Unable to set text '000I9' of object 'Object Repository/MERCHANT/Bespoke/Upload Page/textbox_sku-field' (Root cause: com.kms.katalon.core.webui.exception.WebElementNotFoundException: Web element with id: 'Object Repository/MERCHANT/Bespoke/Upload Page/textbox_sku-field' located by 'By.xpath: //input[@type = 'text' and @name = 'sku-field' and @id = 'item-sku']' not found)

2019-05-08 15:31:41 - [MESSAGE][FAILED] - Unable to set text '000I9' of object 'Object Repository/MERCHANT/Bespoke/Upload Page/textbox_sku-field' (Root cause: com.kms.katalon.core.webui.exception.WebElementNotFoundException: Web element with id: 'Object Repository/MERCHANT/Bespoke/Upload Page/textbox_sku-field' located by 'By.xpath: //input[@type = 'text' and @name = 'sku-field' and @id = 'item-sku']' not found)
[[ATTACHMENT|C:\\Katalon\\Arctick\\Reports\\Suites\\Henry\\20190508_145236\\1557300700727.png]]

2019-05-08 15:31:41 - [TEST_STEP][FAILED] - setText: Unable to set text 'Automation Upload' of object 'Object Repository/MERCHANT/Bespoke/Upload Page/textarea_item-description' (Root cause: com.kms.katalon.core.webui.exception.WebElementNotFoundException: Web element with id: 'Object Repository/MERCHANT/Bespoke/Upload Page/textarea_item-description' located by 'By.xpath: //textarea[@name = 'item-description' and @id = 'item-description']' not found)

2019-05-08 15:32:14 - [MESSAGE][FAILED] - Unable to set text 'Automation Upload' of object 'Object Repository/MERCHANT/Bespoke/Upload Page/textarea_item-description' (Root cause: com.kms.katalon.core.webui.exception.WebElementNotFoundException: Web element with id: 'Object Repository/MERCHANT/Bespoke/Upload Page/textarea_item-description' located by 'By.xpath: //textarea[@name = 'item-description' and @id = 'item-description']' not found)
[[ATTACHMENT|C:\\Katalon\\Arctick\\Reports\\Suites\\Henry\\20190508_145236\\1557300733494.png]]

2019-05-08 15:32:14 - [TEST_STEP][PASSED] - delay: Delayed 2 second(s)

2019-05-08 15:32:16 - [MESSAGE][PASSED] - Delayed 2 second(s)

2019-05-08 15:32:16 - [TEST_STEP][FAILED] - click: Unable to click on object 'Object Repository/MERCHANT/Bespoke/Upload Page/button_BROWSE' (Root cause: com.kms.katalon.core.webui.exception.WebElementNotFoundException: Web element with id: 'Object Repository/MERCHANT/Bespoke/Upload Page/button_BROWSE' located by 'By.xpath: id("btn-browse")[count(. | //*[@id = 'btn-browse']) = count(//*[@id = 'btn-browse'])]' not found)

2019-05-08 15:32:49 - [MESSAGE][FAILED] - Unable to click on object 'Object Repository/MERCHANT/Bespoke/Upload Page/button_BROWSE' (Root cause: com.kms.katalon.core.webui.exception.WebElementNotFoundException: Web element with id: 'Object Repository/MERCHANT/Bespoke/Upload Page/button_BROWSE' located by 'By.xpath: id("btn-browse")[count(. | //*[@id = 'btn-browse']) = count(//*[@id = 'btn-browse'])]' not found)
[[ATTACHMENT|C:\\Katalon\\Arctick\\Reports\\Suites\\Henry\\20190508_145236\\1557300768305.png]]

2019-05-08 15:32:49 - [TEST_STEP][FAILED] - callTestCase: Unable to call Test Case with id 'Test Cases/Utilities/Upload Image(with cropper) - Merchant' (Root cause: Call Test Case 'Test Cases/Utilities/Upload Image(with cropper) - Merchant' failed)

2019-05-08 15:32:49 - [TEST_CASE][FAILED] - Test Cases/Utilities/Upload Image(with cropper) - Merchant: Test Cases/Utilities/Upload Image(with cropper) - Merchant FAILED because (of) Unable to upload file 'C:\\Katalon\\Image\\pic2.jpg' to object 'Object Repository/Utilities/Image Cropper/image_container' (Root cause: com.kms.katalon.core.webui.exception.WebElementNotFoundException: Web element with id: 'Object Repository/Utilities/Image Cropper/image_container' located by 'By.xpath: //*[@id="upload-file"]' not found)

2019-05-08 15:32:49 - [TEST_STEP][PASSED] - delay: Delayed 1 second(s)

2019-05-08 15:32:50 - [MESSAGE][PASSED] - Delayed 1 second(s)

2019-05-08 15:32:50 - [TEST_STEP][FAILED] - uploadFile: Unable to upload file 'C:\\Katalon\\Image\\pic2.jpg' to object 'Object Repository/Utilities/Image Cropper/image_container' (Root cause: com.kms.katalon.core.webui.exception.WebElementNotFoundException: Web element with id: 'Object Repository/Utilities/Image Cropper/image_container' located by 'By.xpath: //*[@id="upload-file"]' not found)

2019-05-08 15:33:22 - [MESSAGE][FAILED] - Unable to upload file 'C:\\Katalon\\Image\\pic2.jpg' to object 'Object Repository/Utilities/Image Cropper/image_container' (Root cause: com.kms.katalon.core.webui.exception.WebElementNotFoundException: Web element with id: 'Object Repository/Utilities/Image Cropper/image_container' located by 'By.xpath: //*[@id="upload-file"]' not found)
[[ATTACHMENT|C:\\Katalon\\Arctick\\Reports\\Suites\\Henry\\20190508_145236\\1557300801961.png]]

2019-05-08 15:33:22 - [TEST_STEP][PASSED] - waitForElementVisible: Web element with id: 'Object Repository/Utilities/Image Cropper/button_ok' located by 'By.xpath: //*[@id="crop"]' not found

2019-05-08 15:33:22 - [MESSAGE][WARNING] - Timeout '0' is invalid. Using default page load timeout: '30'

2019-05-08 15:33:54 - [MESSAGE][WARNING] - Web element with id: 'Object Repository/Utilities/Image Cropper/button_ok' located by 'By.xpath: //*[@id="crop"]' not found

2019-05-08 15:33:54 - [TEST_STEP][FAILED] - click: Unable to click on object 'Object Repository/Utilities/Image Cropper/button_ok' (Root cause: com.kms.katalon.core.webui.exception.WebElementNotFoundException: Web element with id: 'Object Repository/Utilities/Image Cropper/button_ok' located by 'By.xpath: //*[@id="crop"]' not found)

2019-05-08 15:34:26 - [MESSAGE][FAILED] - Unable to click on object 'Object Repository/Utilities/Image Cropper/button_ok' (Root cause: com.kms.katalon.core.webui.exception.WebElementNotFoundException: Web element with id: 'Object Repository/Utilities/Image Cropper/button_ok' located by 'By.xpath: //*[@id="crop"]' not found)
[[ATTACHMENT|C:\\Katalon\\Arctick\\Reports\\Suites\\Henry\\20190508_145236\\1557300865932.png]]

2019-05-08 15:34:26 - [MESSAGE][FAILED] - Unable to call Test Case with id 'Test Cases/Utilities/Upload Image(with cropper) - Merchant' (Root cause: Call Test Case 'Test Cases/Utilities/Upload Image(with cropper) - Merchant' failed)

2019-05-08 15:34:26 - [TEST_STEP][FAILED] - setText: Unable to set text '10' of object 'Object Repository/MERCHANT/Bespoke/Upload Page/textbox_item-quantity' (Root cause: com.kms.katalon.core.webui.exception.WebElementNotFoundException: Web element with id: 'Object Repository/MERCHANT/Bespoke/Upload Page/textbox_item-quantity' located by 'By.xpath: //input[@type = 'text' and @name = 'item-quantity' and @id = 'item-quantity']' not found)

2019-05-08 15:34:59 - [MESSAGE][FAILED] - Unable to set text '10' of object 'Object Repository/MERCHANT/Bespoke/Upload Page/textbox_item-quantity' (Root cause: com.kms.katalon.core.webui.exception.WebElementNotFoundException: Web element with id: 'Object Repository/MERCHANT/Bespoke/Upload Page/textbox_item-quantity' located by 'By.xpath: //input[@type = 'text' and @name = 'item-quantity' and @id = 'item-quantity']' not found)
[[ATTACHMENT|C:\\Katalon\\Arctick\\Reports\\Suites\\Henry\\20190508_145236\\1557300898497.png]]

2019-05-08 15:34:59 - [TEST_STEP][FAILED] - click: Unable to click on object 'Object Repository/MERCHANT/Bespoke/Upload Page/button_SAVE' (Root cause: com.kms.katalon.core.webui.exception.WebElementNotFoundException: Web element with id: 'Object Repository/MERCHANT/Bespoke/Upload Page/button_SAVE' located by 'By.xpath: //a[@href = 'javascript:void(0);' and (text() = 'SAVE' or . = 'SAVE')]' not found)

2019-05-08 15:35:32 - [MESSAGE][FAILED] - Unable to click on object 'Object Repository/MERCHANT/Bespoke/Upload Page/button_SAVE' (Root cause: com.kms.katalon.core.webui.exception.WebElementNotFoundException: Web element with id: 'Object Repository/MERCHANT/Bespoke/Upload Page/button_SAVE' located by 'By.xpath: //a[@href = 'javascript:void(0);' and (text() = 'SAVE' or . = 'SAVE')]' not found)
[[ATTACHMENT|C:\\Katalon\\Arctick\\Reports\\Suites\\Henry\\20190508_145236\\1557300931423.png]]

2019-05-08 15:35:32 - [TEST_STEP][PASSED] - waitForElementVisible: Web element with id: 'Object Repository/MERCHANT/Bespoke/Your Items/button_Upload' located by 'By.xpath: //a[@href = 'javascript:void(0);' and (text() = '
                        
                        Upload
                    ' or . = '
                        
                        Upload
                    ')]' not found

2019-05-08 15:35:32 - [MESSAGE][WARNING] - Timeout '0' is invalid. Using default page load timeout: '30'

2019-05-08 15:36:03 - [MESSAGE][WARNING] - Web element with id: 'Object Repository/MERCHANT/Bespoke/Your Items/button_Upload' located by 'By.xpath: //a[@href = 'javascript:void(0);' and (text() = '
                        
                        Upload
                    ' or . = '
                        
                        Upload
                    ')]' not found

2019-05-08 15:36:03 - [TEST_STEP][FAILED] - callTestCase: Unable to call Test Case with id 'Test Cases/Utilities/MERCHANT/Logout' (Root cause: Call Test Case 'Test Cases/Utilities/MERCHANT/Logout' failed)

2019-05-08 15:36:03 - [TEST_CASE][FAILED] - Test Cases/Utilities/MERCHANT/Logout: Test Cases/Utilities/MERCHANT/Logout FAILED because (of) Unable to click on object 'Object Repository/Utilities/Buyer Seller Logout/button_dropdown' (Root cause: com.kms.katalon.core.webui.exception.WebElementNotFoundException: Web element with id: 'Object Repository/Utilities/Buyer Seller Logout/button_dropdown' located by 'By.xpath: //div[1]/div/div[2]/div/ul/li[9]' not found)

2019-05-08 15:36:03 - [TEST_STEP][FAILED] - click: Unable to click on object 'Object Repository/Utilities/Buyer Seller Logout/button_dropdown' (Root cause: com.kms.katalon.core.webui.exception.WebElementNotFoundException: Web element with id: 'Object Repository/Utilities/Buyer Seller Logout/button_dropdown' located by 'By.xpath: //div[1]/div/div[2]/div/ul/li[9]' not found)

2019-05-08 15:36:36 - [MESSAGE][FAILED] - Unable to click on object 'Object Repository/Utilities/Buyer Seller Logout/button_dropdown' (Root cause: com.kms.katalon.core.webui.exception.WebElementNotFoundException: Web element with id: 'Object Repository/Utilities/Buyer Seller Logout/button_dropdown' located by 'By.xpath: //div[1]/div/div[2]/div/ul/li[9]' not found)
[[ATTACHMENT|C:\\Katalon\\Arctick\\Reports\\Suites\\Henry\\20190508_145236\\1557300995580.png]]

2019-05-08 15:36:36 - [TEST_STEP][FAILED] - click: Unable to click on object 'Object Repository/Utilities/Buyer Seller Logout/textlink_Logout' (Root cause: com.kms.katalon.core.webui.exception.WebElementNotFoundException: Web element with id: 'Object Repository/Utilities/Buyer Seller Logout/textlink_Logout' located by 'By.xpath: //a[@href = '#' and (text() = 'Logout' or . = 'Logout')]' not found)

2019-05-08 15:37:08 - [MESSAGE][FAILED] - Unable to click on object 'Object Repository/Utilities/Buyer Seller Logout/textlink_Logout' (Root cause: com.kms.katalon.core.webui.exception.WebElementNotFoundException: Web element with id: 'Object Repository/Utilities/Buyer Seller Logout/textlink_Logout' located by 'By.xpath: //a[@href = '#' and (text() = 'Logout' or . = 'Logout')]' not found)
[[ATTACHMENT|C:\\Katalon\\Arctick\\Reports\\Suites\\Henry\\20190508_145236\\1557301028088.png]]

2019-05-08 15:37:09 - [MESSAGE][FAILED] - Unable to call Test Case with id 'Test Cases/Utilities/MERCHANT/Logout' (Root cause: Call Test Case 'Test Cases/Utilities/MERCHANT/Logout' failed)]]></system-out>
         <system-err><![CDATA[2019-05-08 15:26:43 - [TEST_CASE][FAILED] - Test Cases/MERCHANT/BESPOKE/Upload/Simple Upload: Test Cases/MERCHANT/BESPOKE/Upload/Simple Upload FAILED because (of) Unable to click on object 'Object Repository/CONSUMER/Homepage/a_BE A SELLER' (Root cause: com.kms.katalon.core.webui.exception.WebElementNotFoundException: Web element with id: 'Object Repository/CONSUMER/Homepage/a_BE A SELLER' located by 'By.xpath: //a[@href = 'javascript:void(0);' and @id = 'register-modal-seller' and (text() = 'BE A SELLER' or . = 'BE A SELLER')]' not found)]]></system-err>
      </testcase>
      <system-out><![CDATA[2019-05-08 14:52:38 - [TEST_SUITE][FAILED] - Henry: Test Cases/MERCHANT/BESPOKE/Upload/Simple Upload FAILED because (of) Unable to click on object 'Object Repository/CONSUMER/Homepage/a_BE A SELLER' (Root cause: com.kms.katalon.core.webui.exception.WebElementNotFoundException: Web element with id: 'Object Repository/CONSUMER/Homepage/a_BE A SELLER' located by 'By.xpath: //a[@href = 'javascript:void(0);' and @id = 'register-modal-seller' and (text() = 'BE A SELLER' or . = 'BE A SELLER')]' not found)]]></system-out>
      <system-err><![CDATA[2019-05-08 14:52:38 - [TEST_SUITE][FAILED] - Henry: Test Cases/MERCHANT/BESPOKE/Upload/Simple Upload FAILED because (of) Unable to click on object 'Object Repository/CONSUMER/Homepage/a_BE A SELLER' (Root cause: com.kms.katalon.core.webui.exception.WebElementNotFoundException: Web element with id: 'Object Repository/CONSUMER/Homepage/a_BE A SELLER' located by 'By.xpath: //a[@href = 'javascript:void(0);' and @id = 'register-modal-seller' and (text() = 'BE A SELLER' or . = 'BE A SELLER')]' not found)]]></system-err>
   </testsuite>
</testsuites>
