<?xml version="1.0" encoding="UTF-8"?>
<testsuites name="Admin Getting Started" time="208" tests="2" failures="2" errors="1">
   <testsuite name="Admin Getting Started" tests="2" failures="2" errors="1" time="208" timestamp="2019-06-10 07:56:39" hostname="Arcadier - Arcadier-PC" id="Test Suites/Suites/Admin Getting Started">
      <properties>
         <property name="deviceName" value=""/>
         <property name="devicePlatform" value=""/>
         <property name="logFolder" value="C:\\Users\\Arcadier\\git\\Arctick\\Reports\\Suites\\Admin Getting Started\\20190610_075637"/>
         <property name="logFiles" value="C:\\Users\\Arcadier\\git\\Arctick\\Reports\\Suites\\Admin Getting Started\\20190610_075637\\execution0.log"/>
         <property name="attachments" value="C:\\Users\\Arcadier\\git\\Arctick\\Reports\\Suites\\Admin Getting Started\\20190610_075637\\1560124691602.png, C:\\Users\\Arcadier\\git\\Arctick\\Reports\\Suites\\Admin Getting Started\\20190610_075637\\1560124746414.png"/>
         <property name="hostName" value="Arcadier - Arcadier-PC"/>
         <property name="os" value="Windows 7 64bit"/>
         <property name="katalonVersion" value="5.4.2.1"/>
         <property name="browser" value="Chrome 74.0.3729.169"/>
         <property name="hostAddress" value="10.10.31.95"/>
         <property name="sessionId" value="797d6cfbdee5861a024d3aae90768a17"/>
         <property name="seleniumVersion" value="3.7.1"/>
         <property name="proxyInformation" value="ProxyInformation{proxyOption=NO_PROXY, proxyServerType=HTTP, password=, proxyServerAddress=, proxyServerPort=0}"/>
         <property name="platform" value="Windows 7"/>
      </properties>
      <testcase name="Test Cases/ADMIN/Getting Started/Getting Started Step 1" classname="Test Cases/ADMIN/Getting Started/Getting Started Step 1" status="PASSED">
         <system-out><![CDATA[2019-06-10 07:56:39 - [TEST_CASE][PASSED] - Test Cases/ADMIN/Getting Started/Getting Started Step 1: Test Cases/ADMIN/Getting Started/Getting Started Step 1

2019-06-10 07:56:39 - [TEST_STEP][PASSED] - callTestCase: Call Test Case 'Test Cases/Utilities/ADMIN/Admin Login' successfully

2019-06-10 07:56:39 - [TEST_CASE][PASSED] - Test Cases/Utilities/ADMIN/Admin Login: Test Cases/Utilities/ADMIN/Admin Login

2019-06-10 07:56:39 - [TEST_STEP][PASSED] - openBrowser: Browser is opened with url: ''

2019-06-10 07:56:42 - [MESSAGE][PASSED] - Browser is opened with url: ''

2019-06-10 07:56:42 - [TEST_STEP][PASSED] - maximizeWindow: Current window maximized

2019-06-10 07:56:43 - [MESSAGE][PASSED] - Current window maximized

2019-06-10 07:56:43 - [TEST_STEP][PASSED] - navigateToUrl: Navigate to 'http://0610SR.test.arcadier.io/admin' successfully

2019-06-10 07:56:45 - [MESSAGE][PASSED] - Navigate to 'http://0610SR.test.arcadier.io/admin' successfully

2019-06-10 07:56:45 - [TEST_STEP][PASSED] - Statement - If (AdminAccountType == "custom"): Object: 'Object Repository/ADMIN/Admin Login/Admin Login/btn_signin' is clicked on

2019-06-10 07:56:45 - [TEST_STEP][PASSED] - waitForElementVisible: Object 'Object Repository/ADMIN/Admin Login/Admin Login/txtbox_username' is visible

2019-06-10 07:56:45 - [MESSAGE][WARNING] - Timeout '0' is invalid. Using default page load timeout: '30'

2019-06-10 07:56:45 - [MESSAGE][PASSED] - Object 'Object Repository/ADMIN/Admin Login/Admin Login/txtbox_username' is visible

2019-06-10 07:56:45 - [TEST_STEP][PASSED] - setText: Text '0610SR' is set on object 'Object Repository/ADMIN/Admin Login/Admin Login/txtbox_username'

2019-06-10 07:56:45 - [MESSAGE][PASSED] - Text '0610SR' is set on object 'Object Repository/ADMIN/Admin Login/Admin Login/txtbox_username'

2019-06-10 07:56:45 - [TEST_STEP][PASSED] - setText: Text 'welcome8' is set on object 'Object Repository/ADMIN/Admin Login/Admin Login/txtbox_password'

2019-06-10 07:56:46 - [MESSAGE][PASSED] - Text 'welcome8' is set on object 'Object Repository/ADMIN/Admin Login/Admin Login/txtbox_password'

2019-06-10 07:56:46 - [TEST_STEP][PASSED] - click: Object: 'Object Repository/ADMIN/Admin Login/Admin Login/btn_signin' is clicked on

2019-06-10 07:56:49 - [MESSAGE][PASSED] - Object: 'Object Repository/ADMIN/Admin Login/Admin Login/btn_signin' is clicked on

2019-06-10 07:56:49 - [MESSAGE][PASSED] - Call Test Case 'Test Cases/Utilities/ADMIN/Admin Login' successfully

2019-06-10 07:56:49 - [TEST_STEP][PASSED] - waitForElementVisible: Object 'Object Repository/ADMIN/Getting Started/Arcadier_image link' is visible

2019-06-10 07:56:49 - [MESSAGE][WARNING] - Timeout '0' is invalid. Using default page load timeout: '30'

2019-06-10 07:56:49 - [MESSAGE][PASSED] - Object 'Object Repository/ADMIN/Getting Started/Arcadier_image link' is visible

2019-06-10 07:56:49 - [TEST_STEP][PASSED] - click: Object: 'Object Repository/ADMIN/Getting Started/Arcadier_image link' is clicked on

2019-06-10 07:56:51 - [MESSAGE][PASSED] - Object: 'Object Repository/ADMIN/Getting Started/Arcadier_image link' is clicked on

2019-06-10 07:56:51 - [TEST_STEP][PASSED] - comment: Getting Started Step 1 UI

2019-06-10 07:56:51 - [TEST_STEP][PASSED] - waitForElementVisible: Object 'Object Repository/ADMIN/Getting Started/span_Welcome to Arcadier Marke' is visible

2019-06-10 07:56:51 - [MESSAGE][WARNING] - Timeout '0' is invalid. Using default page load timeout: '30'

2019-06-10 07:56:51 - [MESSAGE][PASSED] - Object 'Object Repository/ADMIN/Getting Started/span_Welcome to Arcadier Marke' is visible

2019-06-10 07:56:51 - [TEST_STEP][PASSED] - verifyElementText: Actual text and expected text of test object 'Object Repository/ADMIN/Getting Started/span_Welcome to Arcadier Marke' are matched.

2019-06-10 07:56:51 - [MESSAGE][PASSED] - Actual text and expected text of test object 'Object Repository/ADMIN/Getting Started/span_Welcome to Arcadier Marke' are matched.

2019-06-10 07:56:51 - [TEST_STEP][PASSED] - verifyElementText: Actual text and expected text of test object 'Object Repository/ADMIN/Getting Started/p_Get your marketplace up and' are matched.

2019-06-10 07:56:51 - [MESSAGE][PASSED] - Actual text and expected text of test object 'Object Repository/ADMIN/Getting Started/p_Get your marketplace up and' are matched.

2019-06-10 07:56:51 - [TEST_STEP][PASSED] - verifyElementText: Actual text and expected text of test object 'Object Repository/ADMIN/Getting Started/div_How to get your first tran' are matched.

2019-06-10 07:56:51 - [MESSAGE][PASSED] - Actual text and expected text of test object 'Object Repository/ADMIN/Getting Started/div_How to get your first tran' are matched.

2019-06-10 07:56:51 - [TEST_STEP][PASSED] - verifyElementPresent: Object 'Object Repository/ADMIN/Getting Started/monitor_img' is present

2019-06-10 07:56:51 - [MESSAGE][WARNING] - Timeout '0' is invalid. Using default page load timeout: '30'

2019-06-10 07:56:51 - [MESSAGE][PASSED] - Object 'Object Repository/ADMIN/Getting Started/monitor_img' is present

2019-06-10 07:56:51 - [TEST_STEP][PASSED] - verifyElementText: Actual text and expected text of test object 'Object Repository/ADMIN/Getting Started/div_Step 1  Customise' are matched.

2019-06-10 07:56:51 - [MESSAGE][PASSED] - Actual text and expected text of test object 'Object Repository/ADMIN/Getting Started/div_Step 1  Customise' are matched.

2019-06-10 07:56:51 - [TEST_STEP][PASSED] - verifyElementText: Actual text and expected text of test object 'Object Repository/ADMIN/Getting Started/p_Make the marketplace yours w' are matched.

2019-06-10 07:56:51 - [MESSAGE][PASSED] - Actual text and expected text of test object 'Object Repository/ADMIN/Getting Started/p_Make the marketplace yours w' are matched.

2019-06-10 07:56:51 - [TEST_STEP][PASSED] - verifyElementPresent: Object 'Object Repository/ADMIN/Getting Started/monitor_img' is present

2019-06-10 07:56:51 - [MESSAGE][WARNING] - Timeout '0' is invalid. Using default page load timeout: '30'

2019-06-10 07:56:51 - [MESSAGE][PASSED] - Object 'Object Repository/ADMIN/Getting Started/monitor_img' is present

2019-06-10 07:56:51 - [TEST_STEP][PASSED] - verifyElementPresent: Object 'Object Repository/ADMIN/Getting Started/div_Start Customising' is present

2019-06-10 07:56:51 - [MESSAGE][WARNING] - Timeout '0' is invalid. Using default page load timeout: '30'

2019-06-10 07:56:51 - [MESSAGE][PASSED] - Object 'Object Repository/ADMIN/Getting Started/div_Start Customising' is present

2019-06-10 07:56:51 - [TEST_STEP][PASSED] - comment: Click Learn More

2019-06-10 07:56:51 - [TEST_STEP][PASSED] - click: Object: 'Object Repository/ADMIN/Getting Started/video_tutorial' is clicked on

2019-06-10 07:56:51 - [MESSAGE][PASSED] - Object: 'Object Repository/ADMIN/Getting Started/video_tutorial' is clicked on

2019-06-10 07:56:51 - [TEST_STEP][PASSED] - delay: Delayed 1 second(s)

2019-06-10 07:56:52 - [MESSAGE][PASSED] - Delayed 1 second(s)

2019-06-10 07:56:52 - [TEST_STEP][PASSED] - switchToWindowIndex: Switched to window with index: '1'

2019-06-10 07:56:52 - [MESSAGE][PASSED] - Switched to window with index: '1'

2019-06-10 07:56:52 - [TEST_STEP][PASSED] - waitForElementVisible: Object 'Object Repository/ADMIN/Getting Started/Step 1/h1_Arcadiers Landing Page Feat' is visible

2019-06-10 07:56:52 - [MESSAGE][WARNING] - Timeout '0' is invalid. Using default page load timeout: '30'

2019-06-10 07:56:53 - [MESSAGE][PASSED] - Object 'Object Repository/ADMIN/Getting Started/Step 1/h1_Arcadiers Landing Page Feat' is visible

2019-06-10 07:56:53 - [TEST_STEP][PASSED] - closeWindowIndex: Window with index 1 is closed

2019-06-10 07:56:53 - [MESSAGE][PASSED] - Window with index 1 is closed

2019-06-10 07:56:53 - [TEST_STEP][PASSED] - delay: Delayed 1 second(s)

2019-06-10 07:56:54 - [MESSAGE][PASSED] - Delayed 1 second(s)

2019-06-10 07:56:54 - [TEST_STEP][PASSED] - switchToWindowIndex: Switched to window with index: '0'

2019-06-10 07:56:54 - [MESSAGE][PASSED] - Switched to window with index: '0'

2019-06-10 07:56:54 - [TEST_STEP][PASSED] - comment: Click Start Customising

2019-06-10 07:56:54 - [TEST_STEP][PASSED] - click: Object: 'Object Repository/ADMIN/Getting Started/div_Start Customising' is clicked on

2019-06-10 07:56:55 - [MESSAGE][PASSED] - Object: 'Object Repository/ADMIN/Getting Started/div_Start Customising' is clicked on

2019-06-10 07:56:55 - [TEST_STEP][PASSED] - waitForElementVisible: Object 'Object Repository/ADMIN/Getting Started/Step 1/h1_General' is visible

2019-06-10 07:56:55 - [MESSAGE][WARNING] - Timeout '0' is invalid. Using default page load timeout: '30'

2019-06-10 07:56:55 - [MESSAGE][PASSED] - Object 'Object Repository/ADMIN/Getting Started/Step 1/h1_General' is visible

2019-06-10 07:56:55 - [TEST_STEP][PASSED] - uploadFile: File 'C:\\Katalon\\Image\\favicon1.png' sent to object: 'Object Repository/ADMIN/Getting Started/Step 1/input_favicon_1'

2019-06-10 07:56:55 - [MESSAGE][PASSED] - File 'C:\\Katalon\\Image\\favicon1.png' sent to object: 'Object Repository/ADMIN/Getting Started/Step 1/input_favicon_1'

2019-06-10 07:56:55 - [TEST_STEP][PASSED] - waitForElementVisible: Object 'Object Repository/ADMIN/Getting Started/Step 1/p_Favicon Uploaded' is visible

2019-06-10 07:56:55 - [MESSAGE][WARNING] - Timeout '0' is invalid. Using default page load timeout: '30'

2019-06-10 07:56:55 - [MESSAGE][PASSED] - Object 'Object Repository/ADMIN/Getting Started/Step 1/p_Favicon Uploaded' is visible

2019-06-10 07:56:55 - [TEST_STEP][PASSED] - verifyElementText: Actual text and expected text of test object 'Object Repository/ADMIN/Getting Started/Step 1/p_Favicon Uploaded' are matched.

2019-06-10 07:56:55 - [MESSAGE][PASSED] - Actual text and expected text of test object 'Object Repository/ADMIN/Getting Started/Step 1/p_Favicon Uploaded' are matched.

2019-06-10 07:56:55 - [TEST_STEP][PASSED] - click: Object: 'Object Repository/ADMIN/Getting Started/Step 1/span_Save' is clicked on

2019-06-10 07:56:56 - [MESSAGE][PASSED] - Object: 'Object Repository/ADMIN/Getting Started/Step 1/span_Save' is clicked on

2019-06-10 07:56:56 - [TEST_STEP][PASSED] - waitForElementVisible: Object 'Object Repository/ADMIN/Getting Started/Step 1/Success Toaster Message/div_SuccessYour favicon was su' is visible

2019-06-10 07:56:56 - [MESSAGE][WARNING] - Timeout '0' is invalid. Using default page load timeout: '30'

2019-06-10 07:56:56 - [MESSAGE][PASSED] - Object 'Object Repository/ADMIN/Getting Started/Step 1/Success Toaster Message/div_SuccessYour favicon was su' is visible

2019-06-10 07:56:56 - [TEST_STEP][PASSED] - verifyElementText: Actual text and expected text of test object 'Object Repository/ADMIN/Getting Started/Step 1/Success Toaster Message/div_Your favicon was successfu' are matched.

2019-06-10 07:56:56 - [MESSAGE][PASSED] - Actual text and expected text of test object 'Object Repository/ADMIN/Getting Started/Step 1/Success Toaster Message/div_Your favicon was successfu' are matched.

2019-06-10 07:56:56 - [TEST_STEP][PASSED] - waitForElementNotPresent: Web element with id: 'Object Repository/ADMIN/Getting Started/Step 1/Success Toaster Message/div_SuccessYour favicon was su' located by 'By.xpath: //div[(text() = 'Success!Your favicon was successfully saved.' or . = 'Success!Your favicon was successfully saved.')]' is not present after '30' second(s)

2019-06-10 07:56:56 - [MESSAGE][WARNING] - Timeout '0' is invalid. Using default page load timeout: '30'

2019-06-10 07:57:02 - [MESSAGE][PASSED] - Web element with id: 'Object Repository/ADMIN/Getting Started/Step 1/Success Toaster Message/div_SuccessYour favicon was su' located by 'By.xpath: //div[(text() = 'Success!Your favicon was successfully saved.' or . = 'Success!Your favicon was successfully saved.')]' is not present after '30' second(s)

2019-06-10 07:57:02 - [TEST_STEP][PASSED] - click: Object: 'Object Repository/Utilities/Admin Logout/button_Logout' is clicked on

2019-06-10 07:57:02 - [MESSAGE][PASSED] - Object: 'Object Repository/Utilities/Admin Logout/button_Logout' is clicked on]]></system-out>
         <system-err><![CDATA[]]></system-err>
      </testcase>
      <testcase name="Test Cases/ADMIN/Getting Started/Getting Started Step 2" classname="Test Cases/ADMIN/Getting Started/Getting Started Step 2" status="PASSED">
         <system-out><![CDATA[2019-06-10 07:57:02 - [TEST_CASE][PASSED] - Test Cases/ADMIN/Getting Started/Getting Started Step 2: Test Cases/ADMIN/Getting Started/Getting Started Step 2

2019-06-10 07:57:03 - [TEST_STEP][PASSED] - callTestCase: Call Test Case 'Test Cases/Utilities/ADMIN/Admin Login' successfully

2019-06-10 07:57:03 - [TEST_CASE][PASSED] - Test Cases/Utilities/ADMIN/Admin Login: Test Cases/Utilities/ADMIN/Admin Login

2019-06-10 07:57:03 - [TEST_STEP][PASSED] - openBrowser: Browser is opened with url: ''

2019-06-10 07:57:03 - [MESSAGE][WARNING] - A browser is already opened. Closing browser and opening a new one

2019-06-10 07:57:05 - [MESSAGE][PASSED] - Browser is opened with url: ''

2019-06-10 07:57:05 - [TEST_STEP][PASSED] - maximizeWindow: Current window maximized

2019-06-10 07:57:06 - [MESSAGE][PASSED] - Current window maximized

2019-06-10 07:57:06 - [TEST_STEP][PASSED] - navigateToUrl: Navigate to 'http://0610SR.test.arcadier.io/admin' successfully

2019-06-10 07:57:09 - [MESSAGE][PASSED] - Navigate to 'http://0610SR.test.arcadier.io/admin' successfully

2019-06-10 07:57:09 - [TEST_STEP][PASSED] - Statement - If (AdminAccountType == "custom"): Object: 'Object Repository/ADMIN/Admin Login/Admin Login/btn_signin' is clicked on

2019-06-10 07:57:09 - [TEST_STEP][PASSED] - waitForElementVisible: Object 'Object Repository/ADMIN/Admin Login/Admin Login/txtbox_username' is visible

2019-06-10 07:57:09 - [MESSAGE][WARNING] - Timeout '0' is invalid. Using default page load timeout: '30'

2019-06-10 07:57:09 - [MESSAGE][PASSED] - Object 'Object Repository/ADMIN/Admin Login/Admin Login/txtbox_username' is visible

2019-06-10 07:57:09 - [TEST_STEP][PASSED] - setText: Text '0610SR' is set on object 'Object Repository/ADMIN/Admin Login/Admin Login/txtbox_username'

2019-06-10 07:57:09 - [MESSAGE][PASSED] - Text '0610SR' is set on object 'Object Repository/ADMIN/Admin Login/Admin Login/txtbox_username'

2019-06-10 07:57:09 - [TEST_STEP][PASSED] - setText: Text 'welcome8' is set on object 'Object Repository/ADMIN/Admin Login/Admin Login/txtbox_password'

2019-06-10 07:57:09 - [MESSAGE][PASSED] - Text 'welcome8' is set on object 'Object Repository/ADMIN/Admin Login/Admin Login/txtbox_password'

2019-06-10 07:57:09 - [TEST_STEP][PASSED] - click: Object: 'Object Repository/ADMIN/Admin Login/Admin Login/btn_signin' is clicked on

2019-06-10 07:57:12 - [MESSAGE][PASSED] - Object: 'Object Repository/ADMIN/Admin Login/Admin Login/btn_signin' is clicked on

2019-06-10 07:57:12 - [MESSAGE][PASSED] - Call Test Case 'Test Cases/Utilities/ADMIN/Admin Login' successfully

2019-06-10 07:57:12 - [TEST_STEP][PASSED] - waitForElementVisible: Object 'Object Repository/ADMIN/Getting Started/Arcadier_image link' is visible

2019-06-10 07:57:12 - [MESSAGE][WARNING] - Timeout '0' is invalid. Using default page load timeout: '30'

2019-06-10 07:57:12 - [MESSAGE][PASSED] - Object 'Object Repository/ADMIN/Getting Started/Arcadier_image link' is visible

2019-06-10 07:57:12 - [TEST_STEP][PASSED] - click: Object: 'Object Repository/ADMIN/Getting Started/Arcadier_image link' is clicked on

2019-06-10 07:57:13 - [MESSAGE][PASSED] - Object: 'Object Repository/ADMIN/Getting Started/Arcadier_image link' is clicked on

2019-06-10 07:57:13 - [TEST_STEP][PASSED] - comment: Getting Started Step 2

2019-06-10 07:57:13 - [TEST_STEP][PASSED] - click: Object: 'Object Repository/ADMIN/Getting Started/Step 2/Arcadier_Marketplaces_Logo' is clicked on

2019-06-10 07:57:14 - [MESSAGE][PASSED] - Object: 'Object Repository/ADMIN/Getting Started/Step 2/Arcadier_Marketplaces_Logo' is clicked on

2019-06-10 07:57:14 - [TEST_STEP][PASSED] - waitForElementVisible: Object 'Object Repository/ADMIN/Getting Started/Step 2/div_Step 2  Add your categorie' is visible

2019-06-10 07:57:14 - [MESSAGE][WARNING] - Timeout '0' is invalid. Using default page load timeout: '30'

2019-06-10 07:57:14 - [MESSAGE][PASSED] - Object 'Object Repository/ADMIN/Getting Started/Step 2/div_Step 2  Add your categorie' is visible

2019-06-10 07:57:14 - [TEST_STEP][PASSED] - verifyElementText: Actual text and expected text of test object 'Object Repository/ADMIN/Getting Started/Step 2/div_Step 2  Add your categorie' are matched.

2019-06-10 07:57:14 - [MESSAGE][PASSED] - Actual text and expected text of test object 'Object Repository/ADMIN/Getting Started/Step 2/div_Step 2  Add your categorie' are matched.

2019-06-10 07:57:14 - [TEST_STEP][PASSED] - verifyElementPresent: Object 'Object Repository/ADMIN/Getting Started/Step 2/step2_image' is present

2019-06-10 07:57:14 - [MESSAGE][WARNING] - Timeout '0' is invalid. Using default page load timeout: '30'

2019-06-10 07:57:14 - [MESSAGE][PASSED] - Object 'Object Repository/ADMIN/Getting Started/Step 2/step2_image' is present

2019-06-10 07:57:14 - [TEST_STEP][PASSED] - verifyElementText: Actual text and expected text of test object 'Object Repository/ADMIN/Getting Started/Step 2/p_Fill your marketplace with c' are matched.

2019-06-10 07:57:14 - [MESSAGE][PASSED] - Actual text and expected text of test object 'Object Repository/ADMIN/Getting Started/Step 2/p_Fill your marketplace with c' are matched.

2019-06-10 07:57:14 - [TEST_STEP][PASSED] - verifyElementPresent: Object 'Object Repository/ADMIN/Getting Started/Step 2/div_Add Categories' is present

2019-06-10 07:57:14 - [MESSAGE][WARNING] - Timeout '0' is invalid. Using default page load timeout: '30'

2019-06-10 07:57:14 - [MESSAGE][PASSED] - Object 'Object Repository/ADMIN/Getting Started/Step 2/div_Add Categories' is present

2019-06-10 07:57:14 - [TEST_STEP][PASSED] - comment: Click video tutorial

2019-06-10 07:57:14 - [TEST_STEP][PASSED] - click: Object: 'Object Repository/ADMIN/Getting Started/Step 2/step2_video' is clicked on

2019-06-10 07:57:14 - [MESSAGE][PASSED] - Object: 'Object Repository/ADMIN/Getting Started/Step 2/step2_video' is clicked on

2019-06-10 07:57:14 - [TEST_STEP][PASSED] - delay: Delayed 1 second(s)

2019-06-10 07:57:15 - [MESSAGE][PASSED] - Delayed 1 second(s)

2019-06-10 07:57:15 - [TEST_STEP][PASSED] - switchToWindowIndex: Switched to window with index: '1'

2019-06-10 07:57:15 - [MESSAGE][PASSED] - Switched to window with index: '1'

2019-06-10 07:57:15 - [TEST_STEP][PASSED] - waitForElementVisible: Object 'Object Repository/ADMIN/Getting Started/Step 2/Video Object/yt-formatted-string_How to Add' is visible

2019-06-10 07:57:15 - [MESSAGE][WARNING] - Timeout '0' is invalid. Using default page load timeout: '30'

2019-06-10 07:57:23 - [MESSAGE][PASSED] - Object 'Object Repository/ADMIN/Getting Started/Step 2/Video Object/yt-formatted-string_How to Add' is visible

2019-06-10 07:57:23 - [TEST_STEP][PASSED] - closeWindowIndex: Window with index 1 is closed

2019-06-10 07:57:23 - [MESSAGE][PASSED] - Window with index 1 is closed

2019-06-10 07:57:23 - [TEST_STEP][PASSED] - delay: Delayed 1 second(s)

2019-06-10 07:57:24 - [MESSAGE][PASSED] - Delayed 1 second(s)

2019-06-10 07:57:24 - [TEST_STEP][PASSED] - switchToWindowIndex: Switched to window with index: '0'

2019-06-10 07:57:25 - [MESSAGE][PASSED] - Switched to window with index: '0'

2019-06-10 07:57:25 - [TEST_STEP][PASSED] - comment: Add Category

2019-06-10 07:57:25 - [TEST_STEP][PASSED] - waitForElementVisible: Object 'Object Repository/ADMIN/Getting Started/Step 2/div_Add Categories' is visible

2019-06-10 07:57:25 - [MESSAGE][WARNING] - Timeout '0' is invalid. Using default page load timeout: '30'

2019-06-10 07:57:25 - [MESSAGE][PASSED] - Object 'Object Repository/ADMIN/Getting Started/Step 2/div_Add Categories' is visible

2019-06-10 07:57:25 - [TEST_STEP][PASSED] - click: Object: 'Object Repository/ADMIN/Getting Started/Step 2/div_Add Categories' is clicked on

2019-06-10 07:57:26 - [MESSAGE][PASSED] - Object: 'Object Repository/ADMIN/Getting Started/Step 2/div_Add Categories' is clicked on

2019-06-10 07:57:26 - [TEST_STEP][PASSED] - waitForElementVisible: Object 'Object Repository/ADMIN/Getting Started/Step 2/Add Category/h1_Categories' is visible

2019-06-10 07:57:26 - [MESSAGE][WARNING] - Timeout '0' is invalid. Using default page load timeout: '30'

2019-06-10 07:57:26 - [MESSAGE][PASSED] - Object 'Object Repository/ADMIN/Getting Started/Step 2/Add Category/h1_Categories' is visible

2019-06-10 07:57:26 - [TEST_STEP][PASSED] - click: Object: 'Object Repository/ADMIN/Getting Started/Step 2/Add Category/a_Add a Category' is clicked on

2019-06-10 07:57:27 - [MESSAGE][PASSED] - Object: 'Object Repository/ADMIN/Getting Started/Step 2/Add Category/a_Add a Category' is clicked on

2019-06-10 07:57:27 - [TEST_STEP][PASSED] - waitForElementVisible: Object 'Object Repository/ADMIN/Getting Started/Step 2/Add Category/Pop Up Window/input_category_name' is visible

2019-06-10 07:57:27 - [MESSAGE][WARNING] - Timeout '0' is invalid. Using default page load timeout: '30'

2019-06-10 07:57:27 - [MESSAGE][PASSED] - Object 'Object Repository/ADMIN/Getting Started/Step 2/Add Category/Pop Up Window/input_category_name' is visible

2019-06-10 07:57:27 - [TEST_STEP][PASSED] - setText: Text 'Category 1' is set on object 'Object Repository/ADMIN/Getting Started/Step 2/Add Category/Pop Up Window/input_category_name'

2019-06-10 07:57:27 - [MESSAGE][PASSED] - Text 'Category 1' is set on object 'Object Repository/ADMIN/Getting Started/Step 2/Add Category/Pop Up Window/input_category_name'

2019-06-10 07:57:27 - [TEST_STEP][PASSED] - click: Object: 'Object Repository/ADMIN/Getting Started/Step 2/Add Category/Pop Up Window/div_Browse' is clicked on

2019-06-10 07:57:27 - [MESSAGE][PASSED] - Object: 'Object Repository/ADMIN/Getting Started/Step 2/Add Category/Pop Up Window/div_Browse' is clicked on

2019-06-10 07:57:27 - [TEST_STEP][PASSED] - delay: Delayed 1 second(s)

2019-06-10 07:57:28 - [MESSAGE][PASSED] - Delayed 1 second(s)

2019-06-10 07:57:28 - [TEST_STEP][PASSED] - uploadFile: File 'C:\\Katalon\\Image\\pic1.jpg' sent to object: 'Object Repository/ADMIN/Getting Started/Step 2/Add Category/Pop Up Window/input_thumb'

2019-06-10 07:57:29 - [MESSAGE][PASSED] - File 'C:\\Katalon\\Image\\pic1.jpg' sent to object: 'Object Repository/ADMIN/Getting Started/Step 2/Add Category/Pop Up Window/input_thumb'

2019-06-10 07:57:29 - [TEST_STEP][PASSED] - waitForElementVisible: Object 'Object Repository/ADMIN/Getting Started/Step 2/Add Category/Pop Up Window/div_btn btn-success btn-ok' is visible

2019-06-10 07:57:29 - [MESSAGE][WARNING] - Timeout '0' is invalid. Using default page load timeout: '30'

2019-06-10 07:57:29 - [MESSAGE][PASSED] - Object 'Object Repository/ADMIN/Getting Started/Step 2/Add Category/Pop Up Window/div_btn btn-success btn-ok' is visible

2019-06-10 07:57:29 - [TEST_STEP][PASSED] - click: Object: 'Object Repository/ADMIN/Getting Started/Step 2/Add Category/Pop Up Window/div_btn btn-success btn-ok' is clicked on

2019-06-10 07:57:29 - [MESSAGE][PASSED] - Object: 'Object Repository/ADMIN/Getting Started/Step 2/Add Category/Pop Up Window/div_btn btn-success btn-ok' is clicked on

2019-06-10 07:57:29 - [TEST_STEP][PASSED] - waitForElementVisible: Object 'Object Repository/ADMIN/Getting Started/Step 2/Add Category/Pop Up Window/a_Add Photo' is visible

2019-06-10 07:57:29 - [MESSAGE][WARNING] - Timeout '0' is invalid. Using default page load timeout: '30'

2019-06-10 07:57:29 - [MESSAGE][PASSED] - Object 'Object Repository/ADMIN/Getting Started/Step 2/Add Category/Pop Up Window/a_Add Photo' is visible

2019-06-10 07:57:29 - [TEST_STEP][PASSED] - click: Object: 'Object Repository/ADMIN/Getting Started/Step 2/Add Category/Pop Up Window/a_Add Photo' is clicked on

2019-06-10 07:57:29 - [MESSAGE][PASSED] - Object: 'Object Repository/ADMIN/Getting Started/Step 2/Add Category/Pop Up Window/a_Add Photo' is clicked on

2019-06-10 07:57:29 - [TEST_STEP][PASSED] - waitForElementVisible: Object 'Object Repository/ADMIN/Getting Started/Step 2/Add Category/Pop Up Window/input_btnSaveParentCategory' is visible

2019-06-10 07:57:29 - [MESSAGE][WARNING] - Timeout '0' is invalid. Using default page load timeout: '30'

2019-06-10 07:57:29 - [MESSAGE][PASSED] - Object 'Object Repository/ADMIN/Getting Started/Step 2/Add Category/Pop Up Window/input_btnSaveParentCategory' is visible

2019-06-10 07:57:29 - [TEST_STEP][PASSED] - delay: Delayed 1 second(s)

2019-06-10 07:57:30 - [MESSAGE][PASSED] - Delayed 1 second(s)

2019-06-10 07:57:30 - [TEST_STEP][PASSED] - click: Object: 'Object Repository/ADMIN/Getting Started/Step 2/Add Category/Pop Up Window/input_btnSaveParentCategory' is clicked on

2019-06-10 07:57:30 - [MESSAGE][PASSED] - Object: 'Object Repository/ADMIN/Getting Started/Step 2/Add Category/Pop Up Window/input_btnSaveParentCategory' is clicked on

2019-06-10 07:57:30 - [TEST_STEP][PASSED] - waitForElementVisible: Object 'Object Repository/ADMIN/Getting Started/Step 2/Add Category/Success Toaster/div_SuccessCategory was succes' is visible

2019-06-10 07:57:30 - [MESSAGE][WARNING] - Timeout '0' is invalid. Using default page load timeout: '30'

2019-06-10 07:57:31 - [MESSAGE][PASSED] - Object 'Object Repository/ADMIN/Getting Started/Step 2/Add Category/Success Toaster/div_SuccessCategory was succes' is visible

2019-06-10 07:57:31 - [TEST_STEP][PASSED] - verifyElementText: Actual text and expected text of test object 'Object Repository/ADMIN/Getting Started/Step 2/Add Category/Success Toaster/div_Category was successfully' are matched.

2019-06-10 07:57:31 - [MESSAGE][PASSED] - Actual text and expected text of test object 'Object Repository/ADMIN/Getting Started/Step 2/Add Category/Success Toaster/div_Category was successfully' are matched.

2019-06-10 07:57:31 - [TEST_STEP][PASSED] - waitForElementNotPresent: Web element with id: 'Object Repository/ADMIN/Getting Started/Step 2/Add Category/Success Toaster/div_SuccessCategory was succes' located by 'By.xpath: //div[(text() = 'Success!Category was successfully saved.' or . = 'Success!Category was successfully saved.')]' is not present after '30' second(s)

2019-06-10 07:57:31 - [MESSAGE][WARNING] - Timeout '0' is invalid. Using default page load timeout: '30'

2019-06-10 07:57:37 - [MESSAGE][PASSED] - Web element with id: 'Object Repository/ADMIN/Getting Started/Step 2/Add Category/Success Toaster/div_SuccessCategory was succes' located by 'By.xpath: //div[(text() = 'Success!Category was successfully saved.' or . = 'Success!Category was successfully saved.')]' is not present after '30' second(s)

2019-06-10 07:57:37 - [TEST_STEP][PASSED] - waitForElementVisible: Object 'Object Repository/ADMIN/Getting Started/Step 2/Add Category/div_Im Done here' is visible

2019-06-10 07:57:37 - [MESSAGE][WARNING] - Timeout '0' is invalid. Using default page load timeout: '30'

2019-06-10 07:57:37 - [MESSAGE][PASSED] - Object 'Object Repository/ADMIN/Getting Started/Step 2/Add Category/div_Im Done here' is visible

2019-06-10 07:57:37 - [TEST_STEP][PASSED] - click: Object: 'Object Repository/ADMIN/Getting Started/Step 2/Add Category/div_Im Done here' is clicked on

2019-06-10 07:57:37 - [MESSAGE][PASSED] - Object: 'Object Repository/ADMIN/Getting Started/Step 2/Add Category/div_Im Done here' is clicked on

2019-06-10 07:57:37 - [TEST_STEP][PASSED] - delay: Delayed 2 second(s)

2019-06-10 07:57:39 - [MESSAGE][PASSED] - Delayed 2 second(s)

2019-06-10 07:57:39 - [TEST_STEP][PASSED] - callTestCase: Call Test Case 'Test Cases/Utilities/ADMIN/Admin Logout' successfully

2019-06-10 07:57:39 - [TEST_CASE][PASSED] - Test Cases/Utilities/ADMIN/Admin Logout: Test Cases/Utilities/ADMIN/Admin Logout

2019-06-10 07:57:39 - [TEST_STEP][PASSED] - waitForElementVisible: Object 'Object Repository/Utilities/Admin Logout/button_Logout' is visible

2019-06-10 07:57:39 - [MESSAGE][WARNING] - Timeout '0' is invalid. Using default page load timeout: '30'

2019-06-10 07:57:39 - [MESSAGE][PASSED] - Object 'Object Repository/Utilities/Admin Logout/button_Logout' is visible

2019-06-10 07:57:39 - [TEST_STEP][PASSED] - click: Object: 'Object Repository/Utilities/Admin Logout/button_Logout' is clicked on

2019-06-10 07:57:40 - [MESSAGE][PASSED] - Object: 'Object Repository/Utilities/Admin Logout/button_Logout' is clicked on

2019-06-10 07:57:40 - [MESSAGE][PASSED] - Call Test Case 'Test Cases/Utilities/ADMIN/Admin Logout' successfully]]></system-out>
         <system-err><![CDATA[]]></system-err>
      </testcase>
      <testcase name="Test Cases/ADMIN/Getting Started/Getting Started Step 3" classname="Test Cases/ADMIN/Getting Started/Getting Started Step 3" status="FAILED">
         <failure type="FAILED" message="Unable to click on object 'Object Repository/ADMIN/Getting Started/Step 4/button_arrow left' (Root cause: org.openqa.selenium.ElementNotVisibleException: element not visible
  (Session info: chrome=74.0.3729.169)
  (Driver info: chromedriver=2.35.528161 (5b82f2d2aae0ca24b877009200ced9065a772e73),platform=Windows NT 6.1.7601 SP1 x86_64) (WARNING: The server did not provide any stacktrace information)
Command duration or timeout: 0 milliseconds
Build info: version: '3.7.1', revision: '8a0099a', time: '2017-11-06T21:07:36.161Z'
System info: host: 'ARCADIER-PC', ip: '10.10.31.95', os.name: 'Windows 7', os.arch: 'amd64', os.version: '6.1', java.version: '1.8.0_102'
Driver info: com.kms.katalon.selenium.driver.CChromeDriver
Capabilities {acceptInsecureCerts: false, acceptSslCerts: false, applicationCacheEnabled: false, browserConnectionEnabled: false, browserName: chrome, chrome: {chromedriverVersion: 2.35.528161 (5b82f2d2aae0ca..., userDataDir: C:\Users\Arcadier\AppData\L...}, cssSelectorsEnabled: true, databaseEnabled: false, handlesAlerts: true, hasTouchScreen: false, javascriptEnabled: true, locationContextEnabled: true, mobileEmulationEnabled: false, nativeEvents: true, networkConnectionEnabled: false, pageLoadStrategy: normal, platform: XP, platformName: XP, rotatable: false, setWindowRect: true, takesHeapSnapshot: true, takesScreenshot: true, unexpectedAlertBehaviour: , unhandledPromptBehavior: , version: 74.0.3729.169, webStorageEnabled: true}
Session ID: 33cd2ba4ca306f0d8aed8d7f7f6870f7)"/>
         <system-out><![CDATA[2019-06-10 07:57:40 - [TEST_CASE][FAILED] - Test Cases/ADMIN/Getting Started/Getting Started Step 3: Test Cases/ADMIN/Getting Started/Getting Started Step 3 FAILED because (of) Unable to click on object 'Object Repository/ADMIN/Getting Started/Step 4/button_arrow left' (Root cause: org.openqa.selenium.ElementNotVisibleException: element not visible
  (Session info: chrome=74.0.3729.169)
  (Driver info: chromedriver=2.35.528161 (5b82f2d2aae0ca24b877009200ced9065a772e73),platform=Windows NT 6.1.7601 SP1 x86_64) (WARNING: The server did not provide any stacktrace information)
Command duration or timeout: 0 milliseconds
Build info: version: '3.7.1', revision: '8a0099a', time: '2017-11-06T21:07:36.161Z'
System info: host: 'ARCADIER-PC', ip: '10.10.31.95', os.name: 'Windows 7', os.arch: 'amd64', os.version: '6.1', java.version: '1.8.0_102'
Driver info: com.kms.katalon.selenium.driver.CChromeDriver
Capabilities {acceptInsecureCerts: false, acceptSslCerts: false, applicationCacheEnabled: false, browserConnectionEnabled: false, browserName: chrome, chrome: {chromedriverVersion: 2.35.528161 (5b82f2d2aae0ca..., userDataDir: C:\Users\Arcadier\AppData\L...}, cssSelectorsEnabled: true, databaseEnabled: false, handlesAlerts: true, hasTouchScreen: false, javascriptEnabled: true, locationContextEnabled: true, mobileEmulationEnabled: false, nativeEvents: true, networkConnectionEnabled: false, pageLoadStrategy: normal, platform: XP, platformName: XP, rotatable: false, setWindowRect: true, takesHeapSnapshot: true, takesScreenshot: true, unexpectedAlertBehaviour: , unhandledPromptBehavior: , version: 74.0.3729.169, webStorageEnabled: true}
Session ID: 33cd2ba4ca306f0d8aed8d7f7f6870f7)

2019-06-10 07:57:40 - [TEST_STEP][PASSED] - callTestCase: Call Test Case 'Test Cases/Utilities/ADMIN/Admin Login' successfully

2019-06-10 07:57:40 - [TEST_CASE][PASSED] - Test Cases/Utilities/ADMIN/Admin Login: Test Cases/Utilities/ADMIN/Admin Login

2019-06-10 07:57:40 - [TEST_STEP][PASSED] - openBrowser: Browser is opened with url: ''

2019-06-10 07:57:40 - [MESSAGE][WARNING] - A browser is already opened. Closing browser and opening a new one

2019-06-10 07:57:43 - [MESSAGE][PASSED] - Browser is opened with url: ''

2019-06-10 07:57:43 - [TEST_STEP][PASSED] - maximizeWindow: Current window maximized

2019-06-10 07:57:44 - [MESSAGE][PASSED] - Current window maximized

2019-06-10 07:57:44 - [TEST_STEP][PASSED] - navigateToUrl: Navigate to 'http://0610SR.test.arcadier.io/admin' successfully

2019-06-10 07:57:47 - [MESSAGE][PASSED] - Navigate to 'http://0610SR.test.arcadier.io/admin' successfully

2019-06-10 07:57:47 - [TEST_STEP][PASSED] - Statement - If (AdminAccountType == "custom"): Object: 'Object Repository/ADMIN/Admin Login/Admin Login/btn_signin' is clicked on

2019-06-10 07:57:47 - [TEST_STEP][PASSED] - waitForElementVisible: Object 'Object Repository/ADMIN/Admin Login/Admin Login/txtbox_username' is visible

2019-06-10 07:57:47 - [MESSAGE][WARNING] - Timeout '0' is invalid. Using default page load timeout: '30'

2019-06-10 07:57:47 - [MESSAGE][PASSED] - Object 'Object Repository/ADMIN/Admin Login/Admin Login/txtbox_username' is visible

2019-06-10 07:57:47 - [TEST_STEP][PASSED] - setText: Text '0610SR' is set on object 'Object Repository/ADMIN/Admin Login/Admin Login/txtbox_username'

2019-06-10 07:57:47 - [MESSAGE][PASSED] - Text '0610SR' is set on object 'Object Repository/ADMIN/Admin Login/Admin Login/txtbox_username'

2019-06-10 07:57:47 - [TEST_STEP][PASSED] - setText: Text 'welcome8' is set on object 'Object Repository/ADMIN/Admin Login/Admin Login/txtbox_password'

2019-06-10 07:57:47 - [MESSAGE][PASSED] - Text 'welcome8' is set on object 'Object Repository/ADMIN/Admin Login/Admin Login/txtbox_password'

2019-06-10 07:57:47 - [TEST_STEP][PASSED] - click: Object: 'Object Repository/ADMIN/Admin Login/Admin Login/btn_signin' is clicked on

2019-06-10 07:57:50 - [MESSAGE][PASSED] - Object: 'Object Repository/ADMIN/Admin Login/Admin Login/btn_signin' is clicked on

2019-06-10 07:57:50 - [MESSAGE][PASSED] - Call Test Case 'Test Cases/Utilities/ADMIN/Admin Login' successfully

2019-06-10 07:57:50 - [TEST_STEP][PASSED] - waitForElementVisible: Object 'Object Repository/ADMIN/Getting Started/Arcadier_image link' is visible

2019-06-10 07:57:50 - [MESSAGE][WARNING] - Timeout '0' is invalid. Using default page load timeout: '30'

2019-06-10 07:57:50 - [MESSAGE][PASSED] - Object 'Object Repository/ADMIN/Getting Started/Arcadier_image link' is visible

2019-06-10 07:57:50 - [TEST_STEP][PASSED] - click: Object: 'Object Repository/ADMIN/Getting Started/Arcadier_image link' is clicked on

2019-06-10 07:57:52 - [MESSAGE][PASSED] - Object: 'Object Repository/ADMIN/Getting Started/Arcadier_image link' is clicked on

2019-06-10 07:57:52 - [TEST_STEP][PASSED] - comment: Step 3 Payment

2019-06-10 07:57:52 - [TEST_STEP][PASSED] - waitForElementVisible: Object 'Object Repository/ADMIN/Getting Started/span_Welcome to Arcadier Marke' is visible

2019-06-10 07:57:52 - [MESSAGE][WARNING] - Timeout '0' is invalid. Using default page load timeout: '30'

2019-06-10 07:57:52 - [MESSAGE][PASSED] - Object 'Object Repository/ADMIN/Getting Started/span_Welcome to Arcadier Marke' is visible

2019-06-10 07:57:52 - [TEST_STEP][PASSED] - verifyElementText: Actual text and expected text of test object 'Object Repository/ADMIN/Getting Started/span_Welcome to Arcadier Marke' are matched.

2019-06-10 07:57:52 - [MESSAGE][PASSED] - Actual text and expected text of test object 'Object Repository/ADMIN/Getting Started/span_Welcome to Arcadier Marke' are matched.

2019-06-10 07:57:52 - [TEST_STEP][PASSED] - waitForElementVisible: Object 'Object Repository/ADMIN/Getting Started/Step 2/button_arrow' is visible

2019-06-10 07:57:52 - [MESSAGE][WARNING] - Timeout '0' is invalid. Using default page load timeout: '30'

2019-06-10 07:57:52 - [MESSAGE][PASSED] - Object 'Object Repository/ADMIN/Getting Started/Step 2/button_arrow' is visible

2019-06-10 07:57:52 - [TEST_STEP][PASSED] - click: Object: 'Object Repository/ADMIN/Getting Started/Step 2/button_arrow' is clicked on

2019-06-10 07:57:52 - [MESSAGE][PASSED] - Object: 'Object Repository/ADMIN/Getting Started/Step 2/button_arrow' is clicked on

2019-06-10 07:57:52 - [TEST_STEP][PASSED] - waitForElementVisible: Object 'Object Repository/ADMIN/Getting Started/Step 3/div_Step 3  Add your payment m' is visible

2019-06-10 07:57:52 - [MESSAGE][WARNING] - Timeout '0' is invalid. Using default page load timeout: '30'

2019-06-10 07:57:52 - [MESSAGE][PASSED] - Object 'Object Repository/ADMIN/Getting Started/Step 3/div_Step 3  Add your payment m' is visible

2019-06-10 07:57:52 - [TEST_STEP][PASSED] - verifyElementPresent: Object 'Object Repository/ADMIN/Getting Started/Step 3/step3_image' is present

2019-06-10 07:57:52 - [MESSAGE][WARNING] - Timeout '0' is invalid. Using default page load timeout: '30'

2019-06-10 07:57:52 - [MESSAGE][PASSED] - Object 'Object Repository/ADMIN/Getting Started/Step 3/step3_image' is present

2019-06-10 07:57:52 - [TEST_STEP][PASSED] - waitForElementVisible: Object 'Object Repository/ADMIN/Getting Started/Step 3/div_Step 3  Add your payment m' is visible

2019-06-10 07:57:52 - [MESSAGE][WARNING] - Timeout '0' is invalid. Using default page load timeout: '30'

2019-06-10 07:57:52 - [MESSAGE][PASSED] - Object 'Object Repository/ADMIN/Getting Started/Step 3/div_Step 3  Add your payment m' is visible

2019-06-10 07:57:52 - [TEST_STEP][PASSED] - verifyElementText: Actual text and expected text of test object 'Object Repository/ADMIN/Getting Started/Step 3/p_Make sure to set up your pay' are matched.

2019-06-10 07:57:52 - [MESSAGE][PASSED] - Actual text and expected text of test object 'Object Repository/ADMIN/Getting Started/Step 3/p_Make sure to set up your pay' are matched.

2019-06-10 07:57:52 - [TEST_STEP][PASSED] - comment: Click video tutorial

2019-06-10 07:57:52 - [TEST_STEP][PASSED] - waitForElementVisible: Object 'Object Repository/ADMIN/Getting Started/Step 3/step 3_video' is visible

2019-06-10 07:57:52 - [MESSAGE][WARNING] - Timeout '0' is invalid. Using default page load timeout: '30'

2019-06-10 07:57:53 - [MESSAGE][PASSED] - Object 'Object Repository/ADMIN/Getting Started/Step 3/step 3_video' is visible

2019-06-10 07:57:53 - [TEST_STEP][PASSED] - click: Object: 'Object Repository/ADMIN/Getting Started/Step 3/step 3_video' is clicked on

2019-06-10 07:57:53 - [MESSAGE][PASSED] - Object: 'Object Repository/ADMIN/Getting Started/Step 3/step 3_video' is clicked on

2019-06-10 07:57:53 - [TEST_STEP][PASSED] - delay: Delayed 1 second(s)

2019-06-10 07:57:54 - [MESSAGE][PASSED] - Delayed 1 second(s)

2019-06-10 07:57:54 - [TEST_STEP][PASSED] - switchToWindowIndex: Switched to window with index: '1'

2019-06-10 07:57:54 - [MESSAGE][PASSED] - Switched to window with index: '1'

2019-06-10 07:57:54 - [TEST_STEP][PASSED] - waitForElementVisible: Object 'Object Repository/ADMIN/Getting Started/Step 3/yt-formatted-string_Payments H' is visible

2019-06-10 07:57:54 - [MESSAGE][WARNING] - Timeout '0' is invalid. Using default page load timeout: '30'

2019-06-10 07:58:10 - [MESSAGE][PASSED] - Object 'Object Repository/ADMIN/Getting Started/Step 3/yt-formatted-string_Payments H' is visible

2019-06-10 07:58:10 - [TEST_STEP][PASSED] - closeWindowIndex: Window with index 1 is closed

2019-06-10 07:58:10 - [MESSAGE][PASSED] - Window with index 1 is closed

2019-06-10 07:58:10 - [TEST_STEP][PASSED] - delay: Delayed 1 second(s)

2019-06-10 07:58:11 - [MESSAGE][PASSED] - Delayed 1 second(s)

2019-06-10 07:58:11 - [TEST_STEP][PASSED] - switchToWindowIndex: Switched to window with index: '0'

2019-06-10 07:58:11 - [MESSAGE][PASSED] - Switched to window with index: '0'

2019-06-10 07:58:11 - [TEST_STEP][PASSED] - comment: add payment

2019-06-10 07:58:11 - [TEST_STEP][FAILED] - click: Unable to click on object 'Object Repository/ADMIN/Getting Started/Step 4/button_arrow left' (Root cause: org.openqa.selenium.ElementNotVisibleException: element not visible
  (Session info: chrome=74.0.3729.169)
  (Driver info: chromedriver=2.35.528161 (5b82f2d2aae0ca24b877009200ced9065a772e73),platform=Windows NT 6.1.7601 SP1 x86_64) (WARNING: The server did not provide any stacktrace information)
Command duration or timeout: 0 milliseconds
Build info: version: '3.7.1', revision: '8a0099a', time: '2017-11-06T21:07:36.161Z'
System info: host: 'ARCADIER-PC', ip: '10.10.31.95', os.name: 'Windows 7', os.arch: 'amd64', os.version: '6.1', java.version: '1.8.0_102'
Driver info: com.kms.katalon.selenium.driver.CChromeDriver
Capabilities {acceptInsecureCerts: false, acceptSslCerts: false, applicationCacheEnabled: false, browserConnectionEnabled: false, browserName: chrome, chrome: {chromedriverVersion: 2.35.528161 (5b82f2d2aae0ca..., userDataDir: C:\Users\Arcadier\AppData\L...}, cssSelectorsEnabled: true, databaseEnabled: false, handlesAlerts: true, hasTouchScreen: false, javascriptEnabled: true, locationContextEnabled: true, mobileEmulationEnabled: false, nativeEvents: true, networkConnectionEnabled: false, pageLoadStrategy: normal, platform: XP, platformName: XP, rotatable: false, setWindowRect: true, takesHeapSnapshot: true, takesScreenshot: true, unexpectedAlertBehaviour: , unhandledPromptBehavior: , version: 74.0.3729.169, webStorageEnabled: true}
Session ID: 33cd2ba4ca306f0d8aed8d7f7f6870f7)

2019-06-10 07:58:12 - [MESSAGE][FAILED] - Unable to click on object 'Object Repository/ADMIN/Getting Started/Step 4/button_arrow left' (Root cause: org.openqa.selenium.ElementNotVisibleException: element not visible
  (Session info: chrome=74.0.3729.169)
  (Driver info: chromedriver=2.35.528161 (5b82f2d2aae0ca24b877009200ced9065a772e73),platform=Windows NT 6.1.7601 SP1 x86_64) (WARNING: The server did not provide any stacktrace information)
Command duration or timeout: 0 milliseconds
Build info: version: '3.7.1', revision: '8a0099a', time: '2017-11-06T21:07:36.161Z'
System info: host: 'ARCADIER-PC', ip: '10.10.31.95', os.name: 'Windows 7', os.arch: 'amd64', os.version: '6.1', java.version: '1.8.0_102'
Driver info: com.kms.katalon.selenium.driver.CChromeDriver
Capabilities {acceptInsecureCerts: false, acceptSslCerts: false, applicationCacheEnabled: false, browserConnectionEnabled: false, browserName: chrome, chrome: {chromedriverVersion: 2.35.528161 (5b82f2d2aae0ca..., userDataDir: C:\Users\Arcadier\AppData\L...}, cssSelectorsEnabled: true, databaseEnabled: false, handlesAlerts: true, hasTouchScreen: false, javascriptEnabled: true, locationContextEnabled: true, mobileEmulationEnabled: false, nativeEvents: true, networkConnectionEnabled: false, pageLoadStrategy: normal, platform: XP, platformName: XP, rotatable: false, setWindowRect: true, takesHeapSnapshot: true, takesScreenshot: true, unexpectedAlertBehaviour: , unhandledPromptBehavior: , version: 74.0.3729.169, webStorageEnabled: true}
Session ID: 33cd2ba4ca306f0d8aed8d7f7f6870f7)
[[ATTACHMENT|C:\\Users\\Arcadier\\git\\Arctick\\Reports\\Suites\\Admin Getting Started\\20190610_075637\\1560124691602.png]]

2019-06-10 07:58:12 - [TEST_STEP][PASSED] - waitForElementVisible: Object 'Object Repository/ADMIN/Getting Started/Step 3/div_Add Payments' is visible

2019-06-10 07:58:12 - [MESSAGE][WARNING] - Timeout '0' is invalid. Using default page load timeout: '30'

2019-06-10 07:58:12 - [MESSAGE][PASSED] - Object 'Object Repository/ADMIN/Getting Started/Step 3/div_Add Payments' is visible

2019-06-10 07:58:12 - [TEST_STEP][PASSED] - click: Object: 'Object Repository/ADMIN/Getting Started/Step 3/div_Add Payments' is clicked on

2019-06-10 07:58:14 - [MESSAGE][PASSED] - Object: 'Object Repository/ADMIN/Getting Started/Step 3/div_Add Payments' is clicked on

2019-06-10 07:58:14 - [TEST_STEP][PASSED] - comment: Custom Payment

2019-06-10 07:58:14 - [TEST_STEP][PASSED] - waitForElementVisible: Object 'Object Repository/ADMIN/Configure Payments/Custom Payment/a_Add a custom payment method' is visible

2019-06-10 07:58:14 - [MESSAGE][WARNING] - Timeout '0' is invalid. Using default page load timeout: '30'

2019-06-10 07:58:14 - [MESSAGE][PASSED] - Object 'Object Repository/ADMIN/Configure Payments/Custom Payment/a_Add a custom payment method' is visible

2019-06-10 07:58:14 - [TEST_STEP][PASSED] - click: Object: 'Object Repository/ADMIN/Configure Payments/Custom Payment/a_Add a custom payment method' is clicked on

2019-06-10 07:58:16 - [MESSAGE][PASSED] - Object: 'Object Repository/ADMIN/Configure Payments/Custom Payment/a_Add a custom payment method' is clicked on

2019-06-10 07:58:16 - [TEST_STEP][PASSED] - waitForElementVisible: Object 'Object Repository/ADMIN/Configure Payments/Custom Payment/input_payment-method-name' is visible

2019-06-10 07:58:16 - [MESSAGE][WARNING] - Timeout '0' is invalid. Using default page load timeout: '30'

2019-06-10 07:58:16 - [MESSAGE][PASSED] - Object 'Object Repository/ADMIN/Configure Payments/Custom Payment/input_payment-method-name' is visible

2019-06-10 07:58:16 - [TEST_STEP][PASSED] - setText: Text 'Handshake' is set on object 'Object Repository/ADMIN/Configure Payments/Custom Payment/input_payment-method-name'

2019-06-10 07:58:17 - [MESSAGE][PASSED] - Text 'Handshake' is set on object 'Object Repository/ADMIN/Configure Payments/Custom Payment/input_payment-method-name'

2019-06-10 07:58:17 - [TEST_STEP][PASSED] - setText: Text 'Custom Payment' is set on object 'Object Repository/ADMIN/Configure Payments/Custom Payment/textarea_custom-gateway-descri'

2019-06-10 07:58:17 - [MESSAGE][PASSED] - Text 'Custom Payment' is set on object 'Object Repository/ADMIN/Configure Payments/Custom Payment/textarea_custom-gateway-descri'

2019-06-10 07:58:17 - [TEST_STEP][PASSED] - setText: Text 'https://cash.test.arcadier.io/payment/generatepaykey' is set on object 'Object Repository/ADMIN/Configure Payments/Custom Payment/handshake'

2019-06-10 07:58:17 - [MESSAGE][PASSED] - Text 'https://cash.test.arcadier.io/payment/generatepaykey' is set on object 'Object Repository/ADMIN/Configure Payments/Custom Payment/handshake'

2019-06-10 07:58:17 - [TEST_STEP][PASSED] - setText: Text 'https://cash.test.arcadier.io/paypal/index' is set on object 'Object Repository/ADMIN/Configure Payments/Custom Payment/input_redirect-endpoint-url'

2019-06-10 07:58:17 - [MESSAGE][PASSED] - Text 'https://cash.test.arcadier.io/paypal/index' is set on object 'Object Repository/ADMIN/Configure Payments/Custom Payment/input_redirect-endpoint-url'

2019-06-10 07:58:17 - [TEST_STEP][PASSED] - click: Object: 'Object Repository/ADMIN/Configure Payments/Custom Payment/div_Browse' is clicked on

2019-06-10 07:58:17 - [MESSAGE][PASSED] - Object: 'Object Repository/ADMIN/Configure Payments/Custom Payment/div_Browse' is clicked on

2019-06-10 07:58:17 - [TEST_STEP][PASSED] - delay: Delayed 1 second(s)

2019-06-10 07:58:18 - [MESSAGE][PASSED] - Delayed 1 second(s)

2019-06-10 07:58:18 - [TEST_STEP][PASSED] - uploadFile: File 'C:\\Katalon\\Image\\logo1.jpg' sent to object: 'Object Repository/ADMIN/Configure Payments/Custom Payment/input_thumb'

2019-06-10 07:58:18 - [MESSAGE][PASSED] - File 'C:\\Katalon\\Image\\logo1.jpg' sent to object: 'Object Repository/ADMIN/Configure Payments/Custom Payment/input_thumb'

2019-06-10 07:58:18 - [TEST_STEP][PASSED] - waitForElementVisible: Object 'Object Repository/ADMIN/Configure Payments/Custom Payment/div_btn btn-success btn-ok' is visible

2019-06-10 07:58:18 - [MESSAGE][WARNING] - Timeout '0' is invalid. Using default page load timeout: '30'

2019-06-10 07:58:18 - [MESSAGE][PASSED] - Object 'Object Repository/ADMIN/Configure Payments/Custom Payment/div_btn btn-success btn-ok' is visible

2019-06-10 07:58:18 - [TEST_STEP][PASSED] - click: Object: 'Object Repository/ADMIN/Configure Payments/Custom Payment/div_btn btn-success btn-ok' is clicked on

2019-06-10 07:58:18 - [MESSAGE][PASSED] - Object: 'Object Repository/ADMIN/Configure Payments/Custom Payment/div_btn btn-success btn-ok' is clicked on

2019-06-10 07:58:18 - [TEST_STEP][PASSED] - waitForElementVisible: Object 'Object Repository/ADMIN/Configure Payments/Custom Payment/a_Save Photo' is visible

2019-06-10 07:58:18 - [MESSAGE][WARNING] - Timeout '0' is invalid. Using default page load timeout: '30'

2019-06-10 07:58:18 - [MESSAGE][PASSED] - Object 'Object Repository/ADMIN/Configure Payments/Custom Payment/a_Save Photo' is visible

2019-06-10 07:58:18 - [TEST_STEP][PASSED] - click: Object: 'Object Repository/ADMIN/Configure Payments/Custom Payment/a_Save Photo' is clicked on

2019-06-10 07:58:19 - [MESSAGE][PASSED] - Object: 'Object Repository/ADMIN/Configure Payments/Custom Payment/a_Save Photo' is clicked on

2019-06-10 07:58:19 - [TEST_STEP][PASSED] - waitForElementVisible: Object 'Object Repository/ADMIN/Configure Payments/Custom Payment/a_Save' is visible

2019-06-10 07:58:19 - [MESSAGE][WARNING] - Timeout '0' is invalid. Using default page load timeout: '30'

2019-06-10 07:58:19 - [MESSAGE][PASSED] - Object 'Object Repository/ADMIN/Configure Payments/Custom Payment/a_Save' is visible

2019-06-10 07:58:19 - [TEST_STEP][PASSED] - click: Object: 'Object Repository/ADMIN/Configure Payments/Custom Payment/a_Save' is clicked on

2019-06-10 07:58:19 - [MESSAGE][PASSED] - Object: 'Object Repository/ADMIN/Configure Payments/Custom Payment/a_Save' is clicked on

2019-06-10 07:58:19 - [TEST_STEP][PASSED] - waitForElementVisible: Web element with id: 'Object Repository/ADMIN/Configure Payments/Custom Payment/div_payment-status-color2' located by 'By.xpath: //*[@id="tbLanguageRow"]/tr[5]/td[3]/div[1]' not found

2019-06-10 07:58:19 - [MESSAGE][WARNING] - Timeout '0' is invalid. Using default page load timeout: '30'

2019-06-10 07:58:51 - [MESSAGE][WARNING] - Web element with id: 'Object Repository/ADMIN/Configure Payments/Custom Payment/div_payment-status-color2' located by 'By.xpath: //*[@id="tbLanguageRow"]/tr[5]/td[3]/div[1]' not found

2019-06-10 07:58:51 - [TEST_STEP][PASSED] - click: Object: 'Object Repository/ADMIN/Configure Payments/toggle_mandatory stripe' is clicked on

2019-06-10 07:58:51 - [MESSAGE][PASSED] - Object: 'Object Repository/ADMIN/Configure Payments/toggle_mandatory stripe' is clicked on

2019-06-10 07:58:51 - [TEST_STEP][PASSED] - verifyElementPresent: Object 'Object Repository/ADMIN/Getting Started/Step 3/button_im done here' is present

2019-06-10 07:58:51 - [MESSAGE][WARNING] - Timeout '0' is invalid. Using default page load timeout: '30'

2019-06-10 07:58:51 - [MESSAGE][PASSED] - Object 'Object Repository/ADMIN/Getting Started/Step 3/button_im done here' is present

2019-06-10 07:58:51 - [TEST_STEP][PASSED] - click: Object: 'Object Repository/ADMIN/Getting Started/Step 3/button_im done here' is clicked on

2019-06-10 07:58:51 - [MESSAGE][PASSED] - Object: 'Object Repository/ADMIN/Getting Started/Step 3/button_im done here' is clicked on

2019-06-10 07:58:51 - [TEST_STEP][PASSED] - delay: Delayed 1 second(s)

2019-06-10 07:58:52 - [MESSAGE][PASSED] - Delayed 1 second(s)

2019-06-10 07:58:52 - [TEST_STEP][PASSED] - callTestCase: Call Test Case 'Test Cases/Utilities/ADMIN/Admin Logout' successfully

2019-06-10 07:58:52 - [TEST_CASE][PASSED] - Test Cases/Utilities/ADMIN/Admin Logout: Test Cases/Utilities/ADMIN/Admin Logout

2019-06-10 07:58:52 - [TEST_STEP][PASSED] - waitForElementVisible: Object 'Object Repository/Utilities/Admin Logout/button_Logout' is visible

2019-06-10 07:58:52 - [MESSAGE][WARNING] - Timeout '0' is invalid. Using default page load timeout: '30'

2019-06-10 07:58:52 - [MESSAGE][PASSED] - Object 'Object Repository/Utilities/Admin Logout/button_Logout' is visible

2019-06-10 07:58:52 - [TEST_STEP][PASSED] - click: Object: 'Object Repository/Utilities/Admin Logout/button_Logout' is clicked on

2019-06-10 07:58:53 - [MESSAGE][PASSED] - Object: 'Object Repository/Utilities/Admin Logout/button_Logout' is clicked on

2019-06-10 07:58:53 - [MESSAGE][PASSED] - Call Test Case 'Test Cases/Utilities/ADMIN/Admin Logout' successfully]]></system-out>
         <system-err><![CDATA[2019-06-10 07:57:40 - [TEST_CASE][FAILED] - Test Cases/ADMIN/Getting Started/Getting Started Step 3: Test Cases/ADMIN/Getting Started/Getting Started Step 3 FAILED because (of) Unable to click on object 'Object Repository/ADMIN/Getting Started/Step 4/button_arrow left' (Root cause: org.openqa.selenium.ElementNotVisibleException: element not visible
  (Session info: chrome=74.0.3729.169)
  (Driver info: chromedriver=2.35.528161 (5b82f2d2aae0ca24b877009200ced9065a772e73),platform=Windows NT 6.1.7601 SP1 x86_64) (WARNING: The server did not provide any stacktrace information)
Command duration or timeout: 0 milliseconds
Build info: version: '3.7.1', revision: '8a0099a', time: '2017-11-06T21:07:36.161Z'
System info: host: 'ARCADIER-PC', ip: '10.10.31.95', os.name: 'Windows 7', os.arch: 'amd64', os.version: '6.1', java.version: '1.8.0_102'
Driver info: com.kms.katalon.selenium.driver.CChromeDriver
Capabilities {acceptInsecureCerts: false, acceptSslCerts: false, applicationCacheEnabled: false, browserConnectionEnabled: false, browserName: chrome, chrome: {chromedriverVersion: 2.35.528161 (5b82f2d2aae0ca..., userDataDir: C:\Users\Arcadier\AppData\L...}, cssSelectorsEnabled: true, databaseEnabled: false, handlesAlerts: true, hasTouchScreen: false, javascriptEnabled: true, locationContextEnabled: true, mobileEmulationEnabled: false, nativeEvents: true, networkConnectionEnabled: false, pageLoadStrategy: normal, platform: XP, platformName: XP, rotatable: false, setWindowRect: true, takesHeapSnapshot: true, takesScreenshot: true, unexpectedAlertBehaviour: , unhandledPromptBehavior: , version: 74.0.3729.169, webStorageEnabled: true}
Session ID: 33cd2ba4ca306f0d8aed8d7f7f6870f7)]]></system-err>
      </testcase>
      <testcase name="Test Cases/ADMIN/Getting Started/Getting Started Step 4" classname="Test Cases/ADMIN/Getting Started/Getting Started Step 4" status="FAILED">
         <failure type="FAILED" message="Unable to click on object 'Object Repository/ADMIN/Getting Started/Step 4/step3_arrow' (Root cause: org.openqa.selenium.ElementNotVisibleException: element not visible
  (Session info: chrome=74.0.3729.169)
  (Driver info: chromedriver=2.35.528161 (5b82f2d2aae0ca24b877009200ced9065a772e73),platform=Windows NT 6.1.7601 SP1 x86_64) (WARNING: The server did not provide any stacktrace information)
Command duration or timeout: 0 milliseconds
Build info: version: '3.7.1', revision: '8a0099a', time: '2017-11-06T21:07:36.161Z'
System info: host: 'ARCADIER-PC', ip: '10.10.31.95', os.name: 'Windows 7', os.arch: 'amd64', os.version: '6.1', java.version: '1.8.0_102'
Driver info: com.kms.katalon.selenium.driver.CChromeDriver
Capabilities {acceptInsecureCerts: false, acceptSslCerts: false, applicationCacheEnabled: false, browserConnectionEnabled: false, browserName: chrome, chrome: {chromedriverVersion: 2.35.528161 (5b82f2d2aae0ca..., userDataDir: C:\Users\Arcadier\AppData\L...}, cssSelectorsEnabled: true, databaseEnabled: false, handlesAlerts: true, hasTouchScreen: false, javascriptEnabled: true, locationContextEnabled: true, mobileEmulationEnabled: false, nativeEvents: true, networkConnectionEnabled: false, pageLoadStrategy: normal, platform: XP, platformName: XP, rotatable: false, setWindowRect: true, takesHeapSnapshot: true, takesScreenshot: true, unexpectedAlertBehaviour: , unhandledPromptBehavior: , version: 74.0.3729.169, webStorageEnabled: true}
Session ID: c660643940889f538e4aa93a13394fd3)"/>
         <system-out><![CDATA[2019-06-10 07:58:53 - [TEST_CASE][FAILED] - Test Cases/ADMIN/Getting Started/Getting Started Step 4: Test Cases/ADMIN/Getting Started/Getting Started Step 4 FAILED because (of) Unable to click on object 'Object Repository/ADMIN/Getting Started/Step 4/step3_arrow' (Root cause: org.openqa.selenium.ElementNotVisibleException: element not visible
  (Session info: chrome=74.0.3729.169)
  (Driver info: chromedriver=2.35.528161 (5b82f2d2aae0ca24b877009200ced9065a772e73),platform=Windows NT 6.1.7601 SP1 x86_64) (WARNING: The server did not provide any stacktrace information)
Command duration or timeout: 0 milliseconds
Build info: version: '3.7.1', revision: '8a0099a', time: '2017-11-06T21:07:36.161Z'
System info: host: 'ARCADIER-PC', ip: '10.10.31.95', os.name: 'Windows 7', os.arch: 'amd64', os.version: '6.1', java.version: '1.8.0_102'
Driver info: com.kms.katalon.selenium.driver.CChromeDriver
Capabilities {acceptInsecureCerts: false, acceptSslCerts: false, applicationCacheEnabled: false, browserConnectionEnabled: false, browserName: chrome, chrome: {chromedriverVersion: 2.35.528161 (5b82f2d2aae0ca..., userDataDir: C:\Users\Arcadier\AppData\L...}, cssSelectorsEnabled: true, databaseEnabled: false, handlesAlerts: true, hasTouchScreen: false, javascriptEnabled: true, locationContextEnabled: true, mobileEmulationEnabled: false, nativeEvents: true, networkConnectionEnabled: false, pageLoadStrategy: normal, platform: XP, platformName: XP, rotatable: false, setWindowRect: true, takesHeapSnapshot: true, takesScreenshot: true, unexpectedAlertBehaviour: , unhandledPromptBehavior: , version: 74.0.3729.169, webStorageEnabled: true}
Session ID: c660643940889f538e4aa93a13394fd3)

2019-06-10 07:58:53 - [TEST_STEP][PASSED] - callTestCase: Call Test Case 'Test Cases/Utilities/ADMIN/Admin Login' successfully

2019-06-10 07:58:53 - [TEST_CASE][PASSED] - Test Cases/Utilities/ADMIN/Admin Login: Test Cases/Utilities/ADMIN/Admin Login

2019-06-10 07:58:53 - [TEST_STEP][PASSED] - openBrowser: Browser is opened with url: ''

2019-06-10 07:58:53 - [MESSAGE][WARNING] - A browser is already opened. Closing browser and opening a new one

2019-06-10 07:58:56 - [MESSAGE][PASSED] - Browser is opened with url: ''

2019-06-10 07:58:56 - [TEST_STEP][PASSED] - maximizeWindow: Current window maximized

2019-06-10 07:58:57 - [MESSAGE][PASSED] - Current window maximized

2019-06-10 07:58:57 - [TEST_STEP][PASSED] - navigateToUrl: Navigate to 'http://0610SR.test.arcadier.io/admin' successfully

2019-06-10 07:59:01 - [MESSAGE][PASSED] - Navigate to 'http://0610SR.test.arcadier.io/admin' successfully

2019-06-10 07:59:01 - [TEST_STEP][PASSED] - Statement - If (AdminAccountType == "custom"): Object: 'Object Repository/ADMIN/Admin Login/Admin Login/btn_signin' is clicked on

2019-06-10 07:59:01 - [TEST_STEP][PASSED] - waitForElementVisible: Object 'Object Repository/ADMIN/Admin Login/Admin Login/txtbox_username' is visible

2019-06-10 07:59:01 - [MESSAGE][WARNING] - Timeout '0' is invalid. Using default page load timeout: '30'

2019-06-10 07:59:01 - [MESSAGE][PASSED] - Object 'Object Repository/ADMIN/Admin Login/Admin Login/txtbox_username' is visible

2019-06-10 07:59:01 - [TEST_STEP][PASSED] - setText: Text '0610SR' is set on object 'Object Repository/ADMIN/Admin Login/Admin Login/txtbox_username'

2019-06-10 07:59:01 - [MESSAGE][PASSED] - Text '0610SR' is set on object 'Object Repository/ADMIN/Admin Login/Admin Login/txtbox_username'

2019-06-10 07:59:01 - [TEST_STEP][PASSED] - setText: Text 'welcome8' is set on object 'Object Repository/ADMIN/Admin Login/Admin Login/txtbox_password'

2019-06-10 07:59:01 - [MESSAGE][PASSED] - Text 'welcome8' is set on object 'Object Repository/ADMIN/Admin Login/Admin Login/txtbox_password'

2019-06-10 07:59:01 - [TEST_STEP][PASSED] - click: Object: 'Object Repository/ADMIN/Admin Login/Admin Login/btn_signin' is clicked on

2019-06-10 07:59:04 - [MESSAGE][PASSED] - Object: 'Object Repository/ADMIN/Admin Login/Admin Login/btn_signin' is clicked on

2019-06-10 07:59:04 - [MESSAGE][PASSED] - Call Test Case 'Test Cases/Utilities/ADMIN/Admin Login' successfully

2019-06-10 07:59:04 - [TEST_STEP][PASSED] - click: Object: 'Object Repository/ADMIN/Getting Started/Arcadier_image link' is clicked on

2019-06-10 07:59:06 - [MESSAGE][PASSED] - Object: 'Object Repository/ADMIN/Getting Started/Arcadier_image link' is clicked on

2019-06-10 07:59:06 - [TEST_STEP][PASSED] - comment: Step 3 Invite Merchant

2019-06-10 07:59:06 - [TEST_STEP][PASSED] - waitForElementVisible: Object 'Object Repository/ADMIN/Getting Started/span_Welcome to Arcadier Marke' is visible

2019-06-10 07:59:06 - [MESSAGE][WARNING] - Timeout '0' is invalid. Using default page load timeout: '30'

2019-06-10 07:59:06 - [MESSAGE][PASSED] - Object 'Object Repository/ADMIN/Getting Started/span_Welcome to Arcadier Marke' is visible

2019-06-10 07:59:06 - [TEST_STEP][PASSED] - verifyElementText: Actual text and expected text of test object 'Object Repository/ADMIN/Getting Started/span_Welcome to Arcadier Marke' are matched.

2019-06-10 07:59:06 - [MESSAGE][PASSED] - Actual text and expected text of test object 'Object Repository/ADMIN/Getting Started/span_Welcome to Arcadier Marke' are matched.

2019-06-10 07:59:06 - [TEST_STEP][PASSED] - waitForElementVisible: Object 'Object Repository/ADMIN/Getting Started/Step 4/step2_arrow' is visible

2019-06-10 07:59:06 - [MESSAGE][WARNING] - Timeout '0' is invalid. Using default page load timeout: '30'

2019-06-10 07:59:06 - [MESSAGE][PASSED] - Object 'Object Repository/ADMIN/Getting Started/Step 4/step2_arrow' is visible

2019-06-10 07:59:06 - [TEST_STEP][PASSED] - click: Object: 'Object Repository/ADMIN/Getting Started/Step 4/step2_arrow' is clicked on

2019-06-10 07:59:06 - [MESSAGE][PASSED] - Object: 'Object Repository/ADMIN/Getting Started/Step 4/step2_arrow' is clicked on

2019-06-10 07:59:06 - [TEST_STEP][FAILED] - click: Unable to click on object 'Object Repository/ADMIN/Getting Started/Step 4/step3_arrow' (Root cause: org.openqa.selenium.ElementNotVisibleException: element not visible
  (Session info: chrome=74.0.3729.169)
  (Driver info: chromedriver=2.35.528161 (5b82f2d2aae0ca24b877009200ced9065a772e73),platform=Windows NT 6.1.7601 SP1 x86_64) (WARNING: The server did not provide any stacktrace information)
Command duration or timeout: 0 milliseconds
Build info: version: '3.7.1', revision: '8a0099a', time: '2017-11-06T21:07:36.161Z'
System info: host: 'ARCADIER-PC', ip: '10.10.31.95', os.name: 'Windows 7', os.arch: 'amd64', os.version: '6.1', java.version: '1.8.0_102'
Driver info: com.kms.katalon.selenium.driver.CChromeDriver
Capabilities {acceptInsecureCerts: false, acceptSslCerts: false, applicationCacheEnabled: false, browserConnectionEnabled: false, browserName: chrome, chrome: {chromedriverVersion: 2.35.528161 (5b82f2d2aae0ca..., userDataDir: C:\Users\Arcadier\AppData\L...}, cssSelectorsEnabled: true, databaseEnabled: false, handlesAlerts: true, hasTouchScreen: false, javascriptEnabled: true, locationContextEnabled: true, mobileEmulationEnabled: false, nativeEvents: true, networkConnectionEnabled: false, pageLoadStrategy: normal, platform: XP, platformName: XP, rotatable: false, setWindowRect: true, takesHeapSnapshot: true, takesScreenshot: true, unexpectedAlertBehaviour: , unhandledPromptBehavior: , version: 74.0.3729.169, webStorageEnabled: true}
Session ID: c660643940889f538e4aa93a13394fd3)

2019-06-10 07:59:06 - [MESSAGE][FAILED] - Unable to click on object 'Object Repository/ADMIN/Getting Started/Step 4/step3_arrow' (Root cause: org.openqa.selenium.ElementNotVisibleException: element not visible
  (Session info: chrome=74.0.3729.169)
  (Driver info: chromedriver=2.35.528161 (5b82f2d2aae0ca24b877009200ced9065a772e73),platform=Windows NT 6.1.7601 SP1 x86_64) (WARNING: The server did not provide any stacktrace information)
Command duration or timeout: 0 milliseconds
Build info: version: '3.7.1', revision: '8a0099a', time: '2017-11-06T21:07:36.161Z'
System info: host: 'ARCADIER-PC', ip: '10.10.31.95', os.name: 'Windows 7', os.arch: 'amd64', os.version: '6.1', java.version: '1.8.0_102'
Driver info: com.kms.katalon.selenium.driver.CChromeDriver
Capabilities {acceptInsecureCerts: false, acceptSslCerts: false, applicationCacheEnabled: false, browserConnectionEnabled: false, browserName: chrome, chrome: {chromedriverVersion: 2.35.528161 (5b82f2d2aae0ca..., userDataDir: C:\Users\Arcadier\AppData\L...}, cssSelectorsEnabled: true, databaseEnabled: false, handlesAlerts: true, hasTouchScreen: false, javascriptEnabled: true, locationContextEnabled: true, mobileEmulationEnabled: false, nativeEvents: true, networkConnectionEnabled: false, pageLoadStrategy: normal, platform: XP, platformName: XP, rotatable: false, setWindowRect: true, takesHeapSnapshot: true, takesScreenshot: true, unexpectedAlertBehaviour: , unhandledPromptBehavior: , version: 74.0.3729.169, webStorageEnabled: true}
Session ID: c660643940889f538e4aa93a13394fd3)
[[ATTACHMENT|C:\\Users\\Arcadier\\git\\Arctick\\Reports\\Suites\\Admin Getting Started\\20190610_075637\\1560124746414.png]]

2019-06-10 07:59:06 - [TEST_STEP][PASSED] - waitForElementVisible: Object 'Object Repository/ADMIN/Getting Started/Step 4/div_Step 4  Invite your mercha' is visible

2019-06-10 07:59:06 - [MESSAGE][WARNING] - Timeout '0' is invalid. Using default page load timeout: '30'

2019-06-10 07:59:14 - [MESSAGE][PASSED] - Object 'Object Repository/ADMIN/Getting Started/Step 4/div_Step 4  Invite your mercha' is visible

2019-06-10 07:59:14 - [TEST_STEP][PASSED] - waitForElementVisible: Object 'Object Repository/ADMIN/Getting Started/Step 4/step4_image' is visible

2019-06-10 07:59:14 - [MESSAGE][WARNING] - Timeout '0' is invalid. Using default page load timeout: '30'

2019-06-10 07:59:14 - [MESSAGE][PASSED] - Object 'Object Repository/ADMIN/Getting Started/Step 4/step4_image' is visible

2019-06-10 07:59:14 - [TEST_STEP][PASSED] - waitForElementVisible: Object 'Object Repository/ADMIN/Getting Started/Step 4/p_Get your merchants on board' is visible

2019-06-10 07:59:14 - [MESSAGE][WARNING] - Timeout '0' is invalid. Using default page load timeout: '30'

2019-06-10 07:59:14 - [MESSAGE][PASSED] - Object 'Object Repository/ADMIN/Getting Started/Step 4/p_Get your merchants on board' is visible

2019-06-10 07:59:14 - [TEST_STEP][PASSED] - comment: Click video tutorial

2019-06-10 07:59:14 - [TEST_STEP][PASSED] - waitForElementVisible: Object 'Object Repository/ADMIN/Getting Started/Step 4/Step4_video tutorial' is visible

2019-06-10 07:59:14 - [MESSAGE][WARNING] - Timeout '0' is invalid. Using default page load timeout: '30'

2019-06-10 07:59:14 - [MESSAGE][PASSED] - Object 'Object Repository/ADMIN/Getting Started/Step 4/Step4_video tutorial' is visible

2019-06-10 07:59:14 - [TEST_STEP][PASSED] - click: Object: 'Object Repository/ADMIN/Getting Started/Step 4/Step4_video tutorial' is clicked on

2019-06-10 07:59:14 - [MESSAGE][PASSED] - Object: 'Object Repository/ADMIN/Getting Started/Step 4/Step4_video tutorial' is clicked on

2019-06-10 07:59:14 - [TEST_STEP][PASSED] - delay: Delayed 1 second(s)

2019-06-10 07:59:15 - [MESSAGE][PASSED] - Delayed 1 second(s)

2019-06-10 07:59:15 - [TEST_STEP][PASSED] - switchToWindowIndex: Switched to window with index: '1'

2019-06-10 07:59:15 - [MESSAGE][PASSED] - Switched to window with index: '1'

2019-06-10 07:59:15 - [TEST_STEP][PASSED] - waitForElementVisible: Object 'Object Repository/ADMIN/Getting Started/Step 4/yt-formatted-string_Sellers Ov' is visible

2019-06-10 07:59:15 - [MESSAGE][WARNING] - Timeout '0' is invalid. Using default page load timeout: '30'

2019-06-10 07:59:43 - [MESSAGE][PASSED] - Object 'Object Repository/ADMIN/Getting Started/Step 4/yt-formatted-string_Sellers Ov' is visible

2019-06-10 07:59:43 - [TEST_STEP][PASSED] - closeWindowIndex: Window with index 1 is closed

2019-06-10 07:59:44 - [MESSAGE][PASSED] - Window with index 1 is closed

2019-06-10 07:59:44 - [TEST_STEP][PASSED] - delay: Delayed 1 second(s)

2019-06-10 07:59:45 - [MESSAGE][PASSED] - Delayed 1 second(s)

2019-06-10 07:59:45 - [TEST_STEP][PASSED] - switchToWindowIndex: Switched to window with index: '0'

2019-06-10 07:59:45 - [MESSAGE][PASSED] - Switched to window with index: '0'

2019-06-10 07:59:45 - [TEST_STEP][PASSED] - comment: invite merchant

2019-06-10 07:59:45 - [TEST_STEP][PASSED] - waitForElementVisible: Object 'Object Repository/ADMIN/Getting Started/Step 4/div_Start Inviting' is visible

2019-06-10 07:59:45 - [MESSAGE][WARNING] - Timeout '0' is invalid. Using default page load timeout: '30'

2019-06-10 07:59:59 - [MESSAGE][PASSED] - Object 'Object Repository/ADMIN/Getting Started/Step 4/div_Start Inviting' is visible

2019-06-10 07:59:59 - [TEST_STEP][PASSED] - click: Object: 'Object Repository/ADMIN/Getting Started/Step 4/div_Start Inviting' is clicked on

2019-06-10 07:59:59 - [MESSAGE][PASSED] - Object: 'Object Repository/ADMIN/Getting Started/Step 4/div_Start Inviting' is clicked on

2019-06-10 07:59:59 - [TEST_STEP][PASSED] - waitForElementVisible: Object 'Object Repository/ADMIN/Getting Started/Step 4/user page/h1_Users' is visible

2019-06-10 07:59:59 - [MESSAGE][WARNING] - Timeout '0' is invalid. Using default page load timeout: '30'

2019-06-10 07:59:59 - [MESSAGE][PASSED] - Object 'Object Repository/ADMIN/Getting Started/Step 4/user page/h1_Users' is visible

2019-06-10 07:59:59 - [TEST_STEP][PASSED] - verifyElementPresent: Object 'Object Repository/ADMIN/Getting Started/Step 4/user page/div_Invite Merchant' is present

2019-06-10 07:59:59 - [MESSAGE][WARNING] - Timeout '0' is invalid. Using default page load timeout: '30'

2019-06-10 07:59:59 - [MESSAGE][PASSED] - Object 'Object Repository/ADMIN/Getting Started/Step 4/user page/div_Invite Merchant' is present

2019-06-10 07:59:59 - [TEST_STEP][PASSED] - click: Object: 'Object Repository/ADMIN/Getting Started/Step 4/user page/div_Invite Merchant' is clicked on

2019-06-10 07:59:59 - [MESSAGE][PASSED] - Object: 'Object Repository/ADMIN/Getting Started/Step 4/user page/div_Invite Merchant' is clicked on

2019-06-10 07:59:59 - [TEST_STEP][PASSED] - waitForElementVisible: Object 'Object Repository/ADMIN/Getting Started/Step 4/Invite popup/div_Invite your sellers to onb' is visible

2019-06-10 07:59:59 - [MESSAGE][WARNING] - Timeout '0' is invalid. Using default page load timeout: '30'

2019-06-10 08:00:00 - [MESSAGE][PASSED] - Object 'Object Repository/ADMIN/Getting Started/Step 4/Invite popup/div_Invite your sellers to onb' is visible

2019-06-10 08:00:00 - [TEST_STEP][PASSED] - setText: Text 'arcadierteam1@gmail.com' is set on object 'Object Repository/ADMIN/Getting Started/Step 4/Invite popup/textarea_invite-sellers-email-'

2019-06-10 08:00:00 - [MESSAGE][PASSED] - Text 'arcadierteam1@gmail.com' is set on object 'Object Repository/ADMIN/Getting Started/Step 4/Invite popup/textarea_invite-sellers-email-'

2019-06-10 08:00:00 - [TEST_STEP][PASSED] - click: Object: 'Object Repository/ADMIN/Getting Started/Step 4/Invite popup/input_btn-send-direct-invite' is clicked on

2019-06-10 08:00:00 - [MESSAGE][PASSED] - Object: 'Object Repository/ADMIN/Getting Started/Step 4/Invite popup/input_btn-send-direct-invite' is clicked on

2019-06-10 08:00:00 - [TEST_STEP][PASSED] - callTestCase: Call Test Case 'Test Cases/Utilities/ADMIN/Admin Logout' successfully

2019-06-10 08:00:00 - [TEST_CASE][PASSED] - Test Cases/Utilities/ADMIN/Admin Logout: Test Cases/Utilities/ADMIN/Admin Logout

2019-06-10 08:00:00 - [TEST_STEP][PASSED] - waitForElementVisible: Object 'Object Repository/Utilities/Admin Logout/button_Logout' is visible

2019-06-10 08:00:00 - [MESSAGE][WARNING] - Timeout '0' is invalid. Using default page load timeout: '30'

2019-06-10 08:00:00 - [MESSAGE][PASSED] - Object 'Object Repository/Utilities/Admin Logout/button_Logout' is visible

2019-06-10 08:00:00 - [TEST_STEP][PASSED] - click: Object: 'Object Repository/Utilities/Admin Logout/button_Logout' is clicked on

2019-06-10 08:00:00 - [MESSAGE][PASSED] - Object: 'Object Repository/Utilities/Admin Logout/button_Logout' is clicked on

2019-06-10 08:00:00 - [MESSAGE][PASSED] - Call Test Case 'Test Cases/Utilities/ADMIN/Admin Logout' successfully]]></system-out>
         <system-err><![CDATA[2019-06-10 07:58:53 - [TEST_CASE][FAILED] - Test Cases/ADMIN/Getting Started/Getting Started Step 4: Test Cases/ADMIN/Getting Started/Getting Started Step 4 FAILED because (of) Unable to click on object 'Object Repository/ADMIN/Getting Started/Step 4/step3_arrow' (Root cause: org.openqa.selenium.ElementNotVisibleException: element not visible
  (Session info: chrome=74.0.3729.169)
  (Driver info: chromedriver=2.35.528161 (5b82f2d2aae0ca24b877009200ced9065a772e73),platform=Windows NT 6.1.7601 SP1 x86_64) (WARNING: The server did not provide any stacktrace information)
Command duration or timeout: 0 milliseconds
Build info: version: '3.7.1', revision: '8a0099a', time: '2017-11-06T21:07:36.161Z'
System info: host: 'ARCADIER-PC', ip: '10.10.31.95', os.name: 'Windows 7', os.arch: 'amd64', os.version: '6.1', java.version: '1.8.0_102'
Driver info: com.kms.katalon.selenium.driver.CChromeDriver
Capabilities {acceptInsecureCerts: false, acceptSslCerts: false, applicationCacheEnabled: false, browserConnectionEnabled: false, browserName: chrome, chrome: {chromedriverVersion: 2.35.528161 (5b82f2d2aae0ca..., userDataDir: C:\Users\Arcadier\AppData\L...}, cssSelectorsEnabled: true, databaseEnabled: false, handlesAlerts: true, hasTouchScreen: false, javascriptEnabled: true, locationContextEnabled: true, mobileEmulationEnabled: false, nativeEvents: true, networkConnectionEnabled: false, pageLoadStrategy: normal, platform: XP, platformName: XP, rotatable: false, setWindowRect: true, takesHeapSnapshot: true, takesScreenshot: true, unexpectedAlertBehaviour: , unhandledPromptBehavior: , version: 74.0.3729.169, webStorageEnabled: true}
Session ID: c660643940889f538e4aa93a13394fd3)]]></system-err>
      </testcase>
      <testcase name="Test Cases/ADMIN/Getting Started/Quick Links" classname="Test Cases/ADMIN/Getting Started/Quick Links" status="ERROR">
         <error type="ERROR" message="Test Cases/ADMIN/Getting Started/Quick Links FAILED because (of) Variable 'AdminAccount' is not defined for test case."/>
         <system-out><![CDATA[2019-06-10 08:00:00 - [TEST_CASE][ERROR] - Test Cases/ADMIN/Getting Started/Quick Links: Test Cases/ADMIN/Getting Started/Quick Links FAILED because (of) Variable 'AdminAccount' is not defined for test case.

2019-06-10 08:00:01 - [TEST_STEP][PASSED] - openBrowser: Browser is opened with url: ''

2019-06-10 08:00:01 - [MESSAGE][WARNING] - A browser is already opened. Closing browser and opening a new one

2019-06-10 08:00:03 - [MESSAGE][PASSED] - Browser is opened with url: ''

2019-06-10 08:00:03 - [TEST_STEP][PASSED] - navigateToUrl: Navigate to 'http://0610SR.test.arcadier.io/admin' successfully

2019-06-10 08:00:06 - [MESSAGE][PASSED] - Navigate to 'http://0610SR.test.arcadier.io/admin' successfully

2019-06-10 08:00:06 - [TEST_STEP][PASSED] - maximizeWindow: Current window maximized

2019-06-10 08:00:07 - [MESSAGE][PASSED] - Current window maximized

2019-06-10 08:00:07 - [TEST_STEP][PASSED] - waitForElementVisible: Object 'Object Repository/ADMIN/Admin Login/Admin Login/txtbox_username' is visible

2019-06-10 08:00:07 - [MESSAGE][WARNING] - Timeout '0' is invalid. Using default page load timeout: '30'

2019-06-10 08:00:07 - [MESSAGE][PASSED] - Object 'Object Repository/ADMIN/Admin Login/Admin Login/txtbox_username' is visible

2019-06-10 08:00:07 - [TEST_STEP][PASSED] - Statement - If (AdminAccount == "custom"): null]]></system-out>
         <system-err><![CDATA[2019-06-10 08:00:00 - [TEST_CASE][ERROR] - Test Cases/ADMIN/Getting Started/Quick Links: Test Cases/ADMIN/Getting Started/Quick Links FAILED because (of) Variable 'AdminAccount' is not defined for test case.]]></system-err>
      </testcase>
      <system-out><![CDATA[2019-06-10 07:56:39 - [TEST_SUITE][FAILED] - Admin Getting Started: Test Cases/ADMIN/Getting Started/Getting Started Step 3 FAILED because (of) Unable to click on object 'Object Repository/ADMIN/Getting Started/Step 4/button_arrow left' (Root cause: org.openqa.selenium.ElementNotVisibleException: element not visible
  (Session info: chrome=74.0.3729.169)
  (Driver info: chromedriver=2.35.528161 (5b82f2d2aae0ca24b877009200ced9065a772e73),platform=Windows NT 6.1.7601 SP1 x86_64) (WARNING: The server did not provide any stacktrace information)
Command duration or timeout: 0 milliseconds
Build info: version: '3.7.1', revision: '8a0099a', time: '2017-11-06T21:07:36.161Z'
System info: host: 'ARCADIER-PC', ip: '10.10.31.95', os.name: 'Windows 7', os.arch: 'amd64', os.version: '6.1', java.version: '1.8.0_102'
Driver info: com.kms.katalon.selenium.driver.CChromeDriver
Capabilities {acceptInsecureCerts: false, acceptSslCerts: false, applicationCacheEnabled: false, browserConnectionEnabled: false, browserName: chrome, chrome: {chromedriverVersion: 2.35.528161 (5b82f2d2aae0ca..., userDataDir: C:\Users\Arcadier\AppData\L...}, cssSelectorsEnabled: true, databaseEnabled: false, handlesAlerts: true, hasTouchScreen: false, javascriptEnabled: true, locationContextEnabled: true, mobileEmulationEnabled: false, nativeEvents: true, networkConnectionEnabled: false, pageLoadStrategy: normal, platform: XP, platformName: XP, rotatable: false, setWindowRect: true, takesHeapSnapshot: true, takesScreenshot: true, unexpectedAlertBehaviour: , unhandledPromptBehavior: , version: 74.0.3729.169, webStorageEnabled: true}
Session ID: 33cd2ba4ca306f0d8aed8d7f7f6870f7)]]></system-out>
      <system-err><![CDATA[2019-06-10 07:56:39 - [TEST_SUITE][FAILED] - Admin Getting Started: Test Cases/ADMIN/Getting Started/Getting Started Step 3 FAILED because (of) Unable to click on object 'Object Repository/ADMIN/Getting Started/Step 4/button_arrow left' (Root cause: org.openqa.selenium.ElementNotVisibleException: element not visible
  (Session info: chrome=74.0.3729.169)
  (Driver info: chromedriver=2.35.528161 (5b82f2d2aae0ca24b877009200ced9065a772e73),platform=Windows NT 6.1.7601 SP1 x86_64) (WARNING: The server did not provide any stacktrace information)
Command duration or timeout: 0 milliseconds
Build info: version: '3.7.1', revision: '8a0099a', time: '2017-11-06T21:07:36.161Z'
System info: host: 'ARCADIER-PC', ip: '10.10.31.95', os.name: 'Windows 7', os.arch: 'amd64', os.version: '6.1', java.version: '1.8.0_102'
Driver info: com.kms.katalon.selenium.driver.CChromeDriver
Capabilities {acceptInsecureCerts: false, acceptSslCerts: false, applicationCacheEnabled: false, browserConnectionEnabled: false, browserName: chrome, chrome: {chromedriverVersion: 2.35.528161 (5b82f2d2aae0ca..., userDataDir: C:\Users\Arcadier\AppData\L...}, cssSelectorsEnabled: true, databaseEnabled: false, handlesAlerts: true, hasTouchScreen: false, javascriptEnabled: true, locationContextEnabled: true, mobileEmulationEnabled: false, nativeEvents: true, networkConnectionEnabled: false, pageLoadStrategy: normal, platform: XP, platformName: XP, rotatable: false, setWindowRect: true, takesHeapSnapshot: true, takesScreenshot: true, unexpectedAlertBehaviour: , unhandledPromptBehavior: , version: 74.0.3729.169, webStorageEnabled: true}
Session ID: 33cd2ba4ca306f0d8aed8d7f7f6870f7)]]></system-err>
   </testsuite>
</testsuites>
