<?xml version="1.0" encoding="UTF-8"?>
<testsuites name="Merchant Add Service" time="20" tests="0" failures="1" errors="0">
   <testsuite name="Merchant Add Service" tests="0" failures="1" errors="0" time="20" timestamp="2019-06-11 14:48:41" hostname="Arcadier - Arcadier-PC" id="Test Suites/Suites/Merchant Add Service">
      <properties>
         <property name="deviceName" value=""/>
         <property name="devicePlatform" value=""/>
         <property name="logFolder" value="C:\\Users\\Arcadier\\git\\Arctick\\Reports\\Suites\\Merchant Add Service\\20190611_144839"/>
         <property name="logFiles" value="C:\\Users\\Arcadier\\git\\Arctick\\Reports\\Suites\\Merchant Add Service\\20190611_144839\\execution0.log"/>
         <property name="attachments" value="C:\\Users\\Arcadier\\git\\Arctick\\Reports\\Suites\\Merchant Add Service\\20190611_144839\\1560235729737.png, C:\\Users\\Arcadier\\git\\Arctick\\Reports\\Suites\\Merchant Add Service\\20190611_144839\\1560235739336.png, C:\\Users\\Arcadier\\git\\Arctick\\Reports\\Suites\\Merchant Add Service\\20190611_144839\\1560235739729.png, C:\\Users\\Arcadier\\git\\Arctick\\Reports\\Suites\\Merchant Add Service\\20190611_144839\\1560235740251.png, C:\\Users\\Arcadier\\git\\Arctick\\Reports\\Suites\\Merchant Add Service\\20190611_144839\\1560235740623.png, C:\\Users\\Arcadier\\git\\Arctick\\Reports\\Suites\\Merchant Add Service\\20190611_144839\\1560235741000.png, C:\\Users\\Arcadier\\git\\Arctick\\Reports\\Suites\\Merchant Add Service\\20190611_144839\\1560235741356.png, C:\\Users\\Arcadier\\git\\Arctick\\Reports\\Suites\\Merchant Add Service\\20190611_144839\\1560235741732.png"/>
         <property name="hostName" value="Arcadier - Arcadier-PC"/>
         <property name="os" value="Windows 7 64bit"/>
         <property name="katalonVersion" value="5.4.2.1"/>
         <property name="browser" value="Chrome 74.0.3729.169"/>
         <property name="hostAddress" value="10.10.31.95"/>
         <property name="sessionId" value="98dfee7f91ea92c8ea5c553e75c4036b"/>
         <property name="seleniumVersion" value="3.7.1"/>
         <property name="proxyInformation" value="ProxyInformation{proxyOption=NO_PROXY, proxyServerType=HTTP, password=, proxyServerAddress=, proxyServerPort=0}"/>
         <property name="platform" value="Windows 7"/>
      </properties>
      <testcase name="Test Cases/MERCHANT/SPACETIME/Service Creation/Add Service" classname="Test Cases/MERCHANT/SPACETIME/Service Creation/Add Service" status="FAILED">
         <failure type="FAILED" message="Unable to click on image (Root cause: java.lang.IllegalArgumentException: This object don't have IMAGE_FILE property, please add it)"/>
         <system-out><![CDATA[2019-06-11 14:48:42 - [TEST_CASE][FAILED] - Test Cases/MERCHANT/SPACETIME/Service Creation/Add Service: Test Cases/MERCHANT/SPACETIME/Service Creation/Add Service FAILED because (of) Unable to click on image (Root cause: java.lang.IllegalArgumentException: This object don't have IMAGE_FILE property, please add it)

2019-06-11 14:48:42 - [TEST_STEP][PASSED] - waitForElementVisible: Object 'Object Repository/MERCHANT/SpaceTime/Listing Page/header_Your Services' is visible

2019-06-11 14:48:43 - [MESSAGE][WARNING] - Timeout '0' is invalid. Using default page load timeout: '30'

2019-06-11 14:48:43 - [MESSAGE][PASSED] - Object 'Object Repository/MERCHANT/SpaceTime/Listing Page/header_Your Services' is visible

2019-06-11 14:48:43 - [TEST_STEP][PASSED] - click: Object: 'Object Repository/MERCHANT/SpaceTime/Listing Page/header_Your Services' is clicked on

2019-06-11 14:48:44 - [MESSAGE][PASSED] - Object: 'Object Repository/MERCHANT/SpaceTime/Listing Page/header_Your Services' is clicked on

2019-06-11 14:48:44 - [TEST_STEP][PASSED] - waitForElementVisible: Object 'Object Repository/MERCHANT/SpaceTime/Listing Page/button_Add listings' is visible

2019-06-11 14:48:44 - [MESSAGE][WARNING] - Timeout '0' is invalid. Using default page load timeout: '30'

2019-06-11 14:48:44 - [MESSAGE][PASSED] - Object 'Object Repository/MERCHANT/SpaceTime/Listing Page/button_Add listings' is visible

2019-06-11 14:48:44 - [TEST_STEP][PASSED] - click: Object: 'Object Repository/MERCHANT/SpaceTime/Listing Page/button_Add listings' is clicked on

2019-06-11 14:48:46 - [MESSAGE][PASSED] - Object: 'Object Repository/MERCHANT/SpaceTime/Listing Page/button_Add listings' is clicked on

2019-06-11 14:48:46 - [TEST_STEP][PASSED] - comment: Basic Details

2019-06-11 14:48:46 - [TEST_STEP][PASSED] - waitForElementVisible: Object 'Object Repository/MERCHANT/SpaceTime/Service Creation/Basic Details/textbox_search cat' is visible

2019-06-11 14:48:46 - [MESSAGE][WARNING] - Timeout '0' is invalid. Using default page load timeout: '30'

2019-06-11 14:48:46 - [MESSAGE][PASSED] - Object 'Object Repository/MERCHANT/SpaceTime/Service Creation/Basic Details/textbox_search cat' is visible

2019-06-11 14:48:46 - [TEST_STEP][PASSED] - setText: Text 'Category 19' is set on object 'Object Repository/MERCHANT/SpaceTime/Service Creation/Basic Details/textbox_search cat'

2019-06-11 14:48:47 - [MESSAGE][PASSED] - Text 'Category 19' is set on object 'Object Repository/MERCHANT/SpaceTime/Service Creation/Basic Details/textbox_search cat'

2019-06-11 14:48:47 - [TEST_STEP][PASSED] - comment: Select Category

2019-06-11 14:48:47 - [TEST_STEP][PASSED] - Statement - If (varCategory == "Category 19"): Object: 'Object Repository/MERCHANT/SpaceTime/Service Creation/Category List/checkbox_cat19' is clicked on

2019-06-11 14:48:47 - [TEST_STEP][PASSED] - click: Object: 'Object Repository/MERCHANT/SpaceTime/Service Creation/Category List/checkbox_cat19' is clicked on

2019-06-11 14:48:47 - [MESSAGE][PASSED] - Object: 'Object Repository/MERCHANT/SpaceTime/Service Creation/Category List/checkbox_cat19' is clicked on

2019-06-11 14:48:47 - [TEST_STEP][PASSED] - setText: Text 'Service per hour 24/7' is set on object 'Object Repository/MERCHANT/SpaceTime/Service Creation/Basic Details/textbox_service name'

2019-06-11 14:48:48 - [MESSAGE][PASSED] - Text 'Service per hour 24/7' is set on object 'Object Repository/MERCHANT/SpaceTime/Service Creation/Basic Details/textbox_service name'

2019-06-11 14:48:48 - [TEST_STEP][PASSED] - setText: Text 'Lorem ipsum dolor sit amet, consectetur adipiscing elit, sed do eiusmod tempor incididunt ut labore et dolore magna aliqua. Ut enim ad minim veniam, quis nostrud exercitation ullamco laboris nisi ut aliquip ex ea commodo consequat. Duis aute irure dolor in reprehenderit in voluptate velit esse cillum dolore eu fugiat nulla pariatur. Excepteur sint occaecat cupidatat non proident, sunt in culpa qui officia deserunt mollit anim id est laborum.' is set on object 'Object Repository/MERCHANT/SpaceTime/Service Creation/Basic Details/textbox_description'

2019-06-11 14:48:49 - [MESSAGE][PASSED] - Text 'Lorem ipsum dolor sit amet, consectetur adipiscing elit, sed do eiusmod tempor incididunt ut labore et dolore magna aliqua. Ut enim ad minim veniam, quis nostrud exercitation ullamco laboris nisi ut aliquip ex ea commodo consequat. Duis aute irure dolor in reprehenderit in voluptate velit esse cillum dolore eu fugiat nulla pariatur. Excepteur sint occaecat cupidatat non proident, sunt in culpa qui officia deserunt mollit anim id est laborum.' is set on object 'Object Repository/MERCHANT/SpaceTime/Service Creation/Basic Details/textbox_description'

2019-06-11 14:48:49 - [TEST_STEP][PASSED] - selectOptionByLabel: All options with label 'Day 31' are selected in object 'Object Repository/MERCHANT/SpaceTime/Service Creation/Basic Details/dropdown_booking type' 

2019-06-11 14:48:49 - [MESSAGE][PASSED] - All options with label 'Day 31' are selected in object 'Object Repository/MERCHANT/SpaceTime/Service Creation/Basic Details/dropdown_booking type' 

2019-06-11 14:48:49 - [TEST_STEP][PASSED] - comment: Service Duration

2019-06-11 14:48:49 - [TEST_STEP][PASSED] - Statement - If (varServiceDuration == "hour"): null

2019-06-11 14:48:49 - [TEST_STEP][FAILED] - Statement - Else If (varServiceDuration == "day"): Unable to click on image (Root cause: java.lang.IllegalArgumentException: This object don't have IMAGE_FILE property, please add it)

2019-06-11 14:48:49 - [TEST_STEP][PASSED] - waitForElementVisible: Object 'Object Repository/MERCHANT/SpaceTime/Service Creation/Basic Details/Default Duration/label_ day' is visible

2019-06-11 14:48:49 - [MESSAGE][WARNING] - Timeout '0' is invalid. Using default page load timeout: '30'

2019-06-11 14:48:49 - [MESSAGE][PASSED] - Object 'Object Repository/MERCHANT/SpaceTime/Service Creation/Basic Details/Default Duration/label_ day' is visible

2019-06-11 14:48:49 - [TEST_STEP][FAILED] - clickImage: Unable to click on image (Root cause: java.lang.IllegalArgumentException: This object don't have IMAGE_FILE property, please add it)

2019-06-11 14:48:50 - [MESSAGE][FAILED] - Unable to click on image (Root cause: java.lang.IllegalArgumentException: This object don't have IMAGE_FILE property, please add it)
[[ATTACHMENT|C:\\Users\\Arcadier\\git\\Arctick\\Reports\\Suites\\Merchant Add Service\\20190611_144839\\1560235729737.png]]

2019-06-11 14:48:50 - [TEST_STEP][PASSED] - setText: Text '20' is set on object 'Object Repository/MERCHANT/SpaceTime/Service Creation/Basic Details/textbox_price'

2019-06-11 14:48:50 - [MESSAGE][PASSED] - Text '20' is set on object 'Object Repository/MERCHANT/SpaceTime/Service Creation/Basic Details/textbox_price'

2019-06-11 14:48:50 - [TEST_STEP][PASSED] - Statement - If (varUnlimitedBookings == "yes"): null

2019-06-11 14:48:50 - [TEST_STEP][PASSED] - Statement - Else If (varUnlimitedBookings == "no"): Object 'Object Repository/MERCHANT/SpaceTime/Service Creation/Basic Details/Toggle/span_onoffswitch-switch' is present

2019-06-11 14:48:50 - [TEST_STEP][PASSED] - verifyElementPresent: Object 'Object Repository/MERCHANT/SpaceTime/Service Creation/Basic Details/Toggle/span_onoffswitch-switch' is present

2019-06-11 14:48:50 - [MESSAGE][WARNING] - Timeout '0' is invalid. Using default page load timeout: '30'

2019-06-11 14:48:50 - [MESSAGE][PASSED] - Object 'Object Repository/MERCHANT/SpaceTime/Service Creation/Basic Details/Toggle/span_onoffswitch-switch' is present

2019-06-11 14:48:50 - [TEST_STEP][PASSED] - setText: Text '2' is set on object 'Object Repository/MERCHANT/SpaceTime/Service Creation/Basic Details/textbox_max bookings'

2019-06-11 14:48:50 - [MESSAGE][PASSED] - Text '2' is set on object 'Object Repository/MERCHANT/SpaceTime/Service Creation/Basic Details/textbox_max bookings'

2019-06-11 14:48:50 - [TEST_STEP][PASSED] - Statement - If (varServiceType == "negotiation"): null

2019-06-11 14:48:50 - [TEST_STEP][PASSED] - Statement - Else If (varServiceType == "both"): Object: 'Object Repository/MERCHANT/SpaceTime/Service Creation/Basic Details/button_ Negotiation' is clicked on

2019-06-11 14:48:50 - [TEST_STEP][PASSED] - click: Object: 'Object Repository/MERCHANT/SpaceTime/Service Creation/Basic Details/button_ Negotiation' is clicked on

2019-06-11 14:48:50 - [MESSAGE][PASSED] - Object: 'Object Repository/MERCHANT/SpaceTime/Service Creation/Basic Details/button_ Negotiation' is clicked on

2019-06-11 14:48:50 - [TEST_STEP][PASSED] - click: Object: 'Object Repository/MERCHANT/SpaceTime/Service Creation/Basic Details/button_Next basic details' is clicked on

2019-06-11 14:48:50 - [MESSAGE][PASSED] - Object: 'Object Repository/MERCHANT/SpaceTime/Service Creation/Basic Details/button_Next basic details' is clicked on

2019-06-11 14:48:50 - [TEST_STEP][PASSED] - comment: Schedule

2019-06-11 14:48:50 - [TEST_STEP][PASSED] - waitForElementVisible: Object 'Object Repository/MERCHANT/SpaceTime/Service Creation/Schedule/247 toggle/span_onoffswitch-switch' is visible

2019-06-11 14:48:50 - [MESSAGE][WARNING] - Timeout '0' is invalid. Using default page load timeout: '30'

2019-06-11 14:48:51 - [MESSAGE][PASSED] - Object 'Object Repository/MERCHANT/SpaceTime/Service Creation/Schedule/247 toggle/span_onoffswitch-switch' is visible

2019-06-11 14:48:51 - [TEST_STEP][PASSED] - Statement - If (varOperation == "24/7"): Object 'Object Repository/MERCHANT/SpaceTime/Service Creation/Schedule/247 toggle/span_onoffswitch-switch' is present

2019-06-11 14:48:51 - [TEST_STEP][PASSED] - verifyElementPresent: Object 'Object Repository/MERCHANT/SpaceTime/Service Creation/Schedule/247 toggle/span_onoffswitch-switch' is present

2019-06-11 14:48:51 - [MESSAGE][WARNING] - Timeout '0' is invalid. Using default page load timeout: '30'

2019-06-11 14:48:51 - [MESSAGE][PASSED] - Object 'Object Repository/MERCHANT/SpaceTime/Service Creation/Schedule/247 toggle/span_onoffswitch-switch' is present

2019-06-11 14:48:51 - [TEST_STEP][PASSED] - click: Object: 'Object Repository/MERCHANT/SpaceTime/Service Creation/Schedule/247 toggle/span_onoffswitch-switch' is clicked on

2019-06-11 14:48:51 - [MESSAGE][PASSED] - Object: 'Object Repository/MERCHANT/SpaceTime/Service Creation/Schedule/247 toggle/span_onoffswitch-switch' is clicked on

2019-06-11 14:48:51 - [TEST_STEP][PASSED] - click: Object: 'Object Repository/MERCHANT/SpaceTime/Service Creation/Schedule/button_Next schedule' is clicked on

2019-06-11 14:48:51 - [MESSAGE][PASSED] - Object: 'Object Repository/MERCHANT/SpaceTime/Service Creation/Schedule/button_Next schedule' is clicked on

2019-06-11 14:48:51 - [TEST_STEP][PASSED] - comment: Image

2019-06-11 14:48:51 - [TEST_STEP][PASSED] - waitForElementVisible: Object 'Object Repository/MERCHANT/SpaceTime/Service Creation/Images/button_Browse' is visible

2019-06-11 14:48:51 - [MESSAGE][WARNING] - Timeout '0' is invalid. Using default page load timeout: '30'

2019-06-11 14:48:51 - [MESSAGE][PASSED] - Object 'Object Repository/MERCHANT/SpaceTime/Service Creation/Images/button_Browse' is visible

2019-06-11 14:48:51 - [TEST_STEP][PASSED] - click: Object: 'Object Repository/MERCHANT/SpaceTime/Service Creation/Images/button_Browse' is clicked on

2019-06-11 14:48:52 - [MESSAGE][PASSED] - Object: 'Object Repository/MERCHANT/SpaceTime/Service Creation/Images/button_Browse' is clicked on

2019-06-11 14:48:52 - [TEST_STEP][PASSED] - delay: Delayed 1 second(s)

2019-06-11 14:48:53 - [MESSAGE][PASSED] - Delayed 1 second(s)

2019-06-11 14:48:53 - [TEST_STEP][PASSED] - uploadFile: File 'C:\\Katalon\\Image\\pic1.jpg' sent to object: 'Object Repository/MERCHANT/SpaceTime/Service Creation/Images/browse_img/img_upload container'

2019-06-11 14:48:53 - [MESSAGE][PASSED] - File 'C:\\Katalon\\Image\\pic1.jpg' sent to object: 'Object Repository/MERCHANT/SpaceTime/Service Creation/Images/browse_img/img_upload container'

2019-06-11 14:48:53 - [TEST_STEP][PASSED] - click: Object: 'Object Repository/MERCHANT/SpaceTime/Service Creation/Images/browse_img/button_ok' is clicked on

2019-06-11 14:48:53 - [MESSAGE][PASSED] - Object: 'Object Repository/MERCHANT/SpaceTime/Service Creation/Images/browse_img/button_ok' is clicked on

2019-06-11 14:48:53 - [TEST_STEP][PASSED] - delay: Delayed 1 second(s)

2019-06-11 14:48:54 - [MESSAGE][PASSED] - Delayed 1 second(s)

2019-06-11 14:48:54 - [TEST_STEP][PASSED] - scrollToElement: Scroll to object 'Object Repository/MERCHANT/SpaceTime/Service Creation/Images/button_Next images' successfully

2019-06-11 14:48:54 - [MESSAGE][WARNING] - Timeout '0' is invalid. Using default page load timeout: '30'

2019-06-11 14:48:54 - [MESSAGE][PASSED] - Scroll to object 'Object Repository/MERCHANT/SpaceTime/Service Creation/Images/button_Next images' successfully

2019-06-11 14:48:54 - [TEST_STEP][PASSED] - click: Object: 'Object Repository/MERCHANT/SpaceTime/Service Creation/Images/button_Next images' is clicked on

2019-06-11 14:48:54 - [MESSAGE][PASSED] - Object: 'Object Repository/MERCHANT/SpaceTime/Service Creation/Images/button_Next images' is clicked on

2019-06-11 14:48:54 - [TEST_STEP][PASSED] - comment: Add Ons

2019-06-11 14:48:54 - [TEST_STEP][PASSED] - waitForElementVisible: Object 'Object Repository/MERCHANT/SpaceTime/Service Creation/Add Ons/textbox_add on name' is visible

2019-06-11 14:48:54 - [MESSAGE][WARNING] - Timeout '0' is invalid. Using default page load timeout: '30'

2019-06-11 14:48:54 - [MESSAGE][PASSED] - Object 'Object Repository/MERCHANT/SpaceTime/Service Creation/Add Ons/textbox_add on name' is visible

2019-06-11 14:48:54 - [TEST_STEP][PASSED] - setText: Text 'Extra Service' is set on object 'Object Repository/MERCHANT/SpaceTime/Service Creation/Add Ons/textbox_add on name'

2019-06-11 14:48:55 - [MESSAGE][PASSED] - Text 'Extra Service' is set on object 'Object Repository/MERCHANT/SpaceTime/Service Creation/Add Ons/textbox_add on name'

2019-06-11 14:48:55 - [TEST_STEP][PASSED] - setText: Text '20' is set on object 'Object Repository/MERCHANT/SpaceTime/Service Creation/Add Ons/textbox_surcharge'

2019-06-11 14:48:55 - [MESSAGE][PASSED] - Text '20' is set on object 'Object Repository/MERCHANT/SpaceTime/Service Creation/Add Ons/textbox_surcharge'

2019-06-11 14:48:55 - [TEST_STEP][PASSED] - click: Object: 'Object Repository/MERCHANT/SpaceTime/Service Creation/Add Ons/button_Add' is clicked on

2019-06-11 14:48:55 - [MESSAGE][PASSED] - Object: 'Object Repository/MERCHANT/SpaceTime/Service Creation/Add Ons/button_Add' is clicked on

2019-06-11 14:48:55 - [TEST_STEP][PASSED] - click: Object: 'Object Repository/MERCHANT/SpaceTime/Service Creation/Add Ons/button_Next add ons' is clicked on

2019-06-11 14:48:55 - [MESSAGE][PASSED] - Object: 'Object Repository/MERCHANT/SpaceTime/Service Creation/Add Ons/button_Next add ons' is clicked on

2019-06-11 14:48:55 - [TEST_STEP][PASSED] - comment: Location

2019-06-11 14:48:55 - [TEST_STEP][FAILED] - waitForElementVisible: Unable to wait for object 'Object Repository/MERCHANT/SpaceTime/Service Creation/Location/textbox_address' to be visible (Root cause: org.openqa.selenium.StaleElementReferenceException: stale element reference: element is not attached to the page document
  (Session info: chrome=74.0.3729.169)
  (Driver info: chromedriver=2.35.528161 (5b82f2d2aae0ca24b877009200ced9065a772e73),platform=Windows NT 6.1.7601 SP1 x86_64) (WARNING: The server did not provide any stacktrace information)
Command duration or timeout: 0 milliseconds
For documentation on this error, please visit: http://seleniumhq.org/exceptions/stale_element_reference.html
Build info: version: '3.7.1', revision: '8a0099a', time: '2017-11-06T21:07:36.161Z'
System info: host: 'ARCADIER-PC', ip: '10.10.31.95', os.name: 'Windows 7', os.arch: 'amd64', os.version: '6.1', java.version: '1.8.0_102'
Driver info: com.kms.katalon.core.webui.driver.ExistingRemoteWebDriver
Capabilities {javascriptEnabled: true, platform: ANY, platformName: ANY}
Session ID: 98dfee7f91ea92c8ea5c553e75c4036b)

2019-06-11 14:48:55 - [MESSAGE][WARNING] - Timeout '0' is invalid. Using default page load timeout: '30'

2019-06-11 14:48:59 - [MESSAGE][FAILED] - Unable to wait for object 'Object Repository/MERCHANT/SpaceTime/Service Creation/Location/textbox_address' to be visible (Root cause: org.openqa.selenium.StaleElementReferenceException: stale element reference: element is not attached to the page document
  (Session info: chrome=74.0.3729.169)
  (Driver info: chromedriver=2.35.528161 (5b82f2d2aae0ca24b877009200ced9065a772e73),platform=Windows NT 6.1.7601 SP1 x86_64) (WARNING: The server did not provide any stacktrace information)
Command duration or timeout: 0 milliseconds
For documentation on this error, please visit: http://seleniumhq.org/exceptions/stale_element_reference.html
Build info: version: '3.7.1', revision: '8a0099a', time: '2017-11-06T21:07:36.161Z'
System info: host: 'ARCADIER-PC', ip: '10.10.31.95', os.name: 'Windows 7', os.arch: 'amd64', os.version: '6.1', java.version: '1.8.0_102'
Driver info: com.kms.katalon.core.webui.driver.ExistingRemoteWebDriver
Capabilities {javascriptEnabled: true, platform: ANY, platformName: ANY}
Session ID: 98dfee7f91ea92c8ea5c553e75c4036b)
[[ATTACHMENT|C:\\Users\\Arcadier\\git\\Arctick\\Reports\\Suites\\Merchant Add Service\\20190611_144839\\1560235739336.png]]

2019-06-11 14:48:59 - [TEST_STEP][FAILED] - setText: Unable to set text 'Strada Statale 130, Dorzano, Biella, Italy, 13881' of object 'Object Repository/MERCHANT/SpaceTime/Service Creation/Location/textbox_address' (Root cause: org.openqa.selenium.InvalidElementStateException: invalid element state: Element is not currently interactable and may not be manipulated
  (Session info: chrome=74.0.3729.169)
  (Driver info: chromedriver=2.35.528161 (5b82f2d2aae0ca24b877009200ced9065a772e73),platform=Windows NT 6.1.7601 SP1 x86_64) (WARNING: The server did not provide any stacktrace information)
Command duration or timeout: 0 milliseconds
Build info: version: '3.7.1', revision: '8a0099a', time: '2017-11-06T21:07:36.161Z'
System info: host: 'ARCADIER-PC', ip: '10.10.31.95', os.name: 'Windows 7', os.arch: 'amd64', os.version: '6.1', java.version: '1.8.0_102'
Driver info: com.kms.katalon.core.webui.driver.ExistingRemoteWebDriver
Capabilities {javascriptEnabled: true, platform: ANY, platformName: ANY}
Session ID: 98dfee7f91ea92c8ea5c553e75c4036b)

2019-06-11 14:49:00 - [MESSAGE][FAILED] - Unable to set text 'Strada Statale 130, Dorzano, Biella, Italy, 13881' of object 'Object Repository/MERCHANT/SpaceTime/Service Creation/Location/textbox_address' (Root cause: org.openqa.selenium.InvalidElementStateException: invalid element state: Element is not currently interactable and may not be manipulated
  (Session info: chrome=74.0.3729.169)
  (Driver info: chromedriver=2.35.528161 (5b82f2d2aae0ca24b877009200ced9065a772e73),platform=Windows NT 6.1.7601 SP1 x86_64) (WARNING: The server did not provide any stacktrace information)
Command duration or timeout: 0 milliseconds
Build info: version: '3.7.1', revision: '8a0099a', time: '2017-11-06T21:07:36.161Z'
System info: host: 'ARCADIER-PC', ip: '10.10.31.95', os.name: 'Windows 7', os.arch: 'amd64', os.version: '6.1', java.version: '1.8.0_102'
Driver info: com.kms.katalon.core.webui.driver.ExistingRemoteWebDriver
Capabilities {javascriptEnabled: true, platform: ANY, platformName: ANY}
Session ID: 98dfee7f91ea92c8ea5c553e75c4036b)
[[ATTACHMENT|C:\\Users\\Arcadier\\git\\Arctick\\Reports\\Suites\\Merchant Add Service\\20190611_144839\\1560235739729.png]]

2019-06-11 14:49:00 - [TEST_STEP][FAILED] - selectOptionByLabel: Unable to select option by label 'Italy' of object 'Object Repository/MERCHANT/SpaceTime/Service Creation/Location/dropdown_(SELECT COUNTRY)'  (Root cause: org.openqa.selenium.ElementNotVisibleException: element not visible: Element is not currently visible and may not be manipulated
  (Session info: chrome=74.0.3729.169)
  (Driver info: chromedriver=2.35.528161 (5b82f2d2aae0ca24b877009200ced9065a772e73),platform=Windows NT 6.1.7601 SP1 x86_64) (WARNING: The server did not provide any stacktrace information)
Command duration or timeout: 0 milliseconds
Build info: version: '3.7.1', revision: '8a0099a', time: '2017-11-06T21:07:36.161Z'
System info: host: 'ARCADIER-PC', ip: '10.10.31.95', os.name: 'Windows 7', os.arch: 'amd64', os.version: '6.1', java.version: '1.8.0_102'
Driver info: com.kms.katalon.core.webui.driver.ExistingRemoteWebDriver
Capabilities {javascriptEnabled: true, platform: ANY, platformName: ANY}
Session ID: 98dfee7f91ea92c8ea5c553e75c4036b)

2019-06-11 14:49:00 - [MESSAGE][FAILED] - Unable to select option by label 'Italy' of object 'Object Repository/MERCHANT/SpaceTime/Service Creation/Location/dropdown_(SELECT COUNTRY)'  (Root cause: org.openqa.selenium.ElementNotVisibleException: element not visible: Element is not currently visible and may not be manipulated
  (Session info: chrome=74.0.3729.169)
  (Driver info: chromedriver=2.35.528161 (5b82f2d2aae0ca24b877009200ced9065a772e73),platform=Windows NT 6.1.7601 SP1 x86_64) (WARNING: The server did not provide any stacktrace information)
Command duration or timeout: 0 milliseconds
Build info: version: '3.7.1', revision: '8a0099a', time: '2017-11-06T21:07:36.161Z'
System info: host: 'ARCADIER-PC', ip: '10.10.31.95', os.name: 'Windows 7', os.arch: 'amd64', os.version: '6.1', java.version: '1.8.0_102'
Driver info: com.kms.katalon.core.webui.driver.ExistingRemoteWebDriver
Capabilities {javascriptEnabled: true, platform: ANY, platformName: ANY}
Session ID: 98dfee7f91ea92c8ea5c553e75c4036b)
[[ATTACHMENT|C:\\Users\\Arcadier\\git\\Arctick\\Reports\\Suites\\Merchant Add Service\\20190611_144839\\1560235740251.png]]

2019-06-11 14:49:00 - [TEST_STEP][FAILED] - setText: Unable to set text 'Biella' of object 'Object Repository/MERCHANT/SpaceTime/Service Creation/Location/textbox_state' (Root cause: org.openqa.selenium.InvalidElementStateException: invalid element state: Element is not currently interactable and may not be manipulated
  (Session info: chrome=74.0.3729.169)
  (Driver info: chromedriver=2.35.528161 (5b82f2d2aae0ca24b877009200ced9065a772e73),platform=Windows NT 6.1.7601 SP1 x86_64) (WARNING: The server did not provide any stacktrace information)
Command duration or timeout: 0 milliseconds
Build info: version: '3.7.1', revision: '8a0099a', time: '2017-11-06T21:07:36.161Z'
System info: host: 'ARCADIER-PC', ip: '10.10.31.95', os.name: 'Windows 7', os.arch: 'amd64', os.version: '6.1', java.version: '1.8.0_102'
Driver info: com.kms.katalon.core.webui.driver.ExistingRemoteWebDriver
Capabilities {javascriptEnabled: true, platform: ANY, platformName: ANY}
Session ID: 98dfee7f91ea92c8ea5c553e75c4036b)

2019-06-11 14:49:00 - [MESSAGE][FAILED] - Unable to set text 'Biella' of object 'Object Repository/MERCHANT/SpaceTime/Service Creation/Location/textbox_state' (Root cause: org.openqa.selenium.InvalidElementStateException: invalid element state: Element is not currently interactable and may not be manipulated
  (Session info: chrome=74.0.3729.169)
  (Driver info: chromedriver=2.35.528161 (5b82f2d2aae0ca24b877009200ced9065a772e73),platform=Windows NT 6.1.7601 SP1 x86_64) (WARNING: The server did not provide any stacktrace information)
Command duration or timeout: 0 milliseconds
Build info: version: '3.7.1', revision: '8a0099a', time: '2017-11-06T21:07:36.161Z'
System info: host: 'ARCADIER-PC', ip: '10.10.31.95', os.name: 'Windows 7', os.arch: 'amd64', os.version: '6.1', java.version: '1.8.0_102'
Driver info: com.kms.katalon.core.webui.driver.ExistingRemoteWebDriver
Capabilities {javascriptEnabled: true, platform: ANY, platformName: ANY}
Session ID: 98dfee7f91ea92c8ea5c553e75c4036b)
[[ATTACHMENT|C:\\Users\\Arcadier\\git\\Arctick\\Reports\\Suites\\Merchant Add Service\\20190611_144839\\1560235740623.png]]

2019-06-11 14:49:00 - [TEST_STEP][FAILED] - setText: Unable to set text 'Dorzano' of object 'Object Repository/MERCHANT/SpaceTime/Service Creation/Location/textbox_city' (Root cause: org.openqa.selenium.InvalidElementStateException: invalid element state: Element is not currently interactable and may not be manipulated
  (Session info: chrome=74.0.3729.169)
  (Driver info: chromedriver=2.35.528161 (5b82f2d2aae0ca24b877009200ced9065a772e73),platform=Windows NT 6.1.7601 SP1 x86_64) (WARNING: The server did not provide any stacktrace information)
Command duration or timeout: 0 milliseconds
Build info: version: '3.7.1', revision: '8a0099a', time: '2017-11-06T21:07:36.161Z'
System info: host: 'ARCADIER-PC', ip: '10.10.31.95', os.name: 'Windows 7', os.arch: 'amd64', os.version: '6.1', java.version: '1.8.0_102'
Driver info: com.kms.katalon.core.webui.driver.ExistingRemoteWebDriver
Capabilities {javascriptEnabled: true, platform: ANY, platformName: ANY}
Session ID: 98dfee7f91ea92c8ea5c553e75c4036b)

2019-06-11 14:49:01 - [MESSAGE][FAILED] - Unable to set text 'Dorzano' of object 'Object Repository/MERCHANT/SpaceTime/Service Creation/Location/textbox_city' (Root cause: org.openqa.selenium.InvalidElementStateException: invalid element state: Element is not currently interactable and may not be manipulated
  (Session info: chrome=74.0.3729.169)
  (Driver info: chromedriver=2.35.528161 (5b82f2d2aae0ca24b877009200ced9065a772e73),platform=Windows NT 6.1.7601 SP1 x86_64) (WARNING: The server did not provide any stacktrace information)
Command duration or timeout: 0 milliseconds
Build info: version: '3.7.1', revision: '8a0099a', time: '2017-11-06T21:07:36.161Z'
System info: host: 'ARCADIER-PC', ip: '10.10.31.95', os.name: 'Windows 7', os.arch: 'amd64', os.version: '6.1', java.version: '1.8.0_102'
Driver info: com.kms.katalon.core.webui.driver.ExistingRemoteWebDriver
Capabilities {javascriptEnabled: true, platform: ANY, platformName: ANY}
Session ID: 98dfee7f91ea92c8ea5c553e75c4036b)
[[ATTACHMENT|C:\\Users\\Arcadier\\git\\Arctick\\Reports\\Suites\\Merchant Add Service\\20190611_144839\\1560235741000.png]]

2019-06-11 14:49:01 - [TEST_STEP][FAILED] - setText: Unable to set text '13881' of object 'Object Repository/MERCHANT/SpaceTime/Service Creation/Location/textbox_postalcode' (Root cause: org.openqa.selenium.InvalidElementStateException: invalid element state: Element is not currently interactable and may not be manipulated
  (Session info: chrome=74.0.3729.169)
  (Driver info: chromedriver=2.35.528161 (5b82f2d2aae0ca24b877009200ced9065a772e73),platform=Windows NT 6.1.7601 SP1 x86_64) (WARNING: The server did not provide any stacktrace information)
Command duration or timeout: 0 milliseconds
Build info: version: '3.7.1', revision: '8a0099a', time: '2017-11-06T21:07:36.161Z'
System info: host: 'ARCADIER-PC', ip: '10.10.31.95', os.name: 'Windows 7', os.arch: 'amd64', os.version: '6.1', java.version: '1.8.0_102'
Driver info: com.kms.katalon.core.webui.driver.ExistingRemoteWebDriver
Capabilities {javascriptEnabled: true, platform: ANY, platformName: ANY}
Session ID: 98dfee7f91ea92c8ea5c553e75c4036b)

2019-06-11 14:49:01 - [MESSAGE][FAILED] - Unable to set text '13881' of object 'Object Repository/MERCHANT/SpaceTime/Service Creation/Location/textbox_postalcode' (Root cause: org.openqa.selenium.InvalidElementStateException: invalid element state: Element is not currently interactable and may not be manipulated
  (Session info: chrome=74.0.3729.169)
  (Driver info: chromedriver=2.35.528161 (5b82f2d2aae0ca24b877009200ced9065a772e73),platform=Windows NT 6.1.7601 SP1 x86_64) (WARNING: The server did not provide any stacktrace information)
Command duration or timeout: 0 milliseconds
Build info: version: '3.7.1', revision: '8a0099a', time: '2017-11-06T21:07:36.161Z'
System info: host: 'ARCADIER-PC', ip: '10.10.31.95', os.name: 'Windows 7', os.arch: 'amd64', os.version: '6.1', java.version: '1.8.0_102'
Driver info: com.kms.katalon.core.webui.driver.ExistingRemoteWebDriver
Capabilities {javascriptEnabled: true, platform: ANY, platformName: ANY}
Session ID: 98dfee7f91ea92c8ea5c553e75c4036b)
[[ATTACHMENT|C:\\Users\\Arcadier\\git\\Arctick\\Reports\\Suites\\Merchant Add Service\\20190611_144839\\1560235741356.png]]

2019-06-11 14:49:01 - [TEST_STEP][FAILED] - click: Unable to click on object 'Object Repository/MERCHANT/SpaceTime/Service Creation/Location/button_Upload now' (Root cause: org.openqa.selenium.ElementNotVisibleException: element not visible
  (Session info: chrome=74.0.3729.169)
  (Driver info: chromedriver=2.35.528161 (5b82f2d2aae0ca24b877009200ced9065a772e73),platform=Windows NT 6.1.7601 SP1 x86_64) (WARNING: The server did not provide any stacktrace information)
Command duration or timeout: 0 milliseconds
Build info: version: '3.7.1', revision: '8a0099a', time: '2017-11-06T21:07:36.161Z'
System info: host: 'ARCADIER-PC', ip: '10.10.31.95', os.name: 'Windows 7', os.arch: 'amd64', os.version: '6.1', java.version: '1.8.0_102'
Driver info: com.kms.katalon.core.webui.driver.ExistingRemoteWebDriver
Capabilities {javascriptEnabled: true, platform: ANY, platformName: ANY}
Session ID: 98dfee7f91ea92c8ea5c553e75c4036b)

2019-06-11 14:49:02 - [MESSAGE][FAILED] - Unable to click on object 'Object Repository/MERCHANT/SpaceTime/Service Creation/Location/button_Upload now' (Root cause: org.openqa.selenium.ElementNotVisibleException: element not visible
  (Session info: chrome=74.0.3729.169)
  (Driver info: chromedriver=2.35.528161 (5b82f2d2aae0ca24b877009200ced9065a772e73),platform=Windows NT 6.1.7601 SP1 x86_64) (WARNING: The server did not provide any stacktrace information)
Command duration or timeout: 0 milliseconds
Build info: version: '3.7.1', revision: '8a0099a', time: '2017-11-06T21:07:36.161Z'
System info: host: 'ARCADIER-PC', ip: '10.10.31.95', os.name: 'Windows 7', os.arch: 'amd64', os.version: '6.1', java.version: '1.8.0_102'
Driver info: com.kms.katalon.core.webui.driver.ExistingRemoteWebDriver
Capabilities {javascriptEnabled: true, platform: ANY, platformName: ANY}
Session ID: 98dfee7f91ea92c8ea5c553e75c4036b)
[[ATTACHMENT|C:\\Users\\Arcadier\\git\\Arctick\\Reports\\Suites\\Merchant Add Service\\20190611_144839\\1560235741732.png]]

2019-06-11 14:49:02 - [TEST_STEP][PASSED] - comment: END]]></system-out>
         <system-err><![CDATA[2019-06-11 14:48:42 - [TEST_CASE][FAILED] - Test Cases/MERCHANT/SPACETIME/Service Creation/Add Service: Test Cases/MERCHANT/SPACETIME/Service Creation/Add Service FAILED because (of) Unable to click on image (Root cause: java.lang.IllegalArgumentException: This object don't have IMAGE_FILE property, please add it)]]></system-err>
      </testcase>
      <system-out><![CDATA[2019-06-11 14:48:41 - [TEST_SUITE][FAILED] - Merchant Add Service: Test Cases/MERCHANT/SPACETIME/Service Creation/Add Service FAILED because (of) Unable to click on image (Root cause: java.lang.IllegalArgumentException: This object don't have IMAGE_FILE property, please add it)]]></system-out>
      <system-err><![CDATA[2019-06-11 14:48:41 - [TEST_SUITE][FAILED] - Merchant Add Service: Test Cases/MERCHANT/SPACETIME/Service Creation/Add Service FAILED because (of) Unable to click on image (Root cause: java.lang.IllegalArgumentException: This object don't have IMAGE_FILE property, please add it)]]></system-err>
   </testsuite>
</testsuites>
